{"D:\\Repositories\\Yoke\\Code\\frontend\\public\\images\\bg.png": {"path":"D:\\Repositories\\Yoke\\Code\\frontend\\public\\images\\bg.png","statementMap":{"0":{"start":{"line":1,"column":0},"end":{"line":4,"column":6}}},"fnMap":{},"branchMap":{},"s":{"0":1},"f":{},"b":{},"_coverageSchema":"43e27e138ebf9cfc5966b082cf9a028302ed4184","hash":"59448a9338447ef913e28ad41ce97b22757a601e"}
,"D:\\Repositories\\Yoke\\Code\\frontend\\src\\Global.js": {"path":"D:\\Repositories\\Yoke\\Code\\frontend\\src\\Global.js","statementMap":{"0":{"start":{"line":4,"column":14},"end":{"line":10,"column":2}},"1":{"start":{"line":12,"column":0},"end":{"line":12,"column":24}},"2":{"start":{"line":13,"column":0},"end":{"line":13,"column":44}}},"fnMap":{},"branchMap":{},"s":{"0":2,"1":2,"2":2},"f":{},"b":{},"_coverageSchema":"43e27e138ebf9cfc5966b082cf9a028302ed4184","hash":"87323c21a22250b0bb72540f4e5bedd1580d6daf"}
,"D:\\Repositories\\Yoke\\Code\\frontend\\src\\components\\CommentAbstract.js": {"path":"D:\\Repositories\\Yoke\\Code\\frontend\\src\\components\\CommentAbstract.js","statementMap":{"0":{"start":{"line":14,"column":12},"end":{"line":24,"column":1}},"1":{"start":{"line":15,"column":2},"end":{"line":23,"column":3}},"2":{"start":{"line":28,"column":54},"end":{"line":28,"column":64}},"3":{"start":{"line":29,"column":6},"end":{"line":37,"column":7}},"4":{"start":{"line":34,"column":14},"end":{"line":34,"column":45}},"5":{"start":{"line":42,"column":4},"end":{"line":47,"column":5}},"6":{"start":{"line":50,"column":15},"end":{"line":63,"column":2}}},"fnMap":{"0":{"name":"(anonymous_0)","decl":{"start":{"line":14,"column":12},"end":{"line":14,"column":13}},"loc":{"start":{"line":14,"column":22},"end":{"line":24,"column":1}},"line":14},"1":{"name":"(anonymous_1)","decl":{"start":{"line":27,"column":4},"end":{"line":27,"column":5}},"loc":{"start":{"line":27,"column":14},"end":{"line":38,"column":5}},"line":27},"2":{"name":"(anonymous_2)","decl":{"start":{"line":33,"column":21},"end":{"line":33,"column":22}},"loc":{"start":{"line":34,"column":14},"end":{"line":34,"column":45}},"line":34},"3":{"name":"(anonymous_3)","decl":{"start":{"line":41,"column":2},"end":{"line":41,"column":3}},"loc":{"start":{"line":41,"column":11},"end":{"line":48,"column":3}},"line":41}},"branchMap":{"0":{"loc":{"start":{"line":28,"column":13},"end":{"line":28,"column":50}},"type":"default-arg","locations":[{"start":{"line":28,"column":20},"end":{"line":28,"column":50}}],"line":28}},"s":{"0":2,"1":4,"2":1,"3":1,"4":4,"5":1,"6":2},"f":{"0":4,"1":1,"2":4,"3":1},"b":{"0":[1]},"_coverageSchema":"43e27e138ebf9cfc5966b082cf9a028302ed4184","hash":"06d4a7606c17158aedb4e06f3ad5ca7262bedfd6"}
,"D:\\Repositories\\Yoke\\Code\\frontend\\src\\components\\CommentItem.js": {"path":"D:\\Repositories\\Yoke\\Code\\frontend\\src\\components\\CommentItem.js","statementMap":{"0":{"start":{"line":15,"column":4},"end":{"line":21,"column":5}}},"fnMap":{"0":{"name":"(anonymous_0)","decl":{"start":{"line":14,"column":2},"end":{"line":14,"column":3}},"loc":{"start":{"line":14,"column":10},"end":{"line":22,"column":3}},"line":14}},"branchMap":{},"s":{"0":1},"f":{"0":1},"b":{},"_coverageSchema":"43e27e138ebf9cfc5966b082cf9a028302ed4184","hash":"64fb219ce84370a525267a1746e870bb62263319"}
,"D:\\Repositories\\Yoke\\Code\\frontend\\src\\components\\CourseDetail.js": {"path":"D:\\Repositories\\Yoke\\Code\\frontend\\src\\components\\CourseDetail.js","statementMap":{"0":{"start":{"line":7,"column":18},"end":{"line":21,"column":1}},"1":{"start":{"line":8,"column":24},"end":{"line":8,"column":29}},"2":{"start":{"line":9,"column":24},"end":{"line":9,"column":65}},"3":{"start":{"line":11,"column":2},"end":{"line":20,"column":4}},"4":{"start":{"line":22,"column":22},"end":{"line":46,"column":1}},"5":{"start":{"line":27,"column":6},"end":{"line":27,"column":11}},"6":{"start":{"line":29,"column":2},"end":{"line":45,"column":4}},"7":{"start":{"line":39,"column":12},"end":{"line":39,"column":62}},"8":{"start":{"line":41,"column":38},"end":{"line":41,"column":43}},"9":{"start":{"line":49,"column":10},"end":{"line":51,"column":3}},"10":{"start":{"line":52,"column":22},"end":{"line":57,"column":3}},"11":{"start":{"line":53,"column":4},"end":{"line":53,"column":23}},"12":{"start":{"line":54,"column":4},"end":{"line":56,"column":6}},"13":{"start":{"line":58,"column":23},"end":{"line":62,"column":3}},"14":{"start":{"line":59,"column":4},"end":{"line":61,"column":6}},"15":{"start":{"line":64,"column":21},"end":{"line":64,"column":31}},"16":{"start":{"line":65,"column":19},"end":{"line":65,"column":21}},"17":{"start":{"line":66,"column":4},"end":{"line":73,"column":5}},"18":{"start":{"line":67,"column":6},"end":{"line":71,"column":9}},"19":{"start":{"line":68,"column":8},"end":{"line":70,"column":9}},"20":{"start":{"line":69,"column":10},"end":{"line":69,"column":51}},"21":{"start":{"line":72,"column":6},"end":{"line":72,"column":58}},"22":{"start":{"line":74,"column":4},"end":{"line":74,"column":23}},"23":{"start":{"line":75,"column":4},"end":{"line":120,"column":5}},"24":{"start":{"line":123,"column":15},"end":{"line":177,"column":2}}},"fnMap":{"0":{"name":"(anonymous_0)","decl":{"start":{"line":7,"column":18},"end":{"line":7,"column":19}},"loc":{"start":{"line":7,"column":28},"end":{"line":21,"column":1}},"line":7},"1":{"name":"(anonymous_1)","decl":{"start":{"line":22,"column":22},"end":{"line":22,"column":23}},"loc":{"start":{"line":22,"column":32},"end":{"line":46,"column":1}},"line":22},"2":{"name":"(anonymous_2)","decl":{"start":{"line":25,"column":22},"end":{"line":25,"column":23}},"loc":{"start":{"line":25,"column":26},"end":{"line":25,"column":28}},"line":25},"3":{"name":"(anonymous_3)","decl":{"start":{"line":38,"column":12},"end":{"line":38,"column":13}},"loc":{"start":{"line":38,"column":28},"end":{"line":39,"column":63}},"line":38},"4":{"name":"(anonymous_4)","decl":{"start":{"line":41,"column":27},"end":{"line":41,"column":28}},"loc":{"start":{"line":41,"column":38},"end":{"line":41,"column":43}},"line":41},"5":{"name":"(anonymous_5)","decl":{"start":{"line":52,"column":22},"end":{"line":52,"column":23}},"loc":{"start":{"line":52,"column":26},"end":{"line":57,"column":3}},"line":52},"6":{"name":"(anonymous_6)","decl":{"start":{"line":58,"column":23},"end":{"line":58,"column":24}},"loc":{"start":{"line":58,"column":28},"end":{"line":62,"column":3}},"line":58},"7":{"name":"(anonymous_7)","decl":{"start":{"line":63,"column":2},"end":{"line":63,"column":3}},"loc":{"start":{"line":63,"column":10},"end":{"line":121,"column":3}},"line":63},"8":{"name":"(anonymous_8)","decl":{"start":{"line":67,"column":29},"end":{"line":67,"column":30}},"loc":{"start":{"line":67,"column":42},"end":{"line":71,"column":7}},"line":67}},"branchMap":{"0":{"loc":{"start":{"line":14,"column":8},"end":{"line":14,"column":105}},"type":"binary-expr","locations":[{"start":{"line":14,"column":8},"end":{"line":14,"column":21}},{"start":{"line":14,"column":25},"end":{"line":14,"column":105}}],"line":14},"1":{"loc":{"start":{"line":24,"column":4},"end":{"line":24,"column":19}},"type":"default-arg","locations":[{"start":{"line":24,"column":14},"end":{"line":24,"column":19}}],"line":24},"2":{"loc":{"start":{"line":25,"column":4},"end":{"line":25,"column":28}},"type":"default-arg","locations":[{"start":{"line":25,"column":22},"end":{"line":25,"column":28}}],"line":25},"3":{"loc":{"start":{"line":26,"column":4},"end":{"line":26,"column":16}},"type":"default-arg","locations":[{"start":{"line":26,"column":14},"end":{"line":26,"column":16}}],"line":26},"4":{"loc":{"start":{"line":66,"column":4},"end":{"line":73,"column":5}},"type":"if","locations":[{"start":{"line":66,"column":4},"end":{"line":73,"column":5}},{"start":{"line":66,"column":4},"end":{"line":73,"column":5}}],"line":66},"5":{"loc":{"start":{"line":68,"column":8},"end":{"line":70,"column":9}},"type":"if","locations":[{"start":{"line":68,"column":8},"end":{"line":70,"column":9}},{"start":{"line":68,"column":8},"end":{"line":70,"column":9}}],"line":68},"6":{"loc":{"start":{"line":85,"column":70},"end":{"line":85,"column":119}},"type":"cond-expr","locations":[{"start":{"line":85,"column":95},"end":{"line":85,"column":96}},{"start":{"line":85,"column":98},"end":{"line":85,"column":119}}],"line":85},"7":{"loc":{"start":{"line":87,"column":14},"end":{"line":102,"column":23}},"type":"binary-expr","locations":[{"start":{"line":87,"column":14},"end":{"line":87,"column":36}},{"start":{"line":88,"column":16},"end":{"line":102,"column":23}}],"line":87}},"s":{"0":2,"1":0,"2":0,"3":0,"4":2,"5":1,"6":1,"7":0,"8":0,"9":1,"10":1,"11":0,"12":0,"13":1,"14":0,"15":1,"16":1,"17":1,"18":0,"19":0,"20":0,"21":0,"22":1,"23":1,"24":2},"f":{"0":0,"1":1,"2":0,"3":0,"4":0,"5":0,"6":0,"7":1,"8":0},"b":{"0":[0,0],"1":[0],"2":[0],"3":[1],"4":[0,1],"5":[0,0],"6":[1,0],"7":[1,0]},"_coverageSchema":"43e27e138ebf9cfc5966b082cf9a028302ed4184","hash":"82c136e4c627e58080340a409f3f4f2c2e8bb090"}
,"D:\\Repositories\\Yoke\\Code\\frontend\\src\\components\\CourseList.js": {"path":"D:\\Repositories\\Yoke\\Code\\frontend\\src\\components\\CourseList.js","statementMap":{"0":{"start":{"line":15,"column":24},"end":{"line":19,"column":1}},"1":{"start":{"line":16,"column":4},"end":{"line":18,"column":5}},"2":{"start":{"line":22,"column":14},"end":{"line":27,"column":5}},"3":{"start":{"line":23,"column":6},"end":{"line":23,"column":24}},"4":{"start":{"line":24,"column":6},"end":{"line":26,"column":8}},"5":{"start":{"line":30,"column":8},"end":{"line":94,"column":9}},"6":{"start":{"line":35,"column":24},"end":{"line":89,"column":42}},"7":{"start":{"line":45,"column":56},"end":{"line":45,"column":74}},"8":{"start":{"line":91,"column":44},"end":{"line":91,"column":69}},"9":{"start":{"line":98,"column":15},"end":{"line":172,"column":2}}},"fnMap":{"0":{"name":"(anonymous_0)","decl":{"start":{"line":15,"column":24},"end":{"line":15,"column":25}},"loc":{"start":{"line":15,"column":33},"end":{"line":19,"column":1}},"line":15},"1":{"name":"(anonymous_1)","decl":{"start":{"line":22,"column":14},"end":{"line":22,"column":15}},"loc":{"start":{"line":22,"column":24},"end":{"line":27,"column":5}},"line":22},"2":{"name":"(anonymous_2)","decl":{"start":{"line":29,"column":4},"end":{"line":29,"column":5}},"loc":{"start":{"line":29,"column":13},"end":{"line":95,"column":5}},"line":29},"3":{"name":"(anonymous_3)","decl":{"start":{"line":34,"column":32},"end":{"line":34,"column":33}},"loc":{"start":{"line":35,"column":24},"end":{"line":89,"column":42}},"line":35},"4":{"name":"(anonymous_4)","decl":{"start":{"line":45,"column":51},"end":{"line":45,"column":52}},"loc":{"start":{"line":45,"column":56},"end":{"line":45,"column":74}},"line":45},"5":{"name":"(anonymous_5)","decl":{"start":{"line":91,"column":34},"end":{"line":91,"column":35}},"loc":{"start":{"line":91,"column":44},"end":{"line":91,"column":69}},"line":91}},"branchMap":{"0":{"loc":{"start":{"line":84,"column":56},"end":{"line":84,"column":76}},"type":"cond-expr","locations":[{"start":{"line":84,"column":69},"end":{"line":84,"column":72}},{"start":{"line":84,"column":73},"end":{"line":84,"column":76}}],"line":84}},"s":{"0":1,"1":1,"2":1,"3":0,"4":0,"5":1,"6":10,"7":0,"8":12,"9":1},"f":{"0":1,"1":0,"2":1,"3":10,"4":0,"5":12},"b":{"0":[0,10]},"_coverageSchema":"43e27e138ebf9cfc5966b082cf9a028302ed4184","hash":"bb6a01b19082634ea4dd4aa4bdc700ec5fa3e77c"}
,"D:\\Repositories\\Yoke\\Code\\frontend\\src\\components\\Drawer.js": {"path":"D:\\Repositories\\Yoke\\Code\\frontend\\src\\components\\Drawer.js","statementMap":{"0":{"start":{"line":7,"column":12},"end":{"line":31,"column":5}},"1":{"start":{"line":33,"column":19},"end":{"line":35,"column":5}},"2":{"start":{"line":34,"column":8},"end":{"line":34,"column":39}},"3":{"start":{"line":41,"column":12},"end":{"line":41,"column":22}},"4":{"start":{"line":43,"column":23},"end":{"line":43,"column":33}},"5":{"start":{"line":45,"column":8},"end":{"line":68,"column":10}},"6":{"start":{"line":54,"column":50},"end":{"line":54,"column":75}},"7":{"start":{"line":59,"column":50},"end":{"line":59,"column":75}},"8":{"start":{"line":64,"column":50},"end":{"line":64,"column":75}}},"fnMap":{"0":{"name":"(anonymous_0)","decl":{"start":{"line":33,"column":19},"end":{"line":33,"column":20}},"loc":{"start":{"line":33,"column":31},"end":{"line":35,"column":5}},"line":33},"1":{"name":"(anonymous_1)","decl":{"start":{"line":37,"column":4},"end":{"line":37,"column":5}},"loc":{"start":{"line":37,"column":13},"end":{"line":69,"column":5}},"line":37},"2":{"name":"(anonymous_2)","decl":{"start":{"line":40,"column":28},"end":{"line":40,"column":29}},"loc":{"start":{"line":40,"column":32},"end":{"line":40,"column":34}},"line":40},"3":{"name":"(anonymous_3)","decl":{"start":{"line":54,"column":38},"end":{"line":54,"column":39}},"loc":{"start":{"line":54,"column":50},"end":{"line":54,"column":75}},"line":54},"4":{"name":"(anonymous_4)","decl":{"start":{"line":59,"column":38},"end":{"line":59,"column":39}},"loc":{"start":{"line":59,"column":50},"end":{"line":59,"column":75}},"line":59},"5":{"name":"(anonymous_5)","decl":{"start":{"line":64,"column":38},"end":{"line":64,"column":39}},"loc":{"start":{"line":64,"column":50},"end":{"line":64,"column":75}},"line":64}},"branchMap":{"0":{"loc":{"start":{"line":39,"column":12},"end":{"line":39,"column":27}},"type":"default-arg","locations":[{"start":{"line":39,"column":22},"end":{"line":39,"column":27}}],"line":39},"1":{"loc":{"start":{"line":40,"column":12},"end":{"line":40,"column":34}},"type":"default-arg","locations":[{"start":{"line":40,"column":28},"end":{"line":40,"column":34}}],"line":40}},"s":{"0":3,"1":3,"2":3,"3":3,"4":3,"5":3,"6":1,"7":1,"8":1},"f":{"0":3,"1":3,"2":0,"3":1,"4":1,"5":1},"b":{"0":[2],"1":[2]},"_coverageSchema":"43e27e138ebf9cfc5966b082cf9a028302ed4184","hash":"cf8062751df402399f19fe9cca9e274e11df87ef"}
,"D:\\Repositories\\Yoke\\Code\\frontend\\src\\components\\FilterItem.js": {"path":"D:\\Repositories\\Yoke\\Code\\frontend\\src\\components\\FilterItem.js","statementMap":{"0":{"start":{"line":12,"column":12},"end":{"line":15,"column":5}},"1":{"start":{"line":18,"column":8},"end":{"line":20,"column":9}},"2":{"start":{"line":19,"column":12},"end":{"line":19,"column":36}},"3":{"start":{"line":23,"column":22},"end":{"line":27,"column":5}},"4":{"start":{"line":24,"column":8},"end":{"line":26,"column":10}},"5":{"start":{"line":29,"column":24},"end":{"line":45,"column":5}},"6":{"start":{"line":30,"column":8},"end":{"line":36,"column":13}},"7":{"start":{"line":31,"column":12},"end":{"line":36,"column":13}},"8":{"start":{"line":32,"column":16},"end":{"line":32,"column":46}},"9":{"start":{"line":33,"column":16},"end":{"line":35,"column":18}},"10":{"start":{"line":38,"column":21},"end":{"line":38,"column":23}},"11":{"start":{"line":39,"column":8},"end":{"line":39,"column":37}},"12":{"start":{"line":40,"column":8},"end":{"line":42,"column":57}},"13":{"start":{"line":41,"column":12},"end":{"line":42,"column":57}},"14":{"start":{"line":42,"column":16},"end":{"line":42,"column":57}},"15":{"start":{"line":44,"column":8},"end":{"line":44,"column":39}},"16":{"start":{"line":48,"column":24},"end":{"line":48,"column":34}},"17":{"start":{"line":49,"column":28},"end":{"line":49,"column":38}},"18":{"start":{"line":51,"column":8},"end":{"line":85,"column":10}},"19":{"start":{"line":68,"column":28},"end":{"line":80,"column":35}},"20":{"start":{"line":76,"column":49},"end":{"line":76,"column":82}},"21":{"start":{"line":89,"column":13},"end":{"line":119,"column":2}}},"fnMap":{"0":{"name":"(anonymous_0)","decl":{"start":{"line":17,"column":4},"end":{"line":17,"column":5}},"loc":{"start":{"line":17,"column":24},"end":{"line":21,"column":5}},"line":17},"1":{"name":"(anonymous_1)","decl":{"start":{"line":23,"column":22},"end":{"line":23,"column":23}},"loc":{"start":{"line":23,"column":28},"end":{"line":27,"column":5}},"line":23},"2":{"name":"(anonymous_2)","decl":{"start":{"line":29,"column":24},"end":{"line":29,"column":25}},"loc":{"start":{"line":29,"column":34},"end":{"line":45,"column":5}},"line":29},"3":{"name":"(anonymous_3)","decl":{"start":{"line":47,"column":4},"end":{"line":47,"column":5}},"loc":{"start":{"line":47,"column":13},"end":{"line":86,"column":5}},"line":47},"4":{"name":"(anonymous_4)","decl":{"start":{"line":67,"column":34},"end":{"line":67,"column":35}},"loc":{"start":{"line":68,"column":28},"end":{"line":80,"column":35}},"line":68},"5":{"name":"(anonymous_5)","decl":{"start":{"line":76,"column":45},"end":{"line":76,"column":46}},"loc":{"start":{"line":76,"column":49},"end":{"line":76,"column":82}},"line":76}},"branchMap":{"0":{"loc":{"start":{"line":31,"column":12},"end":{"line":36,"column":13}},"type":"if","locations":[{"start":{"line":31,"column":12},"end":{"line":36,"column":13}},{"start":{"line":31,"column":12},"end":{"line":36,"column":13}}],"line":31},"1":{"loc":{"start":{"line":41,"column":12},"end":{"line":42,"column":57}},"type":"if","locations":[{"start":{"line":41,"column":12},"end":{"line":42,"column":57}},{"start":{"line":41,"column":12},"end":{"line":42,"column":57}}],"line":41},"2":{"loc":{"start":{"line":60,"column":42},"end":{"line":60,"column":89}},"type":"cond-expr","locations":[{"start":{"line":60,"column":48},"end":{"line":60,"column":66}},{"start":{"line":60,"column":69},"end":{"line":60,"column":89}}],"line":60},"3":{"loc":{"start":{"line":65,"column":20},"end":{"line":82,"column":27}},"type":"binary-expr","locations":[{"start":{"line":65,"column":20},"end":{"line":65,"column":24}},{"start":{"line":66,"column":20},"end":{"line":82,"column":27}}],"line":65},"4":{"loc":{"start":{"line":74,"column":44},"end":{"line":74,"column":69}},"type":"cond-expr","locations":[{"start":{"line":74,"column":59},"end":{"line":74,"column":63}},{"start":{"line":74,"column":64},"end":{"line":74,"column":69}}],"line":74},"5":{"loc":{"start":{"line":77,"column":49},"end":{"line":77,"column":110}},"type":"cond-expr","locations":[{"start":{"line":77,"column":63},"end":{"line":77,"column":85}},{"start":{"line":77,"column":86},"end":{"line":77,"column":110}}],"line":77},"6":{"loc":{"start":{"line":78,"column":48},"end":{"line":78,"column":105}},"type":"cond-expr","locations":[{"start":{"line":78,"column":62},"end":{"line":78,"column":82}},{"start":{"line":78,"column":83},"end":{"line":78,"column":105}}],"line":78}},"s":{"0":9,"1":9,"2":42,"3":9,"4":1,"5":9,"6":1,"7":4,"8":1,"9":1,"10":1,"11":1,"12":1,"13":4,"14":1,"15":1,"16":11,"17":11,"18":11,"19":46,"20":1,"21":3},"f":{"0":9,"1":1,"2":1,"3":11,"4":46,"5":1},"b":{"0":[1,3],"1":[1,3],"2":[10,1],"3":[11,10],"4":[1,45],"5":[1,45],"6":[1,45]},"_coverageSchema":"43e27e138ebf9cfc5966b082cf9a028302ed4184","hash":"170328f0918b22f3cd81b9b99224eb8625cb9b47"}
,"D:\\Repositories\\Yoke\\Code\\frontend\\src\\components\\ListItem.js": {"path":"D:\\Repositories\\Yoke\\Code\\frontend\\src\\components\\ListItem.js","statementMap":{"0":{"start":{"line":16,"column":12},"end":{"line":16,"column":22}},"1":{"start":{"line":18,"column":8},"end":{"line":37,"column":9}},"2":{"start":{"line":41,"column":15},"end":{"line":76,"column":2}}},"fnMap":{"0":{"name":"(anonymous_0)","decl":{"start":{"line":11,"column":4},"end":{"line":11,"column":5}},"loc":{"start":{"line":11,"column":12},"end":{"line":38,"column":5}},"line":11},"1":{"name":"(anonymous_1)","decl":{"start":{"line":15,"column":21},"end":{"line":15,"column":22}},"loc":{"start":{"line":15,"column":27},"end":{"line":15,"column":29}},"line":15}},"branchMap":{"0":{"loc":{"start":{"line":13,"column":12},"end":{"line":13,"column":20}},"type":"default-arg","locations":[{"start":{"line":13,"column":18},"end":{"line":13,"column":20}}],"line":13},"1":{"loc":{"start":{"line":14,"column":12},"end":{"line":14,"column":21}},"type":"default-arg","locations":[{"start":{"line":14,"column":19},"end":{"line":14,"column":21}}],"line":14},"2":{"loc":{"start":{"line":15,"column":12},"end":{"line":15,"column":29}},"type":"default-arg","locations":[{"start":{"line":15,"column":21},"end":{"line":15,"column":29}}],"line":15}},"s":{"0":5,"1":5,"2":2},"f":{"0":5,"1":0},"b":{"0":[1],"1":[1],"2":[2]},"_coverageSchema":"43e27e138ebf9cfc5966b082cf9a028302ed4184","hash":"972c10a21f1274e6e21f51577cd3c77ca83971b8"}
,"D:\\Repositories\\Yoke\\Code\\frontend\\src\\components\\Loading.js": {"path":"D:\\Repositories\\Yoke\\Code\\frontend\\src\\components\\Loading.js","statementMap":{"0":{"start":{"line":12,"column":33},"end":{"line":12,"column":43}},"1":{"start":{"line":13,"column":8},"end":{"line":28,"column":9}},"2":{"start":{"line":32,"column":15},"end":{"line":48,"column":2}}},"fnMap":{"0":{"name":"(anonymous_0)","decl":{"start":{"line":11,"column":4},"end":{"line":11,"column":5}},"loc":{"start":{"line":11,"column":12},"end":{"line":29,"column":5}},"line":11}},"branchMap":{"0":{"loc":{"start":{"line":12,"column":15},"end":{"line":12,"column":29}},"type":"default-arg","locations":[{"start":{"line":12,"column":25},"end":{"line":12,"column":29}}],"line":12}},"s":{"0":2,"1":2,"2":2},"f":{"0":2},"b":{"0":[1]},"_coverageSchema":"43e27e138ebf9cfc5966b082cf9a028302ed4184","hash":"2c1f2a842fdcdcaa53995260378ab9ae68261625"}
,"D:\\Repositories\\Yoke\\Code\\frontend\\src\\components\\SearchBox.js": {"path":"D:\\Repositories\\Yoke\\Code\\frontend\\src\\components\\SearchBox.js","statementMap":{"0":{"start":{"line":12,"column":12},"end":{"line":14,"column":5}},"1":{"start":{"line":16,"column":20},"end":{"line":18,"column":5}},"2":{"start":{"line":17,"column":8},"end":{"line":17,"column":35}},"3":{"start":{"line":23,"column":12},"end":{"line":23,"column":22}},"4":{"start":{"line":25,"column":8},"end":{"line":57,"column":9}},"5":{"start":{"line":53,"column":39},"end":{"line":53,"column":66}},"6":{"start":{"line":61,"column":15},"end":{"line":101,"column":2}}},"fnMap":{"0":{"name":"(anonymous_0)","decl":{"start":{"line":16,"column":20},"end":{"line":16,"column":21}},"loc":{"start":{"line":16,"column":31},"end":{"line":18,"column":5}},"line":16},"1":{"name":"(anonymous_1)","decl":{"start":{"line":20,"column":4},"end":{"line":20,"column":5}},"loc":{"start":{"line":20,"column":13},"end":{"line":58,"column":5}},"line":20},"2":{"name":"(anonymous_2)","decl":{"start":{"line":22,"column":22},"end":{"line":22,"column":23}},"loc":{"start":{"line":22,"column":28},"end":{"line":22,"column":30}},"line":22},"3":{"name":"(anonymous_3)","decl":{"start":{"line":53,"column":33},"end":{"line":53,"column":34}},"loc":{"start":{"line":53,"column":39},"end":{"line":53,"column":66}},"line":53}},"branchMap":{"0":{"loc":{"start":{"line":22,"column":12},"end":{"line":22,"column":30}},"type":"default-arg","locations":[{"start":{"line":22,"column":22},"end":{"line":22,"column":30}}],"line":22}},"s":{"0":1,"1":1,"2":0,"3":1,"4":1,"5":0,"6":1},"f":{"0":0,"1":1,"2":0,"3":0},"b":{"0":[0]},"_coverageSchema":"43e27e138ebf9cfc5966b082cf9a028302ed4184","hash":"7a1152f64ed34fc6e3a75b830c0cb6fa9bf004f9"}
,"D:\\Repositories\\Yoke\\Code\\frontend\\src\\components\\ShadowedTitle.js": {"path":"D:\\Repositories\\Yoke\\Code\\frontend\\src\\components\\ShadowedTitle.js","statementMap":{"0":{"start":{"line":5,"column":29},"end":{"line":17,"column":1}},"1":{"start":{"line":6,"column":2},"end":{"line":16,"column":3}},"2":{"start":{"line":19,"column":15},"end":{"line":45,"column":2}}},"fnMap":{"0":{"name":"(anonymous_0)","decl":{"start":{"line":5,"column":29},"end":{"line":5,"column":30}},"loc":{"start":{"line":5,"column":39},"end":{"line":17,"column":1}},"line":5}},"branchMap":{},"s":{"0":2,"1":2,"2":2},"f":{"0":2},"b":{},"_coverageSchema":"43e27e138ebf9cfc5966b082cf9a028302ed4184","hash":"c4dd3af034f1b8fab707a4a97738d3dd3bfd075c"}
,"D:\\Repositories\\Yoke\\Code\\frontend\\src\\components\\StackNavBar.js": {"path":"D:\\Repositories\\Yoke\\Code\\frontend\\src\\components\\StackNavBar.js","statementMap":{"0":{"start":{"line":8,"column":21},"end":{"line":10,"column":3}},"1":{"start":{"line":11,"column":11},"end":{"line":14,"column":3}},"2":{"start":{"line":12,"column":4},"end":{"line":12,"column":26}},"3":{"start":{"line":13,"column":4},"end":{"line":13,"column":35}},"4":{"start":{"line":16,"column":46},"end":{"line":16,"column":56}},"5":{"start":{"line":17,"column":4},"end":{"line":32,"column":6}},"6":{"start":{"line":35,"column":15},"end":{"line":53,"column":2}}},"fnMap":{"0":{"name":"(anonymous_0)","decl":{"start":{"line":11,"column":11},"end":{"line":11,"column":12}},"loc":{"start":{"line":11,"column":15},"end":{"line":14,"column":3}},"line":11},"1":{"name":"(anonymous_1)","decl":{"start":{"line":15,"column":2},"end":{"line":15,"column":3}},"loc":{"start":{"line":15,"column":12},"end":{"line":33,"column":3}},"line":15}},"branchMap":{"0":{"loc":{"start":{"line":16,"column":11},"end":{"line":16,"column":42}},"type":"default-arg","locations":[{"start":{"line":16,"column":25},"end":{"line":16,"column":42}}],"line":16}},"s":{"0":2,"1":1,"2":0,"3":0,"4":1,"5":1,"6":2},"f":{"0":0,"1":1},"b":{"0":[1]},"_coverageSchema":"43e27e138ebf9cfc5966b082cf9a028302ed4184","hash":"79590fab2864df75c70d0358ec6d9fef52f7b7f2"}
,"D:\\Repositories\\Yoke\\Code\\frontend\\src\\components\\UnshadowedTitle.js": {"path":"D:\\Repositories\\Yoke\\Code\\frontend\\src\\components\\UnshadowedTitle.js","statementMap":{"0":{"start":{"line":5,"column":31},"end":{"line":19,"column":1}},"1":{"start":{"line":6,"column":2},"end":{"line":18,"column":3}},"2":{"start":{"line":21,"column":15},"end":{"line":45,"column":2}}},"fnMap":{"0":{"name":"(anonymous_0)","decl":{"start":{"line":5,"column":31},"end":{"line":5,"column":32}},"loc":{"start":{"line":5,"column":41},"end":{"line":19,"column":1}},"line":5}},"branchMap":{},"s":{"0":2,"1":5,"2":2},"f":{"0":5},"b":{},"_coverageSchema":"43e27e138ebf9cfc5966b082cf9a028302ed4184","hash":"e659a098b45b6716397d83d2570dc67ac29e02d9"}
,"D:\\Repositories\\Yoke\\Code\\frontend\\src\\pages\\Classes.js": {"path":"D:\\Repositories\\Yoke\\Code\\frontend\\src\\pages\\Classes.js","statementMap":{"0":{"start":{"line":10,"column":12},"end":{"line":13,"column":5}},"1":{"start":{"line":16,"column":8},"end":{"line":16,"column":26}},"2":{"start":{"line":20,"column":15},"end":{"line":42,"column":5}},"3":{"start":{"line":21,"column":22},"end":{"line":21,"column":62}},"4":{"start":{"line":22,"column":8},"end":{"line":40,"column":11}},"5":{"start":{"line":29,"column":16},"end":{"line":31,"column":18}},"6":{"start":{"line":32,"column":16},"end":{"line":32,"column":34}},"7":{"start":{"line":35,"column":16},"end":{"line":35,"column":34}},"8":{"start":{"line":38,"column":16},"end":{"line":38,"column":34}},"9":{"start":{"line":41,"column":8},"end":{"line":41,"column":22}},"10":{"start":{"line":44,"column":18},"end":{"line":56,"column":5}},"11":{"start":{"line":45,"column":8},"end":{"line":55,"column":10}},"12":{"start":{"line":49,"column":27},"end":{"line":49,"column":37}},"13":{"start":{"line":50,"column":12},"end":{"line":52,"column":14}},"14":{"start":{"line":54,"column":12},"end":{"line":54,"column":28}},"15":{"start":{"line":59,"column":8},"end":{"line":127,"column":9}},"16":{"start":{"line":105,"column":36},"end":{"line":120,"column":37}},"17":{"start":{"line":108,"column":48},"end":{"line":117,"column":49}},"18":{"start":{"line":131,"column":15},"end":{"line":147,"column":2}}},"fnMap":{"0":{"name":"(anonymous_0)","decl":{"start":{"line":15,"column":4},"end":{"line":15,"column":5}},"loc":{"start":{"line":15,"column":25},"end":{"line":17,"column":5}},"line":15},"1":{"name":"(anonymous_1)","decl":{"start":{"line":20,"column":15},"end":{"line":20,"column":16}},"loc":{"start":{"line":20,"column":21},"end":{"line":42,"column":5}},"line":20},"2":{"name":"(anonymous_2)","decl":{"start":{"line":28,"column":29},"end":{"line":28,"column":30}},"loc":{"start":{"line":28,"column":37},"end":{"line":33,"column":13}},"line":28},"3":{"name":"(anonymous_3)","decl":{"start":{"line":34,"column":28},"end":{"line":34,"column":29}},"loc":{"start":{"line":34,"column":36},"end":{"line":36,"column":13}},"line":34},"4":{"name":"(anonymous_4)","decl":{"start":{"line":37,"column":28},"end":{"line":37,"column":29}},"loc":{"start":{"line":37,"column":36},"end":{"line":39,"column":13}},"line":37},"5":{"name":"(anonymous_5)","decl":{"start":{"line":44,"column":18},"end":{"line":44,"column":19}},"loc":{"start":{"line":44,"column":24},"end":{"line":56,"column":5}},"line":44},"6":{"name":"(anonymous_6)","decl":{"start":{"line":47,"column":16},"end":{"line":47,"column":17}},"loc":{"start":{"line":47,"column":24},"end":{"line":53,"column":9}},"line":47},"7":{"name":"(anonymous_7)","decl":{"start":{"line":53,"column":17},"end":{"line":53,"column":18}},"loc":{"start":{"line":53,"column":24},"end":{"line":55,"column":9}},"line":53},"8":{"name":"(anonymous_8)","decl":{"start":{"line":58,"column":4},"end":{"line":58,"column":5}},"loc":{"start":{"line":58,"column":13},"end":{"line":128,"column":5}},"line":58},"9":{"name":"(anonymous_9)","decl":{"start":{"line":104,"column":55},"end":{"line":104,"column":56}},"loc":{"start":{"line":104,"column":74},"end":{"line":121,"column":33}},"line":104},"10":{"name":"(anonymous_10)","decl":{"start":{"line":107,"column":75},"end":{"line":107,"column":76}},"loc":{"start":{"line":107,"column":94},"end":{"line":118,"column":45}},"line":107}},"branchMap":{"0":{"loc":{"start":{"line":111,"column":60},"end":{"line":114,"column":67}},"type":"cond-expr","locations":[{"start":{"line":111,"column":82},"end":{"line":111,"column":86}},{"start":{"line":112,"column":60},"end":{"line":114,"column":67}}],"line":111}},"s":{"0":1,"1":1,"2":1,"3":0,"4":0,"5":0,"6":0,"7":0,"8":0,"9":0,"10":1,"11":1,"12":0,"13":0,"14":0,"15":1,"16":7,"17":0,"18":1},"f":{"0":1,"1":0,"2":0,"3":0,"4":0,"5":1,"6":0,"7":0,"8":1,"9":7,"10":0},"b":{"0":[0,0]},"_coverageSchema":"43e27e138ebf9cfc5966b082cf9a028302ed4184","hash":"bb5d2d00c4ef1fb34b648ef7ef668c45fce762b4"}
,"D:\\Repositories\\Yoke\\Code\\frontend\\src\\pages\\Courses.js": {"path":"D:\\Repositories\\Yoke\\Code\\frontend\\src\\pages\\Courses.js","statementMap":{"0":{"start":{"line":17,"column":24},"end":{"line":17,"column":43}},"1":{"start":{"line":17,"column":34},"end":{"line":17,"column":42}},"2":{"start":{"line":19,"column":27},"end":{"line":25,"column":1}},"3":{"start":{"line":20,"column":4},"end":{"line":24,"column":5}},"4":{"start":{"line":22,"column":12},"end":{"line":22,"column":41}},"5":{"start":{"line":28,"column":12},"end":{"line":35,"column":5}},"6":{"start":{"line":37,"column":21},"end":{"line":43,"column":5}},"7":{"start":{"line":38,"column":8},"end":{"line":40,"column":27}},"8":{"start":{"line":39,"column":12},"end":{"line":40,"column":27}},"9":{"start":{"line":40,"column":16},"end":{"line":40,"column":27}},"10":{"start":{"line":42,"column":8},"end":{"line":42,"column":20}},"11":{"start":{"line":45,"column":13},"end":{"line":77,"column":5}},"12":{"start":{"line":46,"column":8},"end":{"line":76,"column":9}},"13":{"start":{"line":48,"column":23},"end":{"line":53,"column":13}},"14":{"start":{"line":54,"column":12},"end":{"line":55,"column":46}},"15":{"start":{"line":55,"column":16},"end":{"line":55,"column":46}},"16":{"start":{"line":56,"column":12},"end":{"line":57,"column":42}},"17":{"start":{"line":57,"column":16},"end":{"line":57,"column":42}},"18":{"start":{"line":59,"column":12},"end":{"line":60,"column":45}},"19":{"start":{"line":60,"column":16},"end":{"line":60,"column":45}},"20":{"start":{"line":61,"column":12},"end":{"line":62,"column":41}},"21":{"start":{"line":62,"column":16},"end":{"line":62,"column":41}},"22":{"start":{"line":64,"column":12},"end":{"line":65,"column":40}},"23":{"start":{"line":65,"column":16},"end":{"line":65,"column":40}},"24":{"start":{"line":66,"column":12},"end":{"line":67,"column":36}},"25":{"start":{"line":67,"column":16},"end":{"line":67,"column":36}},"26":{"start":{"line":69,"column":12},"end":{"line":69,"column":29}},"27":{"start":{"line":71,"column":12},"end":{"line":75,"column":14}},"28":{"start":{"line":72,"column":16},"end":{"line":72,"column":55}},"29":{"start":{"line":74,"column":16},"end":{"line":74,"column":32}},"30":{"start":{"line":79,"column":19},"end":{"line":83,"column":5}},"31":{"start":{"line":80,"column":8},"end":{"line":82,"column":10}},"32":{"start":{"line":86,"column":17},"end":{"line":90,"column":5}},"33":{"start":{"line":87,"column":8},"end":{"line":89,"column":10}},"34":{"start":{"line":92,"column":22},"end":{"line":96,"column":5}},"35":{"start":{"line":93,"column":8},"end":{"line":95,"column":10}},"36":{"start":{"line":99,"column":8},"end":{"line":132,"column":9}},"37":{"start":{"line":121,"column":50},"end":{"line":121,"column":70}},"38":{"start":{"line":129,"column":46},"end":{"line":129,"column":71}},"39":{"start":{"line":136,"column":15},"end":{"line":159,"column":2}}},"fnMap":{"0":{"name":"(anonymous_0)","decl":{"start":{"line":17,"column":24},"end":{"line":17,"column":25}},"loc":{"start":{"line":17,"column":33},"end":{"line":17,"column":43}},"line":17},"1":{"name":"(anonymous_1)","decl":{"start":{"line":19,"column":27},"end":{"line":19,"column":28}},"loc":{"start":{"line":19,"column":39},"end":{"line":25,"column":1}},"line":19},"2":{"name":"(anonymous_2)","decl":{"start":{"line":21,"column":23},"end":{"line":21,"column":24}},"loc":{"start":{"line":21,"column":33},"end":{"line":23,"column":9}},"line":21},"3":{"name":"(anonymous_3)","decl":{"start":{"line":37,"column":21},"end":{"line":37,"column":22}},"loc":{"start":{"line":37,"column":27},"end":{"line":43,"column":5}},"line":37},"4":{"name":"(anonymous_4)","decl":{"start":{"line":45,"column":13},"end":{"line":45,"column":14}},"loc":{"start":{"line":45,"column":26},"end":{"line":77,"column":5}},"line":45},"5":{"name":"(anonymous_5)","decl":{"start":{"line":71,"column":60},"end":{"line":71,"column":61}},"loc":{"start":{"line":71,"column":74},"end":{"line":73,"column":13}},"line":71},"6":{"name":"(anonymous_6)","decl":{"start":{"line":73,"column":21},"end":{"line":73,"column":22}},"loc":{"start":{"line":73,"column":28},"end":{"line":75,"column":13}},"line":73},"7":{"name":"(anonymous_7)","decl":{"start":{"line":79,"column":19},"end":{"line":79,"column":20}},"loc":{"start":{"line":79,"column":31},"end":{"line":83,"column":5}},"line":79},"8":{"name":"(anonymous_8)","decl":{"start":{"line":86,"column":17},"end":{"line":86,"column":18}},"loc":{"start":{"line":86,"column":23},"end":{"line":90,"column":5}},"line":86},"9":{"name":"(anonymous_9)","decl":{"start":{"line":92,"column":22},"end":{"line":92,"column":23}},"loc":{"start":{"line":92,"column":28},"end":{"line":96,"column":5}},"line":92},"10":{"name":"(anonymous_10)","decl":{"start":{"line":98,"column":4},"end":{"line":98,"column":5}},"loc":{"start":{"line":98,"column":13},"end":{"line":133,"column":5}},"line":98},"11":{"name":"(anonymous_11)","decl":{"start":{"line":121,"column":37},"end":{"line":121,"column":38}},"loc":{"start":{"line":121,"column":50},"end":{"line":121,"column":70}},"line":121},"12":{"name":"(anonymous_12)","decl":{"start":{"line":129,"column":34},"end":{"line":129,"column":35}},"loc":{"start":{"line":129,"column":46},"end":{"line":129,"column":71}},"line":129}},"branchMap":{"0":{"loc":{"start":{"line":39,"column":12},"end":{"line":40,"column":27}},"type":"if","locations":[{"start":{"line":39,"column":12},"end":{"line":40,"column":27}},{"start":{"line":39,"column":12},"end":{"line":40,"column":27}}],"line":39},"1":{"loc":{"start":{"line":46,"column":8},"end":{"line":76,"column":9}},"type":"if","locations":[{"start":{"line":46,"column":8},"end":{"line":76,"column":9}},{"start":{"line":46,"column":8},"end":{"line":76,"column":9}}],"line":46},"2":{"loc":{"start":{"line":46,"column":12},"end":{"line":46,"column":50}},"type":"binary-expr","locations":[{"start":{"line":46,"column":12},"end":{"line":46,"column":25}},{"start":{"line":46,"column":29},"end":{"line":46,"column":50}}],"line":46},"3":{"loc":{"start":{"line":56,"column":12},"end":{"line":57,"column":42}},"type":"if","locations":[{"start":{"line":56,"column":12},"end":{"line":57,"column":42}},{"start":{"line":56,"column":12},"end":{"line":57,"column":42}}],"line":56},"4":{"loc":{"start":{"line":61,"column":12},"end":{"line":62,"column":41}},"type":"if","locations":[{"start":{"line":61,"column":12},"end":{"line":62,"column":41}},{"start":{"line":61,"column":12},"end":{"line":62,"column":41}}],"line":61},"5":{"loc":{"start":{"line":66,"column":12},"end":{"line":67,"column":36}},"type":"if","locations":[{"start":{"line":66,"column":12},"end":{"line":67,"column":36}},{"start":{"line":66,"column":12},"end":{"line":67,"column":36}}],"line":66}},"s":{"0":1,"1":1,"2":1,"3":1,"4":0,"5":1,"6":1,"7":0,"8":0,"9":0,"10":0,"11":1,"12":0,"13":0,"14":0,"15":0,"16":0,"17":0,"18":0,"19":0,"20":0,"21":0,"22":0,"23":0,"24":0,"25":0,"26":0,"27":0,"28":0,"29":0,"30":1,"31":0,"32":1,"33":0,"34":1,"35":0,"36":1,"37":0,"38":0,"39":1},"f":{"0":1,"1":1,"2":0,"3":0,"4":0,"5":0,"6":0,"7":0,"8":0,"9":0,"10":1,"11":0,"12":0},"b":{"0":[0,0],"1":[0,0],"2":[0,0],"3":[0,0],"4":[0,0],"5":[0,0]},"_coverageSchema":"43e27e138ebf9cfc5966b082cf9a028302ed4184","hash":"f08acde7140156b509ef3942c0f0979bb6d2192c"}
,"D:\\Repositories\\Yoke\\Code\\frontend\\src\\pages\\Detail.js": {"path":"D:\\Repositories\\Yoke\\Code\\frontend\\src\\pages\\Detail.js","statementMap":{"0":{"start":{"line":12,"column":21},"end":{"line":18,"column":1}},"1":{"start":{"line":13,"column":2},"end":{"line":17,"column":9}},"2":{"start":{"line":19,"column":13},"end":{"line":25,"column":1}},"3":{"start":{"line":20,"column":2},"end":{"line":24,"column":9}},"4":{"start":{"line":26,"column":15},"end":{"line":26,"column":47}},"5":{"start":{"line":27,"column":15},"end":{"line":31,"column":1}},"6":{"start":{"line":64,"column":12},"end":{"line":66,"column":5}},"7":{"start":{"line":68,"column":31},"end":{"line":70,"column":6}},"8":{"start":{"line":68,"column":50},"end":{"line":70,"column":5}},"9":{"start":{"line":73,"column":16},"end":{"line":77,"column":5}},"10":{"start":{"line":74,"column":8},"end":{"line":76,"column":10}},"11":{"start":{"line":81,"column":23},"end":{"line":81,"column":57}},"12":{"start":{"line":82,"column":8},"end":{"line":89,"column":10}},"13":{"start":{"line":85,"column":12},"end":{"line":85,"column":41}},"14":{"start":{"line":87,"column":12},"end":{"line":87,"column":30}},"15":{"start":{"line":88,"column":12},"end":{"line":88,"column":51}},"16":{"start":{"line":93,"column":8},"end":{"line":106,"column":9}},"17":{"start":{"line":112,"column":15},"end":{"line":162,"column":2}}},"fnMap":{"0":{"name":"(anonymous_0)","decl":{"start":{"line":12,"column":21},"end":{"line":12,"column":22}},"loc":{"start":{"line":13,"column":2},"end":{"line":17,"column":9}},"line":13},"1":{"name":"(anonymous_1)","decl":{"start":{"line":19,"column":13},"end":{"line":19,"column":14}},"loc":{"start":{"line":20,"column":2},"end":{"line":24,"column":9}},"line":20},"2":{"name":"(anonymous_2)","decl":{"start":{"line":68,"column":31},"end":{"line":68,"column":32}},"loc":{"start":{"line":68,"column":50},"end":{"line":70,"column":5}},"line":68},"3":{"name":"(anonymous_3)","decl":{"start":{"line":73,"column":16},"end":{"line":73,"column":17}},"loc":{"start":{"line":73,"column":25},"end":{"line":77,"column":5}},"line":73},"4":{"name":"(anonymous_4)","decl":{"start":{"line":80,"column":4},"end":{"line":80,"column":5}},"loc":{"start":{"line":80,"column":25},"end":{"line":90,"column":5}},"line":80},"5":{"name":"(anonymous_5)","decl":{"start":{"line":84,"column":16},"end":{"line":84,"column":17}},"loc":{"start":{"line":84,"column":30},"end":{"line":86,"column":9}},"line":84},"6":{"name":"(anonymous_6)","decl":{"start":{"line":86,"column":17},"end":{"line":86,"column":18}},"loc":{"start":{"line":86,"column":26},"end":{"line":89,"column":9}},"line":86},"7":{"name":"(anonymous_7)","decl":{"start":{"line":92,"column":4},"end":{"line":92,"column":5}},"loc":{"start":{"line":92,"column":13},"end":{"line":107,"column":5}},"line":92}},"branchMap":{},"s":{"0":2,"1":0,"2":2,"3":0,"4":2,"5":2,"6":1,"7":2,"8":0,"9":1,"10":0,"11":1,"12":1,"13":0,"14":0,"15":0,"16":1,"17":2},"f":{"0":0,"1":0,"2":0,"3":0,"4":1,"5":0,"6":0,"7":1},"b":{},"_coverageSchema":"43e27e138ebf9cfc5966b082cf9a028302ed4184","hash":"0f9a65e09a2d05592970eca679ca326d0b025bed"}
,"D:\\Repositories\\Yoke\\Code\\frontend\\src\\pages\\Home.js": {"path":"D:\\Repositories\\Yoke\\Code\\frontend\\src\\pages\\Home.js","statementMap":{"0":{"start":{"line":6,"column":8},"end":{"line":11,"column":10}}},"fnMap":{"0":{"name":"(anonymous_0)","decl":{"start":{"line":5,"column":4},"end":{"line":5,"column":5}},"loc":{"start":{"line":5,"column":13},"end":{"line":12,"column":5}},"line":5}},"branchMap":{},"s":{"0":1},"f":{"0":1},"b":{},"_coverageSchema":"43e27e138ebf9cfc5966b082cf9a028302ed4184","hash":"e7fb2ab1556497e0a505cb53bde13eeea08d877c"}
,"D:\\Repositories\\Yoke\\Code\\frontend\\src\\pages\\Login.js": {"path":"D:\\Repositories\\Yoke\\Code\\frontend\\src\\pages\\Login.js","statementMap":{"0":{"start":{"line":18,"column":24},"end":{"line":20,"column":2}},"1":{"start":{"line":18,"column":34},"end":{"line":20,"column":1}},"2":{"start":{"line":22,"column":27},"end":{"line":37,"column":1}},"3":{"start":{"line":23,"column":4},"end":{"line":36,"column":5}},"4":{"start":{"line":25,"column":12},"end":{"line":25,"column":42}},"5":{"start":{"line":28,"column":12},"end":{"line":28,"column":40}},"6":{"start":{"line":31,"column":12},"end":{"line":31,"column":32}},"7":{"start":{"line":34,"column":12},"end":{"line":34,"column":34}},"8":{"start":{"line":42,"column":12},"end":{"line":44,"column":5}},"9":{"start":{"line":46,"column":31},"end":{"line":48,"column":5}},"10":{"start":{"line":51,"column":8},"end":{"line":56,"column":10}},"11":{"start":{"line":52,"column":12},"end":{"line":52,"column":41}},"12":{"start":{"line":53,"column":12},"end":{"line":55,"column":13}},"13":{"start":{"line":54,"column":16},"end":{"line":54,"column":42}},"14":{"start":{"line":60,"column":8},"end":{"line":67,"column":10}},"15":{"start":{"line":63,"column":12},"end":{"line":63,"column":41}},"16":{"start":{"line":64,"column":12},"end":{"line":64,"column":50}},"17":{"start":{"line":66,"column":12},"end":{"line":66,"column":28}},"18":{"start":{"line":70,"column":12},"end":{"line":76,"column":5}},"19":{"start":{"line":71,"column":8},"end":{"line":71,"column":34}},"20":{"start":{"line":72,"column":8},"end":{"line":75,"column":107}},"21":{"start":{"line":75,"column":71},"end":{"line":75,"column":105}},"22":{"start":{"line":78,"column":20},"end":{"line":104,"column":5}},"23":{"start":{"line":79,"column":8},"end":{"line":81,"column":10}},"24":{"start":{"line":82,"column":30},"end":{"line":82,"column":62}},"25":{"start":{"line":84,"column":8},"end":{"line":101,"column":10}},"26":{"start":{"line":85,"column":12},"end":{"line":99,"column":18}},"27":{"start":{"line":89,"column":16},"end":{"line":93,"column":18}},"28":{"start":{"line":90,"column":20},"end":{"line":90,"column":41}},"29":{"start":{"line":91,"column":20},"end":{"line":91,"column":60}},"30":{"start":{"line":92,"column":20},"end":{"line":92,"column":58}},"31":{"start":{"line":94,"column":20},"end":{"line":94,"column":38}},"32":{"start":{"line":95,"column":20},"end":{"line":95,"column":58}},"33":{"start":{"line":97,"column":20},"end":{"line":97,"column":38}},"34":{"start":{"line":98,"column":20},"end":{"line":98,"column":57}},"35":{"start":{"line":100,"column":12},"end":{"line":100,"column":38}},"36":{"start":{"line":102,"column":8},"end":{"line":102,"column":29}},"37":{"start":{"line":103,"column":8},"end":{"line":103,"column":31}},"38":{"start":{"line":107,"column":8},"end":{"line":125,"column":9}},"39":{"start":{"line":129,"column":15},"end":{"line":149,"column":2}}},"fnMap":{"0":{"name":"(anonymous_0)","decl":{"start":{"line":18,"column":24},"end":{"line":18,"column":25}},"loc":{"start":{"line":18,"column":33},"end":{"line":20,"column":2}},"line":18},"1":{"name":"(anonymous_1)","decl":{"start":{"line":22,"column":27},"end":{"line":22,"column":28}},"loc":{"start":{"line":22,"column":39},"end":{"line":37,"column":1}},"line":22},"2":{"name":"(anonymous_2)","decl":{"start":{"line":24,"column":24},"end":{"line":24,"column":25}},"loc":{"start":{"line":24,"column":32},"end":{"line":26,"column":9}},"line":24},"3":{"name":"(anonymous_3)","decl":{"start":{"line":27,"column":22},"end":{"line":27,"column":23}},"loc":{"start":{"line":27,"column":30},"end":{"line":29,"column":9}},"line":27},"4":{"name":"(anonymous_4)","decl":{"start":{"line":30,"column":21},"end":{"line":30,"column":22}},"loc":{"start":{"line":30,"column":25},"end":{"line":32,"column":9}},"line":30},"5":{"name":"(anonymous_5)","decl":{"start":{"line":33,"column":18},"end":{"line":33,"column":19}},"loc":{"start":{"line":33,"column":22},"end":{"line":35,"column":9}},"line":33},"6":{"name":"(anonymous_6)","decl":{"start":{"line":50,"column":4},"end":{"line":50,"column":5}},"loc":{"start":{"line":50,"column":24},"end":{"line":57,"column":5}},"line":50},"7":{"name":"(anonymous_7)","decl":{"start":{"line":51,"column":37},"end":{"line":51,"column":38}},"loc":{"start":{"line":51,"column":46},"end":{"line":56,"column":9}},"line":51},"8":{"name":"(anonymous_8)","decl":{"start":{"line":59,"column":4},"end":{"line":59,"column":5}},"loc":{"start":{"line":59,"column":25},"end":{"line":68,"column":5}},"line":59},"9":{"name":"(anonymous_9)","decl":{"start":{"line":62,"column":16},"end":{"line":62,"column":17}},"loc":{"start":{"line":62,"column":26},"end":{"line":65,"column":9}},"line":62},"10":{"name":"(anonymous_10)","decl":{"start":{"line":65,"column":17},"end":{"line":65,"column":18}},"loc":{"start":{"line":65,"column":24},"end":{"line":67,"column":9}},"line":65},"11":{"name":"(anonymous_11)","decl":{"start":{"line":70,"column":12},"end":{"line":70,"column":13}},"loc":{"start":{"line":70,"column":18},"end":{"line":76,"column":5}},"line":70},"12":{"name":"(anonymous_12)","decl":{"start":{"line":75,"column":62},"end":{"line":75,"column":63}},"loc":{"start":{"line":75,"column":71},"end":{"line":75,"column":105}},"line":75},"13":{"name":"(anonymous_13)","decl":{"start":{"line":78,"column":20},"end":{"line":78,"column":21}},"loc":{"start":{"line":78,"column":31},"end":{"line":104,"column":5}},"line":78},"14":{"name":"(anonymous_14)","decl":{"start":{"line":84,"column":91},"end":{"line":84,"column":92}},"loc":{"start":{"line":84,"column":105},"end":{"line":101,"column":9}},"line":84},"15":{"name":"(anonymous_15)","decl":{"start":{"line":88,"column":20},"end":{"line":88,"column":21}},"loc":{"start":{"line":88,"column":26},"end":{"line":93,"column":19}},"line":88},"16":{"name":"(anonymous_16)","decl":{"start":{"line":89,"column":87},"end":{"line":89,"column":88}},"loc":{"start":{"line":89,"column":101},"end":{"line":93,"column":17}},"line":89},"17":{"name":"(anonymous_17)","decl":{"start":{"line":93,"column":27},"end":{"line":93,"column":28}},"loc":{"start":{"line":93,"column":36},"end":{"line":96,"column":17}},"line":93},"18":{"name":"(anonymous_18)","decl":{"start":{"line":96,"column":25},"end":{"line":96,"column":26}},"loc":{"start":{"line":96,"column":34},"end":{"line":99,"column":17}},"line":96},"19":{"name":"(anonymous_19)","decl":{"start":{"line":106,"column":4},"end":{"line":106,"column":5}},"loc":{"start":{"line":106,"column":13},"end":{"line":126,"column":5}},"line":106}},"branchMap":{"0":{"loc":{"start":{"line":53,"column":12},"end":{"line":55,"column":13}},"type":"if","locations":[{"start":{"line":53,"column":12},"end":{"line":55,"column":13}},{"start":{"line":53,"column":12},"end":{"line":55,"column":13}}],"line":53},"1":{"loc":{"start":{"line":53,"column":16},"end":{"line":53,"column":39}},"type":"binary-expr","locations":[{"start":{"line":53,"column":16},"end":{"line":53,"column":19}},{"start":{"line":53,"column":23},"end":{"line":53,"column":39}}],"line":53}},"s":{"0":1,"1":1,"2":1,"3":1,"4":0,"5":0,"6":0,"7":0,"8":1,"9":1,"10":1,"11":1,"12":1,"13":0,"14":1,"15":0,"16":0,"17":0,"18":1,"19":0,"20":0,"21":0,"22":1,"23":0,"24":0,"25":0,"26":0,"27":0,"28":0,"29":0,"30":0,"31":0,"32":0,"33":0,"34":0,"35":0,"36":0,"37":0,"38":1,"39":1},"f":{"0":1,"1":1,"2":0,"3":0,"4":0,"5":0,"6":1,"7":1,"8":1,"9":0,"10":0,"11":0,"12":0,"13":0,"14":0,"15":0,"16":0,"17":0,"18":0,"19":1},"b":{"0":[0,1],"1":[1,1]},"_coverageSchema":"43e27e138ebf9cfc5966b082cf9a028302ed4184","hash":"cccf54b8e324a7b740853eef72ae6d18fe19e673"}
,"D:\\Repositories\\Yoke\\Code\\frontend\\src\\pages\\Profile.js": {"path":"D:\\Repositories\\Yoke\\Code\\frontend\\src\\pages\\Profile.js","statementMap":{"0":{"start":{"line":14,"column":24},"end":{"line":18,"column":1}},"1":{"start":{"line":15,"column":4},"end":{"line":17,"column":5}},"2":{"start":{"line":20,"column":27},"end":{"line":26,"column":1}},"3":{"start":{"line":21,"column":4},"end":{"line":25,"column":5}},"4":{"start":{"line":23,"column":12},"end":{"line":23,"column":37}},"5":{"start":{"line":29,"column":13},"end":{"line":38,"column":5}},"6":{"start":{"line":30,"column":8},"end":{"line":37,"column":10}},"7":{"start":{"line":33,"column":12},"end":{"line":33,"column":38}},"8":{"start":{"line":34,"column":12},"end":{"line":34,"column":51}},"9":{"start":{"line":36,"column":12},"end":{"line":36,"column":28}},"10":{"start":{"line":39,"column":25},"end":{"line":41,"column":5}},"11":{"start":{"line":40,"column":8},"end":{"line":40,"column":57}},"12":{"start":{"line":43,"column":23},"end":{"line":43,"column":33}},"13":{"start":{"line":45,"column":8},"end":{"line":90,"column":10}},"14":{"start":{"line":94,"column":15},"end":{"line":131,"column":2}}},"fnMap":{"0":{"name":"(anonymous_0)","decl":{"start":{"line":14,"column":24},"end":{"line":14,"column":25}},"loc":{"start":{"line":14,"column":33},"end":{"line":18,"column":1}},"line":14},"1":{"name":"(anonymous_1)","decl":{"start":{"line":20,"column":27},"end":{"line":20,"column":28}},"loc":{"start":{"line":20,"column":39},"end":{"line":26,"column":1}},"line":20},"2":{"name":"(anonymous_2)","decl":{"start":{"line":22,"column":23},"end":{"line":22,"column":24}},"loc":{"start":{"line":22,"column":29},"end":{"line":24,"column":9}},"line":22},"3":{"name":"(anonymous_3)","decl":{"start":{"line":29,"column":13},"end":{"line":29,"column":14}},"loc":{"start":{"line":29,"column":19},"end":{"line":38,"column":5}},"line":29},"4":{"name":"(anonymous_4)","decl":{"start":{"line":32,"column":16},"end":{"line":32,"column":17}},"loc":{"start":{"line":32,"column":22},"end":{"line":35,"column":9}},"line":32},"5":{"name":"(anonymous_5)","decl":{"start":{"line":35,"column":17},"end":{"line":35,"column":18}},"loc":{"start":{"line":35,"column":26},"end":{"line":37,"column":9}},"line":35},"6":{"name":"(anonymous_6)","decl":{"start":{"line":39,"column":25},"end":{"line":39,"column":26}},"loc":{"start":{"line":39,"column":30},"end":{"line":41,"column":5}},"line":39},"7":{"name":"(anonymous_7)","decl":{"start":{"line":42,"column":4},"end":{"line":42,"column":5}},"loc":{"start":{"line":42,"column":13},"end":{"line":91,"column":5}},"line":42}},"branchMap":{"0":{"loc":{"start":{"line":63,"column":35},"end":{"line":63,"column":70}},"type":"cond-expr","locations":[{"start":{"line":63,"column":50},"end":{"line":63,"column":54}},{"start":{"line":63,"column":57},"end":{"line":63,"column":70}}],"line":63},"1":{"loc":{"start":{"line":64,"column":35},"end":{"line":64,"column":63}},"type":"cond-expr","locations":[{"start":{"line":64,"column":49},"end":{"line":64,"column":53}},{"start":{"line":64,"column":54},"end":{"line":64,"column":63}}],"line":64},"2":{"loc":{"start":{"line":65,"column":35},"end":{"line":65,"column":69}},"type":"cond-expr","locations":[{"start":{"line":65,"column":49},"end":{"line":65,"column":53}},{"start":{"line":65,"column":54},"end":{"line":65,"column":69}}],"line":65},"3":{"loc":{"start":{"line":66,"column":35},"end":{"line":66,"column":64}},"type":"cond-expr","locations":[{"start":{"line":66,"column":49},"end":{"line":66,"column":53}},{"start":{"line":66,"column":54},"end":{"line":66,"column":64}}],"line":66}},"s":{"0":1,"1":1,"2":1,"3":1,"4":0,"5":1,"6":0,"7":0,"8":0,"9":0,"10":1,"11":0,"12":1,"13":1,"14":1},"f":{"0":1,"1":1,"2":0,"3":0,"4":0,"5":0,"6":0,"7":1},"b":{"0":[1,0],"1":[1,0],"2":[1,0],"3":[1,0]},"_coverageSchema":"43e27e138ebf9cfc5966b082cf9a028302ed4184","hash":"27c072988d11543700232970be64f294eaa703a9"}
,"D:\\Repositories\\Yoke\\Code\\frontend\\src\\redux\\actions.js": {"path":"D:\\Repositories\\Yoke\\Code\\frontend\\src\\redux\\actions.js","statementMap":{"0":{"start":{"line":1,"column":32},"end":{"line":1,"column":48}},"1":{"start":{"line":2,"column":30},"end":{"line":2,"column":44}},"2":{"start":{"line":3,"column":31},"end":{"line":3,"column":46}},"3":{"start":{"line":5,"column":30},"end":{"line":5,"column":45}},"4":{"start":{"line":6,"column":25},"end":{"line":6,"column":35}},"5":{"start":{"line":7,"column":26},"end":{"line":7,"column":38}},"6":{"start":{"line":8,"column":30},"end":{"line":11,"column":2}},"7":{"start":{"line":8,"column":41},"end":{"line":11,"column":1}},"8":{"start":{"line":13,"column":28},"end":{"line":16,"column":2}},"9":{"start":{"line":13,"column":39},"end":{"line":16,"column":1}},"10":{"start":{"line":18,"column":29},"end":{"line":20,"column":2}},"11":{"start":{"line":18,"column":36},"end":{"line":20,"column":1}},"12":{"start":{"line":22,"column":29},"end":{"line":25,"column":2}},"13":{"start":{"line":22,"column":40},"end":{"line":25,"column":1}},"14":{"start":{"line":26,"column":24},"end":{"line":28,"column":2}},"15":{"start":{"line":26,"column":30},"end":{"line":28,"column":1}},"16":{"start":{"line":29,"column":26},"end":{"line":31,"column":2}},"17":{"start":{"line":29,"column":32},"end":{"line":31,"column":1}}},"fnMap":{"0":{"name":"(anonymous_0)","decl":{"start":{"line":8,"column":30},"end":{"line":8,"column":31}},"loc":{"start":{"line":8,"column":41},"end":{"line":11,"column":1}},"line":8},"1":{"name":"(anonymous_1)","decl":{"start":{"line":13,"column":28},"end":{"line":13,"column":29}},"loc":{"start":{"line":13,"column":39},"end":{"line":16,"column":1}},"line":13},"2":{"name":"(anonymous_2)","decl":{"start":{"line":18,"column":29},"end":{"line":18,"column":30}},"loc":{"start":{"line":18,"column":36},"end":{"line":20,"column":1}},"line":18},"3":{"name":"(anonymous_3)","decl":{"start":{"line":22,"column":29},"end":{"line":22,"column":30}},"loc":{"start":{"line":22,"column":40},"end":{"line":25,"column":1}},"line":22},"4":{"name":"(anonymous_4)","decl":{"start":{"line":26,"column":24},"end":{"line":26,"column":25}},"loc":{"start":{"line":26,"column":30},"end":{"line":28,"column":1}},"line":26},"5":{"name":"(anonymous_5)","decl":{"start":{"line":29,"column":26},"end":{"line":29,"column":27}},"loc":{"start":{"line":29,"column":32},"end":{"line":31,"column":1}},"line":29}},"branchMap":{},"s":{"0":4,"1":4,"2":4,"3":4,"4":4,"5":4,"6":4,"7":0,"8":4,"9":0,"10":4,"11":0,"12":4,"13":0,"14":4,"15":0,"16":4,"17":0},"f":{"0":0,"1":0,"2":0,"3":0,"4":0,"5":0},"b":{},"_coverageSchema":"43e27e138ebf9cfc5966b082cf9a028302ed4184","hash":"71249b842492edce38ce02a4e2539df58eaabb97"}
,"D:\\Repositories\\Yoke\\Code\\frontend\\src\\redux\\reducers.js": {"path":"D:\\Repositories\\Yoke\\Code\\frontend\\src\\redux\\reducers.js","statementMap":{"0":{"start":{"line":14,"column":4},"end":{"line":30,"column":5}},"1":{"start":{"line":16,"column":12},"end":{"line":19,"column":14}},"2":{"start":{"line":20,"column":12},"end":{"line":20,"column":31}},"3":{"start":{"line":21,"column":12},"end":{"line":21,"column":24}},"4":{"start":{"line":23,"column":12},"end":{"line":23,"column":31}},"5":{"start":{"line":24,"column":12},"end":{"line":24,"column":24}},"6":{"start":{"line":26,"column":12},"end":{"line":26,"column":24}},"7":{"start":{"line":27,"column":12},"end":{"line":27,"column":24}},"8":{"start":{"line":29,"column":12},"end":{"line":29,"column":24}},"9":{"start":{"line":34,"column":4},"end":{"line":40,"column":5}},"10":{"start":{"line":36,"column":12},"end":{"line":36,"column":31}},"11":{"start":{"line":37,"column":12},"end":{"line":37,"column":24}},"12":{"start":{"line":39,"column":12},"end":{"line":39,"column":24}},"13":{"start":{"line":44,"column":4},"end":{"line":51,"column":5}},"14":{"start":{"line":46,"column":12},"end":{"line":46,"column":23}},"15":{"start":{"line":48,"column":12},"end":{"line":48,"column":24}},"16":{"start":{"line":50,"column":12},"end":{"line":50,"column":24}},"17":{"start":{"line":54,"column":31},"end":{"line":58,"column":2}}},"fnMap":{"0":{"name":"userInfoReducer","decl":{"start":{"line":13,"column":9},"end":{"line":13,"column":24}},"loc":{"start":{"line":13,"column":63},"end":{"line":31,"column":1}},"line":13},"1":{"name":"courseReducer","decl":{"start":{"line":33,"column":9},"end":{"line":33,"column":22}},"loc":{"start":{"line":33,"column":63},"end":{"line":41,"column":1}},"line":33},"2":{"name":"loginStateReducer","decl":{"start":{"line":43,"column":9},"end":{"line":43,"column":26}},"loc":{"start":{"line":43,"column":67},"end":{"line":52,"column":1}},"line":43}},"branchMap":{"0":{"loc":{"start":{"line":13,"column":25},"end":{"line":13,"column":53}},"type":"default-arg","locations":[{"start":{"line":13,"column":31},"end":{"line":13,"column":53}}],"line":13},"1":{"loc":{"start":{"line":14,"column":4},"end":{"line":30,"column":5}},"type":"switch","locations":[{"start":{"line":15,"column":8},"end":{"line":21,"column":24}},{"start":{"line":22,"column":8},"end":{"line":24,"column":24}},{"start":{"line":25,"column":8},"end":{"line":27,"column":24}},{"start":{"line":28,"column":8},"end":{"line":29,"column":24}}],"line":14},"2":{"loc":{"start":{"line":33,"column":23},"end":{"line":33,"column":53}},"type":"default-arg","locations":[{"start":{"line":33,"column":29},"end":{"line":33,"column":53}}],"line":33},"3":{"loc":{"start":{"line":34,"column":4},"end":{"line":40,"column":5}},"type":"switch","locations":[{"start":{"line":35,"column":8},"end":{"line":37,"column":24}},{"start":{"line":38,"column":8},"end":{"line":39,"column":24}}],"line":34},"4":{"loc":{"start":{"line":43,"column":27},"end":{"line":43,"column":57}},"type":"default-arg","locations":[{"start":{"line":43,"column":33},"end":{"line":43,"column":57}}],"line":43},"5":{"loc":{"start":{"line":44,"column":4},"end":{"line":51,"column":5}},"type":"switch","locations":[{"start":{"line":45,"column":8},"end":{"line":46,"column":23}},{"start":{"line":47,"column":8},"end":{"line":48,"column":24}},{"start":{"line":49,"column":8},"end":{"line":50,"column":24}}],"line":44}},"s":{"0":12,"1":0,"2":0,"3":0,"4":0,"5":0,"6":0,"7":0,"8":12,"9":12,"10":0,"11":0,"12":12,"13":12,"14":0,"15":0,"16":12,"17":4},"f":{"0":12,"1":12,"2":12},"b":{"0":[8],"1":[0,0,0,12],"2":[8],"3":[0,12],"4":[9],"5":[0,0,12]},"_coverageSchema":"43e27e138ebf9cfc5966b082cf9a028302ed4184","hash":"89c2ff09a9965f1d7ee9c92bf1bec3db1d3832fb"}
,"D:\\Repositories\\Yoke\\Code\\frontend\\src\\redux\\state.js": {"path":"D:\\Repositories\\Yoke\\Code\\frontend\\src\\redux\\state.js","statementMap":{"0":{"start":{"line":1,"column":21},"end":{"line":5,"column":1}}},"fnMap":{},"branchMap":{},"s":{"0":4},"f":{},"b":{},"_coverageSchema":"43e27e138ebf9cfc5966b082cf9a028302ed4184","hash":"3f742e792480b4a22f074d653435dcd532e2e27b"}
,"D:\\Repositories\\Yoke\\Code\\frontend\\src\\utils\\ClassLogics.js": {"path":"D:\\Repositories\\Yoke\\Code\\frontend\\src\\utils\\ClassLogics.js","statementMap":{"0":{"start":{"line":3,"column":19},"end":{"line":3,"column":41}},"1":{"start":{"line":4,"column":2},"end":{"line":10,"column":10}},"2":{"start":{"line":5,"column":4},"end":{"line":10,"column":10}},"3":{"start":{"line":6,"column":6},"end":{"line":10,"column":10}},"4":{"start":{"line":7,"column":8},"end":{"line":10,"column":10}},"5":{"start":{"line":11,"column":23},"end":{"line":11,"column":25}},"6":{"start":{"line":12,"column":2},"end":{"line":43,"column":3}},"7":{"start":{"line":13,"column":4},"end":{"line":13,"column":79}},"8":{"start":{"line":13,"column":38},"end":{"line":13,"column":78}},"9":{"start":{"line":14,"column":22},"end":{"line":14,"column":24}},"10":{"start":{"line":15,"column":18},"end":{"line":18,"column":5}},"11":{"start":{"line":19,"column":17},"end":{"line":19,"column":18}},"12":{"start":{"line":20,"column":4},"end":{"line":36,"column":5}},"13":{"start":{"line":21,"column":6},"end":{"line":35,"column":7}},"14":{"start":{"line":22,"column":8},"end":{"line":26,"column":12}},"15":{"start":{"line":23,"column":10},"end":{"line":26,"column":12}},"16":{"start":{"line":27,"column":8},"end":{"line":27,"column":30}},"17":{"start":{"line":28,"column":8},"end":{"line":31,"column":9}},"18":{"start":{"line":32,"column":8},"end":{"line":32,"column":33}},"19":{"start":{"line":34,"column":8},"end":{"line":34,"column":22}},"20":{"start":{"line":37,"column":4},"end":{"line":41,"column":8}},"21":{"start":{"line":38,"column":6},"end":{"line":41,"column":8}},"22":{"start":{"line":42,"column":4},"end":{"line":42,"column":37}},"23":{"start":{"line":44,"column":2},"end":{"line":44,"column":47}},"24":{"start":{"line":45,"column":2},"end":{"line":45,"column":24}}},"fnMap":{"0":{"name":"getWeekClassTable","decl":{"start":{"line":1,"column":16},"end":{"line":1,"column":33}},"loc":{"start":{"line":1,"column":46},"end":{"line":46,"column":1}},"line":1},"1":{"name":"(anonymous_1)","decl":{"start":{"line":13,"column":17},"end":{"line":13,"column":18}},"loc":{"start":{"line":13,"column":38},"end":{"line":13,"column":78}},"line":13}},"branchMap":{"0":{"loc":{"start":{"line":6,"column":6},"end":{"line":10,"column":10}},"type":"if","locations":[{"start":{"line":6,"column":6},"end":{"line":10,"column":10}},{"start":{"line":6,"column":6},"end":{"line":10,"column":10}}],"line":6},"1":{"loc":{"start":{"line":13,"column":38},"end":{"line":13,"column":78}},"type":"cond-expr","locations":[{"start":{"line":13,"column":72},"end":{"line":13,"column":74}},{"start":{"line":13,"column":77},"end":{"line":13,"column":78}}],"line":13},"2":{"loc":{"start":{"line":21,"column":6},"end":{"line":35,"column":7}},"type":"if","locations":[{"start":{"line":21,"column":6},"end":{"line":35,"column":7}},{"start":{"line":21,"column":6},"end":{"line":35,"column":7}}],"line":21},"3":{"loc":{"start":{"line":22,"column":8},"end":{"line":26,"column":12}},"type":"if","locations":[{"start":{"line":22,"column":8},"end":{"line":26,"column":12}},{"start":{"line":22,"column":8},"end":{"line":26,"column":12}}],"line":22},"4":{"loc":{"start":{"line":37,"column":4},"end":{"line":41,"column":8}},"type":"if","locations":[{"start":{"line":37,"column":4},"end":{"line":41,"column":8}},{"start":{"line":37,"column":4},"end":{"line":41,"column":8}}],"line":37}},"s":{"0":1,"1":1,"2":9,"3":378,"4":22,"5":1,"6":1,"7":7,"8":42,"9":7,"10":7,"11":7,"12":7,"13":22,"14":10,"15":4,"16":10,"17":10,"18":10,"19":12,"20":7,"21":7,"22":7,"23":1,"24":1},"f":{"0":1,"1":42},"b":{"0":[22,356],"1":[17,25],"2":[10,12],"3":[4,6],"4":[7,0]},"_coverageSchema":"43e27e138ebf9cfc5966b082cf9a028302ed4184","hash":"17f3f4b49c2eea11017aa44703cfab86071bb135"}
,"D:\\Repositories\\Yoke\\Code\\frontend\\src\\utils\\ErrorAlert.js": {"path":"D:\\Repositories\\Yoke\\Code\\frontend\\src\\utils\\ErrorAlert.js","statementMap":{"0":{"start":{"line":5,"column":2},"end":{"line":12,"column":3}},"1":{"start":{"line":9,"column":34},"end":{"line":9,"column":59}}},"fnMap":{"0":{"name":"EmitError","decl":{"start":{"line":4,"column":16},"end":{"line":4,"column":25}},"loc":{"start":{"line":4,"column":39},"end":{"line":13,"column":1}},"line":4},"1":{"name":"(anonymous_1)","decl":{"start":{"line":9,"column":28},"end":{"line":9,"column":29}},"loc":{"start":{"line":9,"column":34},"end":{"line":9,"column":59}},"line":9}},"branchMap":{},"s":{"0":1,"1":0},"f":{"0":1,"1":0},"b":{},"_coverageSchema":"43e27e138ebf9cfc5966b082cf9a028302ed4184","hash":"f5be5059f67c23b952dfb6c3411641d9e95ea11b"}
,"D:\\Repositories\\Yoke\\Code\\frontend\\src\\utils\\LocalStorage.js": {"path":"D:\\Repositories\\Yoke\\Code\\frontend\\src\\utils\\LocalStorage.js","statementMap":{"0":{"start":{"line":7,"column":59},"end":{"line":7,"column":65}},"1":{"start":{"line":8,"column":2},"end":{"line":12,"column":4}},"2":{"start":{"line":16,"column":22},"end":{"line":16,"column":28}},"3":{"start":{"line":17,"column":2},"end":{"line":20,"column":4}},"4":{"start":{"line":22,"column":0},"end":{"line":25,"column":1}}},"fnMap":{"0":{"name":"loadData","decl":{"start":{"line":6,"column":9},"end":{"line":6,"column":17}},"loc":{"start":{"line":6,"column":27},"end":{"line":13,"column":1}},"line":6},"1":{"name":"saveData","decl":{"start":{"line":15,"column":9},"end":{"line":15,"column":17}},"loc":{"start":{"line":15,"column":27},"end":{"line":21,"column":1}},"line":15}},"branchMap":{"0":{"loc":{"start":{"line":7,"column":14},"end":{"line":7,"column":30}},"type":"default-arg","locations":[{"start":{"line":7,"column":25},"end":{"line":7,"column":30}}],"line":7},"1":{"loc":{"start":{"line":7,"column":32},"end":{"line":7,"column":55}},"type":"default-arg","locations":[{"start":{"line":7,"column":50},"end":{"line":7,"column":55}}],"line":7}},"s":{"0":1,"1":1,"2":1,"3":1,"4":5},"f":{"0":1,"1":1},"b":{"0":[1],"1":[1]},"_coverageSchema":"43e27e138ebf9cfc5966b082cf9a028302ed4184","hash":"91f34ae2636b65155b41fa3e589e0b1b7a5dd633"}
}
