{"D:\\Repositories\\Yoke\\Code\\frontend\\public\\images\\bg.png": {"path":"D:\\Repositories\\Yoke\\Code\\frontend\\public\\images\\bg.png","statementMap":{"0":{"start":{"line":1,"column":0},"end":{"line":4,"column":6}}},"fnMap":{},"branchMap":{},"s":{"0":1},"f":{},"b":{},"_coverageSchema":"43e27e138ebf9cfc5966b082cf9a028302ed4184","hash":"59448a9338447ef913e28ad41ce97b22757a601e"}
,"D:\\Repositories\\Yoke\\Code\\frontend\\public\\images\\logo-transparent.png": {"path":"D:\\Repositories\\Yoke\\Code\\frontend\\public\\images\\logo-transparent.png","statementMap":{"0":{"start":{"line":1,"column":0},"end":{"line":4,"column":6}}},"fnMap":{},"branchMap":{},"s":{"0":1},"f":{},"b":{},"_coverageSchema":"43e27e138ebf9cfc5966b082cf9a028302ed4184","hash":"60328834f2586ff424445fca0d5248a1d331627d"}
,"D:\\Repositories\\Yoke\\Code\\frontend\\src\\Global.js": {"path":"D:\\Repositories\\Yoke\\Code\\frontend\\src\\Global.js","statementMap":{"0":{"start":{"line":4,"column":14},"end":{"line":10,"column":2}},"1":{"start":{"line":12,"column":0},"end":{"line":12,"column":24}},"2":{"start":{"line":14,"column":0},"end":{"line":14,"column":44}}},"fnMap":{},"branchMap":{},"s":{"0":4,"1":4,"2":4},"f":{},"b":{},"_coverageSchema":"43e27e138ebf9cfc5966b082cf9a028302ed4184","hash":"7168a1d140e0a06b53603962431af41dbc6e4d7c"}
,"D:\\Repositories\\Yoke\\Code\\frontend\\src\\components\\CommentAbstract.js": {"path":"D:\\Repositories\\Yoke\\Code\\frontend\\src\\components\\CommentAbstract.js","statementMap":{"0":{"start":{"line":18,"column":4},"end":{"line":22,"column":5}},"1":{"start":{"line":27,"column":10},"end":{"line":29,"column":3}},"2":{"start":{"line":32,"column":4},"end":{"line":32,"column":34}},"3":{"start":{"line":35,"column":19},"end":{"line":47,"column":3}},"4":{"start":{"line":36,"column":22},"end":{"line":36,"column":76}},"5":{"start":{"line":37,"column":4},"end":{"line":46,"column":6}},"6":{"start":{"line":41,"column":6},"end":{"line":43,"column":8}},"7":{"start":{"line":45,"column":6},"end":{"line":45,"column":33}},"8":{"start":{"line":50,"column":22},"end":{"line":50,"column":86}},"9":{"start":{"line":52,"column":4},"end":{"line":74,"column":5}},"10":{"start":{"line":77,"column":15},"end":{"line":116,"column":2}}},"fnMap":{"0":{"name":"(anonymous_0)","decl":{"start":{"line":17,"column":2},"end":{"line":17,"column":3}},"loc":{"start":{"line":17,"column":12},"end":{"line":23,"column":3}},"line":17},"1":{"name":"(anonymous_1)","decl":{"start":{"line":31,"column":2},"end":{"line":31,"column":3}},"loc":{"start":{"line":31,"column":53},"end":{"line":33,"column":3}},"line":31},"2":{"name":"(anonymous_2)","decl":{"start":{"line":35,"column":19},"end":{"line":35,"column":20}},"loc":{"start":{"line":35,"column":30},"end":{"line":47,"column":3}},"line":35},"3":{"name":"(anonymous_3)","decl":{"start":{"line":40,"column":12},"end":{"line":40,"column":13}},"loc":{"start":{"line":40,"column":24},"end":{"line":44,"column":5}},"line":40},"4":{"name":"(anonymous_4)","decl":{"start":{"line":44,"column":13},"end":{"line":44,"column":14}},"loc":{"start":{"line":44,"column":20},"end":{"line":46,"column":5}},"line":44},"5":{"name":"(anonymous_5)","decl":{"start":{"line":49,"column":2},"end":{"line":49,"column":3}},"loc":{"start":{"line":49,"column":12},"end":{"line":75,"column":3}},"line":49}},"branchMap":{"0":{"loc":{"start":{"line":36,"column":22},"end":{"line":36,"column":76}},"type":"cond-expr","locations":[{"start":{"line":36,"column":38},"end":{"line":36,"column":58}},{"start":{"line":36,"column":61},"end":{"line":36,"column":76}}],"line":36},"1":{"loc":{"start":{"line":50,"column":22},"end":{"line":50,"column":86}},"type":"cond-expr","locations":[{"start":{"line":50,"column":57},"end":{"line":50,"column":61}},{"start":{"line":50,"column":64},"end":{"line":50,"column":86}}],"line":50}},"s":{"0":3,"1":4,"2":2,"3":4,"4":3,"5":3,"6":2,"7":1,"8":6,"9":6,"10":5},"f":{"0":3,"1":2,"2":3,"3":2,"4":1,"5":6},"b":{"0":[1,2],"1":[4,2]},"_coverageSchema":"43e27e138ebf9cfc5966b082cf9a028302ed4184","hash":"4272f907fde03d8d83411e42579cb2a5102cb87b"}
,"D:\\Repositories\\Yoke\\Code\\frontend\\src\\components\\CommentItem.js": {"path":"D:\\Repositories\\Yoke\\Code\\frontend\\src\\components\\CommentItem.js","statementMap":{"0":{"start":{"line":18,"column":5},"end":{"line":18,"column":17}},"1":{"start":{"line":19,"column":19},"end":{"line":19,"column":94}},"2":{"start":{"line":20,"column":4},"end":{"line":23,"column":5}},"3":{"start":{"line":26,"column":18},"end":{"line":26,"column":101}},"4":{"start":{"line":27,"column":4},"end":{"line":29,"column":6}},"5":{"start":{"line":32,"column":20},"end":{"line":36,"column":3}},"6":{"start":{"line":33,"column":4},"end":{"line":35,"column":6}},"7":{"start":{"line":37,"column":16},"end":{"line":43,"column":3}},"8":{"start":{"line":38,"column":4},"end":{"line":41,"column":37}},"9":{"start":{"line":40,"column":8},"end":{"line":40,"column":29}},"10":{"start":{"line":41,"column":20},"end":{"line":41,"column":36}},"11":{"start":{"line":42,"column":4},"end":{"line":42,"column":23}},"12":{"start":{"line":44,"column":16},"end":{"line":48,"column":3}},"13":{"start":{"line":45,"column":4},"end":{"line":47,"column":6}},"14":{"start":{"line":49,"column":16},"end":{"line":67,"column":3}},"15":{"start":{"line":50,"column":37},"end":{"line":50,"column":47}},"16":{"start":{"line":51,"column":4},"end":{"line":65,"column":5}},"17":{"start":{"line":52,"column":6},"end":{"line":57,"column":44}},"18":{"start":{"line":56,"column":8},"end":{"line":56,"column":29}},"19":{"start":{"line":57,"column":25},"end":{"line":57,"column":42}},"20":{"start":{"line":59,"column":6},"end":{"line":64,"column":44}},"21":{"start":{"line":63,"column":8},"end":{"line":63,"column":29}},"22":{"start":{"line":64,"column":25},"end":{"line":64,"column":42}},"23":{"start":{"line":71,"column":8},"end":{"line":71,"column":18}},"24":{"start":{"line":73,"column":28},"end":{"line":73,"column":38}},"25":{"start":{"line":74,"column":4},"end":{"line":140,"column":5}},"26":{"start":{"line":122,"column":22},"end":{"line":126,"column":34}},"27":{"start":{"line":143,"column":15},"end":{"line":229,"column":2}}},"fnMap":{"0":{"name":"(anonymous_0)","decl":{"start":{"line":17,"column":3},"end":{"line":17,"column":4}},"loc":{"start":{"line":17,"column":22},"end":{"line":24,"column":4}},"line":17},"1":{"name":"(anonymous_1)","decl":{"start":{"line":25,"column":2},"end":{"line":25,"column":3}},"loc":{"start":{"line":25,"column":53},"end":{"line":30,"column":3}},"line":25},"2":{"name":"(anonymous_2)","decl":{"start":{"line":32,"column":20},"end":{"line":32,"column":21}},"loc":{"start":{"line":32,"column":24},"end":{"line":36,"column":3}},"line":32},"3":{"name":"(anonymous_3)","decl":{"start":{"line":37,"column":16},"end":{"line":37,"column":17}},"loc":{"start":{"line":37,"column":23},"end":{"line":43,"column":3}},"line":37},"4":{"name":"(anonymous_4)","decl":{"start":{"line":39,"column":12},"end":{"line":39,"column":13}},"loc":{"start":{"line":39,"column":22},"end":{"line":41,"column":7}},"line":39},"5":{"name":"(anonymous_5)","decl":{"start":{"line":41,"column":15},"end":{"line":41,"column":16}},"loc":{"start":{"line":41,"column":20},"end":{"line":41,"column":36}},"line":41},"6":{"name":"(anonymous_6)","decl":{"start":{"line":44,"column":16},"end":{"line":44,"column":17}},"loc":{"start":{"line":44,"column":20},"end":{"line":48,"column":3}},"line":44},"7":{"name":"(anonymous_7)","decl":{"start":{"line":49,"column":16},"end":{"line":49,"column":17}},"loc":{"start":{"line":49,"column":21},"end":{"line":67,"column":3}},"line":49},"8":{"name":"(anonymous_8)","decl":{"start":{"line":55,"column":14},"end":{"line":55,"column":15}},"loc":{"start":{"line":55,"column":28},"end":{"line":57,"column":7}},"line":55},"9":{"name":"(anonymous_9)","decl":{"start":{"line":57,"column":15},"end":{"line":57,"column":16}},"loc":{"start":{"line":57,"column":24},"end":{"line":57,"column":43}},"line":57},"10":{"name":"(anonymous_10)","decl":{"start":{"line":62,"column":14},"end":{"line":62,"column":15}},"loc":{"start":{"line":62,"column":20},"end":{"line":64,"column":7}},"line":62},"11":{"name":"(anonymous_11)","decl":{"start":{"line":64,"column":15},"end":{"line":64,"column":16}},"loc":{"start":{"line":64,"column":24},"end":{"line":64,"column":43}},"line":64},"12":{"name":"(anonymous_12)","decl":{"start":{"line":68,"column":2},"end":{"line":68,"column":3}},"loc":{"start":{"line":68,"column":10},"end":{"line":141,"column":3}},"line":68},"13":{"name":"(anonymous_13)","decl":{"start":{"line":121,"column":60},"end":{"line":121,"column":61}},"loc":{"start":{"line":121,"column":77},"end":{"line":127,"column":21}},"line":121}},"branchMap":{"0":{"loc":{"start":{"line":19,"column":19},"end":{"line":19,"column":94}},"type":"cond-expr","locations":[{"start":{"line":19,"column":48},"end":{"line":19,"column":86}},{"start":{"line":19,"column":89},"end":{"line":19,"column":94}}],"line":19},"1":{"loc":{"start":{"line":26,"column":18},"end":{"line":26,"column":101}},"type":"cond-expr","locations":[{"start":{"line":26,"column":51},"end":{"line":26,"column":93}},{"start":{"line":26,"column":96},"end":{"line":26,"column":101}}],"line":26},"2":{"loc":{"start":{"line":51,"column":4},"end":{"line":65,"column":5}},"type":"if","locations":[{"start":{"line":51,"column":4},"end":{"line":65,"column":5}},{"start":{"line":51,"column":4},"end":{"line":65,"column":5}}],"line":51},"3":{"loc":{"start":{"line":70,"column":6},"end":{"line":70,"column":25}},"type":"default-arg","locations":[{"start":{"line":70,"column":21},"end":{"line":70,"column":25}}],"line":70},"4":{"loc":{"start":{"line":77,"column":8},"end":{"line":132,"column":18}},"type":"cond-expr","locations":[{"start":{"line":78,"column":11},"end":{"line":84,"column":17}},{"start":{"line":86,"column":11},"end":{"line":132,"column":17}}],"line":77},"5":{"loc":{"start":{"line":115,"column":60},"end":{"line":115,"column":186}},"type":"cond-expr","locations":[{"start":{"line":115,"column":81},"end":{"line":115,"column":142}},{"start":{"line":115,"column":144},"end":{"line":115,"column":186}}],"line":115}},"s":{"0":6,"1":6,"2":6,"3":2,"4":2,"5":6,"6":1,"7":6,"8":2,"9":1,"10":1,"11":2,"12":6,"13":2,"14":6,"15":4,"16":4,"17":2,"18":1,"19":1,"20":2,"21":1,"22":1,"23":13,"24":13,"25":13,"26":27,"27":6},"f":{"0":6,"1":2,"2":1,"3":2,"4":1,"5":1,"6":2,"7":4,"8":1,"9":1,"10":1,"11":1,"12":13,"13":27},"b":{"0":[2,4],"1":[1,1],"2":[2,2],"3":[1],"4":[4,9],"5":[4,5]},"_coverageSchema":"43e27e138ebf9cfc5966b082cf9a028302ed4184","hash":"79e1dd07ba62d37ff5bea5b047bb327c176530ab"}
,"D:\\Repositories\\Yoke\\Code\\frontend\\src\\components\\CourseDetail.js": {"path":"D:\\Repositories\\Yoke\\Code\\frontend\\src\\components\\CourseDetail.js","statementMap":{"0":{"start":{"line":15,"column":25},"end":{"line":28,"column":1}},"1":{"start":{"line":16,"column":24},"end":{"line":16,"column":29}},"2":{"start":{"line":17,"column":24},"end":{"line":17,"column":65}},"3":{"start":{"line":18,"column":2},"end":{"line":27,"column":4}},"4":{"start":{"line":30,"column":24},"end":{"line":32,"column":2}},"5":{"start":{"line":30,"column":35},"end":{"line":32,"column":1}},"6":{"start":{"line":34,"column":27},"end":{"line":41,"column":2}},"7":{"start":{"line":34,"column":39},"end":{"line":41,"column":1}},"8":{"start":{"line":36,"column":6},"end":{"line":36,"column":38}},"9":{"start":{"line":39,"column":6},"end":{"line":39,"column":43}},"10":{"start":{"line":43,"column":10},"end":{"line":45,"column":3}},"11":{"start":{"line":47,"column":29},"end":{"line":51,"column":3}},"12":{"start":{"line":48,"column":4},"end":{"line":50,"column":6}},"13":{"start":{"line":53,"column":14},"end":{"line":60,"column":3}},"14":{"start":{"line":54,"column":30},"end":{"line":54,"column":40}},"15":{"start":{"line":55,"column":4},"end":{"line":59,"column":5}},"16":{"start":{"line":55,"column":30},"end":{"line":55,"column":65}},"17":{"start":{"line":56,"column":6},"end":{"line":56,"column":43}},"18":{"start":{"line":58,"column":6},"end":{"line":58,"column":38}},"19":{"start":{"line":61,"column":16},"end":{"line":61,"column":60}},"20":{"start":{"line":61,"column":30},"end":{"line":61,"column":60}},"21":{"start":{"line":62,"column":18},"end":{"line":62,"column":51}},"22":{"start":{"line":62,"column":35},"end":{"line":62,"column":51}},"23":{"start":{"line":64,"column":30},"end":{"line":64,"column":40}},"24":{"start":{"line":65,"column":35},"end":{"line":65,"column":45}},"25":{"start":{"line":66,"column":22},"end":{"line":66,"column":107}},"26":{"start":{"line":66,"column":45},"end":{"line":66,"column":80}},"27":{"start":{"line":67,"column":19},"end":{"line":67,"column":21}},"28":{"start":{"line":68,"column":4},"end":{"line":75,"column":5}},"29":{"start":{"line":69,"column":6},"end":{"line":73,"column":9}},"30":{"start":{"line":70,"column":8},"end":{"line":72,"column":9}},"31":{"start":{"line":71,"column":10},"end":{"line":71,"column":51}},"32":{"start":{"line":74,"column":6},"end":{"line":74,"column":58}},"33":{"start":{"line":76,"column":4},"end":{"line":123,"column":5}},"34":{"start":{"line":126,"column":15},"end":{"line":183,"column":2}}},"fnMap":{"0":{"name":"(anonymous_0)","decl":{"start":{"line":15,"column":25},"end":{"line":15,"column":26}},"loc":{"start":{"line":15,"column":35},"end":{"line":28,"column":1}},"line":15},"1":{"name":"(anonymous_1)","decl":{"start":{"line":30,"column":24},"end":{"line":30,"column":25}},"loc":{"start":{"line":30,"column":35},"end":{"line":32,"column":1}},"line":30},"2":{"name":"(anonymous_2)","decl":{"start":{"line":34,"column":27},"end":{"line":34,"column":28}},"loc":{"start":{"line":34,"column":39},"end":{"line":41,"column":1}},"line":34},"3":{"name":"(anonymous_3)","decl":{"start":{"line":35,"column":19},"end":{"line":35,"column":20}},"loc":{"start":{"line":35,"column":30},"end":{"line":37,"column":5}},"line":35},"4":{"name":"(anonymous_4)","decl":{"start":{"line":38,"column":23},"end":{"line":38,"column":24}},"loc":{"start":{"line":38,"column":35},"end":{"line":40,"column":5}},"line":38},"5":{"name":"(anonymous_5)","decl":{"start":{"line":47,"column":29},"end":{"line":47,"column":30}},"loc":{"start":{"line":47,"column":33},"end":{"line":51,"column":3}},"line":47},"6":{"name":"(anonymous_6)","decl":{"start":{"line":53,"column":14},"end":{"line":53,"column":15}},"loc":{"start":{"line":53,"column":18},"end":{"line":60,"column":3}},"line":53},"7":{"name":"(anonymous_7)","decl":{"start":{"line":55,"column":21},"end":{"line":55,"column":22}},"loc":{"start":{"line":55,"column":30},"end":{"line":55,"column":65}},"line":55},"8":{"name":"(anonymous_8)","decl":{"start":{"line":61,"column":16},"end":{"line":61,"column":17}},"loc":{"start":{"line":61,"column":30},"end":{"line":61,"column":60}},"line":61},"9":{"name":"(anonymous_9)","decl":{"start":{"line":62,"column":18},"end":{"line":62,"column":19}},"loc":{"start":{"line":62,"column":35},"end":{"line":62,"column":51}},"line":62},"10":{"name":"(anonymous_10)","decl":{"start":{"line":63,"column":2},"end":{"line":63,"column":3}},"loc":{"start":{"line":63,"column":10},"end":{"line":124,"column":3}},"line":63},"11":{"name":"(anonymous_11)","decl":{"start":{"line":66,"column":36},"end":{"line":66,"column":37}},"loc":{"start":{"line":66,"column":45},"end":{"line":66,"column":80}},"line":66},"12":{"name":"(anonymous_12)","decl":{"start":{"line":69,"column":29},"end":{"line":69,"column":30}},"loc":{"start":{"line":69,"column":42},"end":{"line":73,"column":7}},"line":69}},"branchMap":{"0":{"loc":{"start":{"line":21,"column":8},"end":{"line":21,"column":105}},"type":"binary-expr","locations":[{"start":{"line":21,"column":8},"end":{"line":21,"column":21}},{"start":{"line":21,"column":25},"end":{"line":21,"column":105}}],"line":21},"1":{"loc":{"start":{"line":25,"column":7},"end":{"line":25,"column":123}},"type":"cond-expr","locations":[{"start":{"line":25,"column":37},"end":{"line":25,"column":41}},{"start":{"line":25,"column":43},"end":{"line":25,"column":123}}],"line":25},"2":{"loc":{"start":{"line":55,"column":4},"end":{"line":59,"column":5}},"type":"if","locations":[{"start":{"line":55,"column":4},"end":{"line":59,"column":5}},{"start":{"line":55,"column":4},"end":{"line":59,"column":5}}],"line":55},"3":{"loc":{"start":{"line":66,"column":22},"end":{"line":66,"column":107}},"type":"cond-expr","locations":[{"start":{"line":66,"column":84},"end":{"line":66,"column":95}},{"start":{"line":66,"column":98},"end":{"line":66,"column":107}}],"line":66},"4":{"loc":{"start":{"line":68,"column":4},"end":{"line":75,"column":5}},"type":"if","locations":[{"start":{"line":68,"column":4},"end":{"line":75,"column":5}},{"start":{"line":68,"column":4},"end":{"line":75,"column":5}}],"line":68},"5":{"loc":{"start":{"line":70,"column":8},"end":{"line":72,"column":9}},"type":"if","locations":[{"start":{"line":70,"column":8},"end":{"line":72,"column":9}},{"start":{"line":70,"column":8},"end":{"line":72,"column":9}}],"line":70},"6":{"loc":{"start":{"line":93,"column":70},"end":{"line":93,"column":119}},"type":"cond-expr","locations":[{"start":{"line":93,"column":95},"end":{"line":93,"column":96}},{"start":{"line":93,"column":98},"end":{"line":93,"column":119}}],"line":93},"7":{"loc":{"start":{"line":97,"column":10},"end":{"line":112,"column":17}},"type":"binary-expr","locations":[{"start":{"line":97,"column":10},"end":{"line":97,"column":32}},{"start":{"line":98,"column":10},"end":{"line":112,"column":17}}],"line":97},"8":{"loc":{"start":{"line":109,"column":32},"end":{"line":109,"column":77}},"type":"cond-expr","locations":[{"start":{"line":109,"column":54},"end":{"line":109,"column":64}},{"start":{"line":109,"column":65},"end":{"line":109,"column":77}}],"line":109},"9":{"loc":{"start":{"line":115,"column":10},"end":{"line":120,"column":16}},"type":"binary-expr","locations":[{"start":{"line":115,"column":10},"end":{"line":115,"column":30}},{"start":{"line":116,"column":14},"end":{"line":120,"column":16}}],"line":115}},"s":{"0":5,"1":2,"2":2,"3":2,"4":5,"5":9,"6":5,"7":7,"8":1,"9":1,"10":7,"11":7,"12":2,"13":7,"14":2,"15":2,"16":2,"17":1,"18":1,"19":7,"20":1,"21":7,"22":1,"23":13,"24":13,"25":13,"26":10,"27":13,"28":13,"29":9,"30":29,"31":24,"32":9,"33":13,"34":5},"f":{"0":2,"1":9,"2":7,"3":1,"4":1,"5":2,"6":2,"7":2,"8":1,"9":1,"10":13,"11":10,"12":29},"b":{"0":[2,2],"1":[1,1],"2":[1,1],"3":[5,8],"4":[9,4],"5":[24,5],"6":[4,9],"7":[13,9],"8":[2,7],"9":[13,4]},"_coverageSchema":"43e27e138ebf9cfc5966b082cf9a028302ed4184","hash":"459d2e34c833cebd2ce51c789d36cb3463a50282"}
,"D:\\Repositories\\Yoke\\Code\\frontend\\src\\components\\CourseList.js": {"path":"D:\\Repositories\\Yoke\\Code\\frontend\\src\\components\\CourseList.js","statementMap":{"0":{"start":{"line":15,"column":14},"end":{"line":19,"column":5}},"1":{"start":{"line":16,"column":6},"end":{"line":18,"column":8}},"2":{"start":{"line":22,"column":8},"end":{"line":98,"column":9}},"3":{"start":{"line":29,"column":32},"end":{"line":84,"column":50}},"4":{"start":{"line":39,"column":65},"end":{"line":39,"column":83}},"5":{"start":{"line":86,"column":52},"end":{"line":86,"column":77}},"6":{"start":{"line":102,"column":15},"end":{"line":181,"column":2}}},"fnMap":{"0":{"name":"(anonymous_0)","decl":{"start":{"line":15,"column":14},"end":{"line":15,"column":15}},"loc":{"start":{"line":15,"column":24},"end":{"line":19,"column":5}},"line":15},"1":{"name":"(anonymous_1)","decl":{"start":{"line":21,"column":4},"end":{"line":21,"column":5}},"loc":{"start":{"line":21,"column":13},"end":{"line":99,"column":5}},"line":21},"2":{"name":"(anonymous_2)","decl":{"start":{"line":28,"column":40},"end":{"line":28,"column":41}},"loc":{"start":{"line":29,"column":32},"end":{"line":84,"column":50}},"line":29},"3":{"name":"(anonymous_3)","decl":{"start":{"line":39,"column":59},"end":{"line":39,"column":60}},"loc":{"start":{"line":39,"column":65},"end":{"line":39,"column":83}},"line":39},"4":{"name":"(anonymous_4)","decl":{"start":{"line":86,"column":42},"end":{"line":86,"column":43}},"loc":{"start":{"line":86,"column":52},"end":{"line":86,"column":77}},"line":86}},"branchMap":{"0":{"loc":{"start":{"line":25,"column":20},"end":{"line":95,"column":31}},"type":"cond-expr","locations":[{"start":{"line":26,"column":24},"end":{"line":87,"column":26}},{"start":{"line":89,"column":24},"end":{"line":95,"column":31}}],"line":25},"1":{"loc":{"start":{"line":79,"column":64},"end":{"line":79,"column":84}},"type":"cond-expr","locations":[{"start":{"line":79,"column":77},"end":{"line":79,"column":80}},{"start":{"line":79,"column":81},"end":{"line":79,"column":84}}],"line":79}},"s":{"0":4,"1":0,"2":4,"3":0,"4":0,"5":0,"6":2},"f":{"0":0,"1":4,"2":0,"3":0,"4":0},"b":{"0":[0,0],"1":[0,0]},"_coverageSchema":"43e27e138ebf9cfc5966b082cf9a028302ed4184","hash":"eda3c5682cc85c310d2c80ce59b6dde3e4735365"}
,"D:\\Repositories\\Yoke\\Code\\frontend\\src\\components\\Drawer.js": {"path":"D:\\Repositories\\Yoke\\Code\\frontend\\src\\components\\Drawer.js","statementMap":{"0":{"start":{"line":12,"column":13},"end":{"line":88,"column":1}},"1":{"start":{"line":91,"column":12},"end":{"line":94,"column":5}},"2":{"start":{"line":97,"column":19},"end":{"line":97,"column":34}},"3":{"start":{"line":98,"column":8},"end":{"line":102,"column":9}},"4":{"start":{"line":99,"column":12},"end":{"line":101,"column":13}},"5":{"start":{"line":100,"column":16},"end":{"line":100,"column":40}},"6":{"start":{"line":104,"column":8},"end":{"line":106,"column":10}},"7":{"start":{"line":109,"column":12},"end":{"line":156,"column":5}},"8":{"start":{"line":110,"column":8},"end":{"line":112,"column":10}},"9":{"start":{"line":114,"column":19},"end":{"line":114,"column":34}},"10":{"start":{"line":115,"column":8},"end":{"line":122,"column":9}},"11":{"start":{"line":116,"column":12},"end":{"line":116,"column":33}},"12":{"start":{"line":117,"column":12},"end":{"line":121,"column":17}},"13":{"start":{"line":118,"column":16},"end":{"line":121,"column":17}},"14":{"start":{"line":119,"column":20},"end":{"line":119,"column":40}},"15":{"start":{"line":120,"column":20},"end":{"line":120,"column":25}},"16":{"start":{"line":124,"column":8},"end":{"line":131,"column":9}},"17":{"start":{"line":125,"column":12},"end":{"line":125,"column":33}},"18":{"start":{"line":126,"column":12},"end":{"line":130,"column":17}},"19":{"start":{"line":127,"column":16},"end":{"line":130,"column":17}},"20":{"start":{"line":128,"column":20},"end":{"line":128,"column":40}},"21":{"start":{"line":129,"column":20},"end":{"line":129,"column":25}},"22":{"start":{"line":133,"column":8},"end":{"line":140,"column":9}},"23":{"start":{"line":134,"column":12},"end":{"line":134,"column":33}},"24":{"start":{"line":135,"column":12},"end":{"line":139,"column":17}},"25":{"start":{"line":136,"column":16},"end":{"line":139,"column":17}},"26":{"start":{"line":137,"column":20},"end":{"line":137,"column":40}},"27":{"start":{"line":138,"column":20},"end":{"line":138,"column":25}},"28":{"start":{"line":142,"column":8},"end":{"line":145,"column":40}},"29":{"start":{"line":143,"column":12},"end":{"line":145,"column":40}},"30":{"start":{"line":144,"column":16},"end":{"line":144,"column":36}},"31":{"start":{"line":145,"column":19},"end":{"line":145,"column":40}},"32":{"start":{"line":148,"column":8},"end":{"line":151,"column":40}},"33":{"start":{"line":149,"column":12},"end":{"line":151,"column":40}},"34":{"start":{"line":150,"column":16},"end":{"line":150,"column":36}},"35":{"start":{"line":151,"column":19},"end":{"line":151,"column":40}},"36":{"start":{"line":153,"column":8},"end":{"line":155,"column":10}},"37":{"start":{"line":158,"column":16},"end":{"line":160,"column":5}},"38":{"start":{"line":159,"column":8},"end":{"line":159,"column":56}},"39":{"start":{"line":162,"column":15},"end":{"line":164,"column":5}},"40":{"start":{"line":163,"column":8},"end":{"line":163,"column":37}},"41":{"start":{"line":166,"column":19},"end":{"line":170,"column":5}},"42":{"start":{"line":167,"column":8},"end":{"line":169,"column":10}},"43":{"start":{"line":175,"column":12},"end":{"line":175,"column":22}},"44":{"start":{"line":179,"column":12},"end":{"line":179,"column":22}},"45":{"start":{"line":181,"column":8},"end":{"line":240,"column":10}},"46":{"start":{"line":244,"column":15},"end":{"line":269,"column":2}}},"fnMap":{"0":{"name":"(anonymous_0)","decl":{"start":{"line":96,"column":4},"end":{"line":96,"column":5}},"loc":{"start":{"line":96,"column":25},"end":{"line":107,"column":5}},"line":96},"1":{"name":"(anonymous_1)","decl":{"start":{"line":109,"column":12},"end":{"line":109,"column":13}},"loc":{"start":{"line":109,"column":18},"end":{"line":156,"column":5}},"line":109},"2":{"name":"(anonymous_2)","decl":{"start":{"line":158,"column":16},"end":{"line":158,"column":17}},"loc":{"start":{"line":158,"column":22},"end":{"line":160,"column":5}},"line":158},"3":{"name":"(anonymous_3)","decl":{"start":{"line":162,"column":15},"end":{"line":162,"column":16}},"loc":{"start":{"line":162,"column":21},"end":{"line":164,"column":5}},"line":162},"4":{"name":"(anonymous_4)","decl":{"start":{"line":166,"column":19},"end":{"line":166,"column":20}},"loc":{"start":{"line":166,"column":31},"end":{"line":170,"column":5}},"line":166},"5":{"name":"(anonymous_5)","decl":{"start":{"line":172,"column":4},"end":{"line":172,"column":5}},"loc":{"start":{"line":172,"column":13},"end":{"line":241,"column":5}},"line":172}},"branchMap":{"0":{"loc":{"start":{"line":118,"column":16},"end":{"line":121,"column":17}},"type":"if","locations":[{"start":{"line":118,"column":16},"end":{"line":121,"column":17}},{"start":{"line":118,"column":16},"end":{"line":121,"column":17}}],"line":118},"1":{"loc":{"start":{"line":127,"column":16},"end":{"line":130,"column":17}},"type":"if","locations":[{"start":{"line":127,"column":16},"end":{"line":130,"column":17}},{"start":{"line":127,"column":16},"end":{"line":130,"column":17}}],"line":127},"2":{"loc":{"start":{"line":136,"column":16},"end":{"line":139,"column":17}},"type":"if","locations":[{"start":{"line":136,"column":16},"end":{"line":139,"column":17}},{"start":{"line":136,"column":16},"end":{"line":139,"column":17}}],"line":136},"3":{"loc":{"start":{"line":143,"column":12},"end":{"line":145,"column":40}},"type":"if","locations":[{"start":{"line":143,"column":12},"end":{"line":145,"column":40}},{"start":{"line":143,"column":12},"end":{"line":145,"column":40}}],"line":143},"4":{"loc":{"start":{"line":143,"column":16},"end":{"line":143,"column":94}},"type":"binary-expr","locations":[{"start":{"line":143,"column":16},"end":{"line":143,"column":47}},{"start":{"line":143,"column":51},"end":{"line":143,"column":94}}],"line":143},"5":{"loc":{"start":{"line":149,"column":12},"end":{"line":151,"column":40}},"type":"if","locations":[{"start":{"line":149,"column":12},"end":{"line":151,"column":40}},{"start":{"line":149,"column":12},"end":{"line":151,"column":40}}],"line":149},"6":{"loc":{"start":{"line":149,"column":16},"end":{"line":149,"column":94}},"type":"binary-expr","locations":[{"start":{"line":149,"column":16},"end":{"line":149,"column":47}},{"start":{"line":149,"column":51},"end":{"line":149,"column":94}}],"line":149},"7":{"loc":{"start":{"line":174,"column":12},"end":{"line":174,"column":27}},"type":"default-arg","locations":[{"start":{"line":174,"column":22},"end":{"line":174,"column":27}}],"line":174}},"s":{"0":2,"1":4,"2":4,"3":4,"4":20,"5":260,"6":4,"7":4,"8":0,"9":0,"10":0,"11":0,"12":0,"13":0,"14":0,"15":0,"16":0,"17":0,"18":0,"19":0,"20":0,"21":0,"22":0,"23":0,"24":0,"25":0,"26":0,"27":0,"28":0,"29":0,"30":0,"31":0,"32":0,"33":0,"34":0,"35":0,"36":0,"37":4,"38":0,"39":4,"40":1,"41":4,"42":3,"43":7,"44":7,"45":7,"46":2},"f":{"0":4,"1":0,"2":0,"3":1,"4":3,"5":7},"b":{"0":[0,0],"1":[0,0],"2":[0,0],"3":[0,0],"4":[0,0],"5":[0,0],"6":[0,0],"7":[6]},"_coverageSchema":"43e27e138ebf9cfc5966b082cf9a028302ed4184","hash":"ab5538a682f047c53632b6be0c7761a3962e2007"}
,"D:\\Repositories\\Yoke\\Code\\frontend\\src\\components\\EvaluationAbstract.js": {"path":"D:\\Repositories\\Yoke\\Code\\frontend\\src\\components\\EvaluationAbstract.js","statementMap":{"0":{"start":{"line":14,"column":6},"end":{"line":18,"column":7}},"1":{"start":{"line":23,"column":9},"end":{"line":25,"column":3}},"2":{"start":{"line":27,"column":4},"end":{"line":27,"column":26}},"3":{"start":{"line":30,"column":4},"end":{"line":30,"column":25}},"4":{"start":{"line":32,"column":19},"end":{"line":42,"column":3}},"5":{"start":{"line":33,"column":4},"end":{"line":41,"column":6}},"6":{"start":{"line":36,"column":6},"end":{"line":38,"column":8}},"7":{"start":{"line":40,"column":6},"end":{"line":40,"column":22}},"8":{"start":{"line":46,"column":8},"end":{"line":46,"column":18}},"9":{"start":{"line":47,"column":21},"end":{"line":47,"column":65}},"10":{"start":{"line":48,"column":4},"end":{"line":72,"column":5}},"11":{"start":{"line":75,"column":15},"end":{"line":114,"column":2}}},"fnMap":{"0":{"name":"(anonymous_0)","decl":{"start":{"line":13,"column":4},"end":{"line":13,"column":5}},"loc":{"start":{"line":13,"column":14},"end":{"line":19,"column":5}},"line":13},"1":{"name":"(anonymous_1)","decl":{"start":{"line":26,"column":2},"end":{"line":26,"column":3}},"loc":{"start":{"line":26,"column":23},"end":{"line":28,"column":3}},"line":26},"2":{"name":"(anonymous_2)","decl":{"start":{"line":29,"column":2},"end":{"line":29,"column":3}},"loc":{"start":{"line":29,"column":53},"end":{"line":31,"column":3}},"line":29},"3":{"name":"(anonymous_3)","decl":{"start":{"line":32,"column":19},"end":{"line":32,"column":20}},"loc":{"start":{"line":32,"column":25},"end":{"line":42,"column":3}},"line":32},"4":{"name":"(anonymous_4)","decl":{"start":{"line":35,"column":12},"end":{"line":35,"column":13}},"loc":{"start":{"line":35,"column":17},"end":{"line":39,"column":5}},"line":35},"5":{"name":"(anonymous_5)","decl":{"start":{"line":39,"column":13},"end":{"line":39,"column":14}},"loc":{"start":{"line":39,"column":20},"end":{"line":41,"column":5}},"line":39},"6":{"name":"(anonymous_6)","decl":{"start":{"line":43,"column":2},"end":{"line":43,"column":3}},"loc":{"start":{"line":43,"column":11},"end":{"line":73,"column":3}},"line":43},"7":{"name":"(anonymous_7)","decl":{"start":{"line":56,"column":26},"end":{"line":56,"column":27}},"loc":{"start":{"line":56,"column":30},"end":{"line":56,"column":32}},"line":56}},"branchMap":{"0":{"loc":{"start":{"line":47,"column":21},"end":{"line":47,"column":65}},"type":"cond-expr","locations":[{"start":{"line":47,"column":46},"end":{"line":47,"column":60}},{"start":{"line":47,"column":61},"end":{"line":47,"column":65}}],"line":47},"1":{"loc":{"start":{"line":52,"column":10},"end":{"line":58,"column":25}},"type":"cond-expr","locations":[{"start":{"line":53,"column":12},"end":{"line":58,"column":19}},{"start":{"line":58,"column":21},"end":{"line":58,"column":25}}],"line":52}},"s":{"0":4,"1":4,"2":5,"3":1,"4":4,"5":6,"6":4,"7":3,"8":7,"9":7,"10":7,"11":5},"f":{"0":4,"1":5,"2":1,"3":6,"4":4,"5":3,"6":7,"7":0},"b":{"0":[3,4],"1":[3,4]},"_coverageSchema":"43e27e138ebf9cfc5966b082cf9a028302ed4184","hash":"26e4b96ad75b3cfe813a73991445c8b9452d3c86"}
,"D:\\Repositories\\Yoke\\Code\\frontend\\src\\components\\EvaluationCard.js": {"path":"D:\\Repositories\\Yoke\\Code\\frontend\\src\\components\\EvaluationCard.js","statementMap":{"0":{"start":{"line":14,"column":12},"end":{"line":17,"column":5}},"1":{"start":{"line":20,"column":21},"end":{"line":20,"column":23}},"2":{"start":{"line":21,"column":8},"end":{"line":26,"column":18}},"3":{"start":{"line":22,"column":12},"end":{"line":26,"column":18}},"4":{"start":{"line":23,"column":16},"end":{"line":26,"column":18}},"5":{"start":{"line":27,"column":8},"end":{"line":29,"column":10}},"6":{"start":{"line":32,"column":24},"end":{"line":37,"column":5}},"7":{"start":{"line":33,"column":8},"end":{"line":33,"column":29}},"8":{"start":{"line":34,"column":8},"end":{"line":36,"column":10}},"9":{"start":{"line":42,"column":12},"end":{"line":42,"column":22}},"10":{"start":{"line":47,"column":12},"end":{"line":47,"column":22}},"11":{"start":{"line":49,"column":8},"end":{"line":117,"column":9}},"12":{"start":{"line":77,"column":36},"end":{"line":87,"column":43}},"13":{"start":{"line":121,"column":15},"end":{"line":204,"column":2}}},"fnMap":{"0":{"name":"(anonymous_0)","decl":{"start":{"line":19,"column":4},"end":{"line":19,"column":5}},"loc":{"start":{"line":19,"column":25},"end":{"line":30,"column":5}},"line":19},"1":{"name":"(anonymous_1)","decl":{"start":{"line":32,"column":24},"end":{"line":32,"column":25}},"loc":{"start":{"line":32,"column":30},"end":{"line":37,"column":5}},"line":32},"2":{"name":"(anonymous_2)","decl":{"start":{"line":39,"column":4},"end":{"line":39,"column":5}},"loc":{"start":{"line":39,"column":12},"end":{"line":118,"column":5}},"line":39},"3":{"name":"(anonymous_3)","decl":{"start":{"line":76,"column":43},"end":{"line":76,"column":44}},"loc":{"start":{"line":77,"column":36},"end":{"line":87,"column":43}},"line":77}},"branchMap":{"0":{"loc":{"start":{"line":22,"column":12},"end":{"line":26,"column":18}},"type":"if","locations":[{"start":{"line":22,"column":12},"end":{"line":26,"column":18}},{"start":{"line":22,"column":12},"end":{"line":26,"column":18}}],"line":22},"1":{"loc":{"start":{"line":22,"column":16},"end":{"line":22,"column":125}},"type":"binary-expr","locations":[{"start":{"line":22,"column":16},"end":{"line":22,"column":35}},{"start":{"line":22,"column":39},"end":{"line":22,"column":56}},{"start":{"line":22,"column":60},"end":{"line":22,"column":82}},{"start":{"line":22,"column":86},"end":{"line":22,"column":100}},{"start":{"line":22,"column":104},"end":{"line":22,"column":125}}],"line":22},"2":{"loc":{"start":{"line":41,"column":12},"end":{"line":41,"column":25}},"type":"default-arg","locations":[{"start":{"line":41,"column":23},"end":{"line":41,"column":25}}],"line":41},"3":{"loc":{"start":{"line":73,"column":24},"end":{"line":90,"column":31}},"type":"binary-expr","locations":[{"start":{"line":73,"column":24},"end":{"line":73,"column":34}},{"start":{"line":74,"column":24},"end":{"line":90,"column":31}}],"line":73},"4":{"loc":{"start":{"line":111,"column":46},"end":{"line":111,"column":81}},"type":"cond-expr","locations":[{"start":{"line":111,"column":58},"end":{"line":111,"column":68}},{"start":{"line":111,"column":69},"end":{"line":111,"column":81}}],"line":111}},"s":{"0":4,"1":4,"2":4,"3":24,"4":9,"5":4,"6":4,"7":1,"8":1,"9":6,"10":6,"11":6,"12":3,"13":7},"f":{"0":4,"1":1,"2":6,"3":3},"b":{"0":[9,15],"1":[24,21,18,15,12],"2":[0],"3":[5,1],"4":[1,4]},"_coverageSchema":"43e27e138ebf9cfc5966b082cf9a028302ed4184","hash":"5375b85699032e8a9377806950418d8828ea48ce"}
,"D:\\Repositories\\Yoke\\Code\\frontend\\src\\components\\FilterItem.js": {"path":"D:\\Repositories\\Yoke\\Code\\frontend\\src\\components\\FilterItem.js","statementMap":{"0":{"start":{"line":13,"column":12},"end":{"line":16,"column":5}},"1":{"start":{"line":19,"column":8},"end":{"line":21,"column":10}},"2":{"start":{"line":24,"column":22},"end":{"line":28,"column":5}},"3":{"start":{"line":25,"column":8},"end":{"line":27,"column":10}},"4":{"start":{"line":30,"column":24},"end":{"line":63,"column":5}},"5":{"start":{"line":31,"column":19},"end":{"line":31,"column":34}},"6":{"start":{"line":32,"column":21},"end":{"line":32,"column":23}},"7":{"start":{"line":34,"column":8},"end":{"line":56,"column":9}},"8":{"start":{"line":35,"column":12},"end":{"line":46,"column":41}},"9":{"start":{"line":36,"column":16},"end":{"line":46,"column":41}},"10":{"start":{"line":37,"column":20},"end":{"line":44,"column":21}},"11":{"start":{"line":38,"column":24},"end":{"line":38,"column":45}},"12":{"start":{"line":39,"column":24},"end":{"line":39,"column":55}},"13":{"start":{"line":42,"column":24},"end":{"line":42,"column":44}},"14":{"start":{"line":43,"column":24},"end":{"line":43,"column":55}},"15":{"start":{"line":46,"column":20},"end":{"line":46,"column":41}},"16":{"start":{"line":48,"column":12},"end":{"line":50,"column":50}},"17":{"start":{"line":49,"column":16},"end":{"line":50,"column":50}},"18":{"start":{"line":50,"column":20},"end":{"line":50,"column":50}},"19":{"start":{"line":52,"column":12},"end":{"line":52,"column":41}},"20":{"start":{"line":53,"column":12},"end":{"line":55,"column":55}},"21":{"start":{"line":54,"column":16},"end":{"line":55,"column":55}},"22":{"start":{"line":55,"column":20},"end":{"line":55,"column":55}},"23":{"start":{"line":58,"column":8},"end":{"line":60,"column":10}},"24":{"start":{"line":62,"column":8},"end":{"line":62,"column":39}},"25":{"start":{"line":66,"column":24},"end":{"line":66,"column":34}},"26":{"start":{"line":67,"column":28},"end":{"line":67,"column":38}},"27":{"start":{"line":69,"column":8},"end":{"line":108,"column":10}},"28":{"start":{"line":86,"column":28},"end":{"line":103,"column":35}},"29":{"start":{"line":94,"column":49},"end":{"line":94,"column":82}},"30":{"start":{"line":112,"column":13},"end":{"line":150,"column":2}}},"fnMap":{"0":{"name":"(anonymous_0)","decl":{"start":{"line":18,"column":4},"end":{"line":18,"column":5}},"loc":{"start":{"line":18,"column":54},"end":{"line":22,"column":5}},"line":18},"1":{"name":"(anonymous_1)","decl":{"start":{"line":24,"column":22},"end":{"line":24,"column":23}},"loc":{"start":{"line":24,"column":28},"end":{"line":28,"column":5}},"line":24},"2":{"name":"(anonymous_2)","decl":{"start":{"line":30,"column":24},"end":{"line":30,"column":25}},"loc":{"start":{"line":30,"column":34},"end":{"line":63,"column":5}},"line":30},"3":{"name":"(anonymous_3)","decl":{"start":{"line":65,"column":4},"end":{"line":65,"column":5}},"loc":{"start":{"line":65,"column":13},"end":{"line":109,"column":5}},"line":65},"4":{"name":"(anonymous_4)","decl":{"start":{"line":85,"column":34},"end":{"line":85,"column":35}},"loc":{"start":{"line":86,"column":28},"end":{"line":103,"column":35}},"line":86},"5":{"name":"(anonymous_5)","decl":{"start":{"line":94,"column":45},"end":{"line":94,"column":46}},"loc":{"start":{"line":94,"column":49},"end":{"line":94,"column":82}},"line":94}},"branchMap":{"0":{"loc":{"start":{"line":34,"column":8},"end":{"line":56,"column":9}},"type":"if","locations":[{"start":{"line":34,"column":8},"end":{"line":56,"column":9}},{"start":{"line":34,"column":8},"end":{"line":56,"column":9}}],"line":34},"1":{"loc":{"start":{"line":36,"column":16},"end":{"line":46,"column":41}},"type":"if","locations":[{"start":{"line":36,"column":16},"end":{"line":46,"column":41}},{"start":{"line":36,"column":16},"end":{"line":46,"column":41}}],"line":36},"2":{"loc":{"start":{"line":37,"column":20},"end":{"line":44,"column":21}},"type":"if","locations":[{"start":{"line":37,"column":20},"end":{"line":44,"column":21}},{"start":{"line":37,"column":20},"end":{"line":44,"column":21}}],"line":37},"3":{"loc":{"start":{"line":49,"column":16},"end":{"line":50,"column":50}},"type":"if","locations":[{"start":{"line":49,"column":16},"end":{"line":50,"column":50}},{"start":{"line":49,"column":16},"end":{"line":50,"column":50}}],"line":49},"4":{"loc":{"start":{"line":54,"column":16},"end":{"line":55,"column":55}},"type":"if","locations":[{"start":{"line":54,"column":16},"end":{"line":55,"column":55}},{"start":{"line":54,"column":16},"end":{"line":55,"column":55}}],"line":54},"5":{"loc":{"start":{"line":78,"column":42},"end":{"line":78,"column":73}},"type":"cond-expr","locations":[{"start":{"line":78,"column":48},"end":{"line":78,"column":58}},{"start":{"line":78,"column":61},"end":{"line":78,"column":73}}],"line":78},"6":{"loc":{"start":{"line":83,"column":20},"end":{"line":105,"column":27}},"type":"binary-expr","locations":[{"start":{"line":83,"column":20},"end":{"line":83,"column":24}},{"start":{"line":84,"column":20},"end":{"line":105,"column":27}}],"line":83},"7":{"loc":{"start":{"line":92,"column":44},"end":{"line":92,"column":69}},"type":"cond-expr","locations":[{"start":{"line":92,"column":59},"end":{"line":92,"column":63}},{"start":{"line":92,"column":64},"end":{"line":92,"column":69}}],"line":92},"8":{"loc":{"start":{"line":95,"column":43},"end":{"line":97,"column":46}},"type":"cond-expr","locations":[{"start":{"line":96,"column":40},"end":{"line":96,"column":101}},{"start":{"line":97,"column":42},"end":{"line":97,"column":46}}],"line":95},"9":{"loc":{"start":{"line":99,"column":49},"end":{"line":99,"column":110}},"type":"cond-expr","locations":[{"start":{"line":99,"column":63},"end":{"line":99,"column":85}},{"start":{"line":99,"column":86},"end":{"line":99,"column":110}}],"line":99},"10":{"loc":{"start":{"line":100,"column":48},"end":{"line":100,"column":105}},"type":"cond-expr","locations":[{"start":{"line":100,"column":62},"end":{"line":100,"column":82}},{"start":{"line":100,"column":83},"end":{"line":100,"column":105}}],"line":100}},"s":{"0":13,"1":0,"2":13,"3":1,"4":13,"5":0,"6":0,"7":0,"8":0,"9":0,"10":0,"11":0,"12":0,"13":0,"14":0,"15":0,"16":0,"17":0,"18":0,"19":0,"20":0,"21":0,"22":0,"23":0,"24":0,"25":14,"26":14,"27":14,"28":4,"29":0,"30":3},"f":{"0":0,"1":1,"2":0,"3":14,"4":4,"5":0},"b":{"0":[0,0],"1":[0,0],"2":[0,0],"3":[0,0],"4":[0,0],"5":[1,13],"6":[14,1],"7":[0,4],"8":[0,4],"9":[0,4],"10":[0,4]},"_coverageSchema":"43e27e138ebf9cfc5966b082cf9a028302ed4184","hash":"43d2fd7dfc68088963b016aed806ed969fac3c10"}
,"D:\\Repositories\\Yoke\\Code\\frontend\\src\\components\\HighlightCard.js": {"path":"D:\\Repositories\\Yoke\\Code\\frontend\\src\\components\\HighlightCard.js","statementMap":{"0":{"start":{"line":21,"column":24},"end":{"line":23,"column":2}},"1":{"start":{"line":21,"column":36},"end":{"line":23,"column":1}},"2":{"start":{"line":27,"column":4},"end":{"line":27,"column":16}},"3":{"start":{"line":28,"column":4},"end":{"line":33,"column":6}},"4":{"start":{"line":36,"column":19},"end":{"line":36,"column":53}},"5":{"start":{"line":37,"column":4},"end":{"line":40,"column":6}},"6":{"start":{"line":42,"column":19},"end":{"line":46,"column":3}},"7":{"start":{"line":43,"column":4},"end":{"line":45,"column":6}},"8":{"start":{"line":47,"column":16},"end":{"line":52,"column":3}},"9":{"start":{"line":48,"column":4},"end":{"line":50,"column":6}},"10":{"start":{"line":51,"column":4},"end":{"line":51,"column":25}},"11":{"start":{"line":53,"column":16},"end":{"line":60,"column":3}},"12":{"start":{"line":54,"column":4},"end":{"line":59,"column":37}},"13":{"start":{"line":56,"column":8},"end":{"line":56,"column":29}},"14":{"start":{"line":57,"column":8},"end":{"line":57,"column":28}},"15":{"start":{"line":59,"column":20},"end":{"line":59,"column":36}},"16":{"start":{"line":61,"column":17},"end":{"line":65,"column":3}},"17":{"start":{"line":62,"column":4},"end":{"line":64,"column":6}},"18":{"start":{"line":66,"column":16},"end":{"line":81,"column":3}},"19":{"start":{"line":67,"column":4},"end":{"line":67,"column":35}},"20":{"start":{"line":68,"column":4},"end":{"line":68,"column":41}},"21":{"start":{"line":69,"column":4},"end":{"line":77,"column":5}},"22":{"start":{"line":70,"column":6},"end":{"line":72,"column":39}},"23":{"start":{"line":71,"column":27},"end":{"line":71,"column":48}},"24":{"start":{"line":72,"column":22},"end":{"line":72,"column":38}},"25":{"start":{"line":74,"column":6},"end":{"line":76,"column":39}},"26":{"start":{"line":75,"column":27},"end":{"line":75,"column":48}},"27":{"start":{"line":76,"column":22},"end":{"line":76,"column":38}},"28":{"start":{"line":78,"column":4},"end":{"line":80,"column":6}},"29":{"start":{"line":82,"column":18},"end":{"line":86,"column":3}},"30":{"start":{"line":83,"column":4},"end":{"line":85,"column":6}},"31":{"start":{"line":87,"column":19},"end":{"line":91,"column":3}},"32":{"start":{"line":88,"column":4},"end":{"line":90,"column":6}},"33":{"start":{"line":92,"column":15},"end":{"line":94,"column":3}},"34":{"start":{"line":93,"column":4},"end":{"line":93,"column":20}},"35":{"start":{"line":95,"column":14},"end":{"line":97,"column":3}},"36":{"start":{"line":100,"column":21},"end":{"line":100,"column":31}},"37":{"start":{"line":101,"column":64},"end":{"line":101,"column":74}},"38":{"start":{"line":102,"column":19},"end":{"line":105,"column":6}},"39":{"start":{"line":106,"column":20},"end":{"line":106,"column":54}},"40":{"start":{"line":107,"column":4},"end":{"line":212,"column":5}},"41":{"start":{"line":169,"column":39},"end":{"line":169,"column":56}},"42":{"start":{"line":202,"column":16},"end":{"line":206,"column":26}},"43":{"start":{"line":215,"column":27},"end":{"line":221,"column":3}},"44":{"start":{"line":216,"column":4},"end":{"line":220,"column":5}},"45":{"start":{"line":222,"column":26},"end":{"line":228,"column":3}},"46":{"start":{"line":223,"column":4},"end":{"line":227,"column":5}},"47":{"start":{"line":229,"column":21},"end":{"line":231,"column":3}},"48":{"start":{"line":234,"column":15},"end":{"line":328,"column":2}}},"fnMap":{"0":{"name":"(anonymous_0)","decl":{"start":{"line":21,"column":24},"end":{"line":21,"column":25}},"loc":{"start":{"line":21,"column":36},"end":{"line":23,"column":1}},"line":21},"1":{"name":"(anonymous_1)","decl":{"start":{"line":26,"column":2},"end":{"line":26,"column":3}},"loc":{"start":{"line":26,"column":22},"end":{"line":34,"column":3}},"line":26},"2":{"name":"(anonymous_2)","decl":{"start":{"line":35,"column":2},"end":{"line":35,"column":3}},"loc":{"start":{"line":35,"column":53},"end":{"line":41,"column":3}},"line":35},"3":{"name":"(anonymous_3)","decl":{"start":{"line":42,"column":19},"end":{"line":42,"column":20}},"loc":{"start":{"line":42,"column":25},"end":{"line":46,"column":3}},"line":42},"4":{"name":"(anonymous_4)","decl":{"start":{"line":47,"column":16},"end":{"line":47,"column":17}},"loc":{"start":{"line":47,"column":25},"end":{"line":52,"column":3}},"line":47},"5":{"name":"(anonymous_5)","decl":{"start":{"line":53,"column":16},"end":{"line":53,"column":17}},"loc":{"start":{"line":53,"column":25},"end":{"line":60,"column":3}},"line":53},"6":{"name":"(anonymous_6)","decl":{"start":{"line":55,"column":12},"end":{"line":55,"column":13}},"loc":{"start":{"line":55,"column":24},"end":{"line":58,"column":7}},"line":55},"7":{"name":"(anonymous_7)","decl":{"start":{"line":59,"column":13},"end":{"line":59,"column":14}},"loc":{"start":{"line":59,"column":20},"end":{"line":59,"column":36}},"line":59},"8":{"name":"(anonymous_8)","decl":{"start":{"line":61,"column":17},"end":{"line":61,"column":18}},"loc":{"start":{"line":61,"column":23},"end":{"line":65,"column":3}},"line":61},"9":{"name":"(anonymous_9)","decl":{"start":{"line":66,"column":16},"end":{"line":66,"column":17}},"loc":{"start":{"line":66,"column":22},"end":{"line":81,"column":3}},"line":66},"10":{"name":"(anonymous_10)","decl":{"start":{"line":71,"column":14},"end":{"line":71,"column":15}},"loc":{"start":{"line":71,"column":26},"end":{"line":71,"column":49}},"line":71},"11":{"name":"(anonymous_11)","decl":{"start":{"line":72,"column":15},"end":{"line":72,"column":16}},"loc":{"start":{"line":72,"column":22},"end":{"line":72,"column":38}},"line":72},"12":{"name":"(anonymous_12)","decl":{"start":{"line":75,"column":14},"end":{"line":75,"column":15}},"loc":{"start":{"line":75,"column":26},"end":{"line":75,"column":49}},"line":75},"13":{"name":"(anonymous_13)","decl":{"start":{"line":76,"column":15},"end":{"line":76,"column":16}},"loc":{"start":{"line":76,"column":22},"end":{"line":76,"column":38}},"line":76},"14":{"name":"(anonymous_14)","decl":{"start":{"line":82,"column":18},"end":{"line":82,"column":19}},"loc":{"start":{"line":82,"column":24},"end":{"line":86,"column":3}},"line":82},"15":{"name":"(anonymous_15)","decl":{"start":{"line":87,"column":19},"end":{"line":87,"column":20}},"loc":{"start":{"line":87,"column":25},"end":{"line":91,"column":3}},"line":87},"16":{"name":"(anonymous_16)","decl":{"start":{"line":92,"column":15},"end":{"line":92,"column":16}},"loc":{"start":{"line":92,"column":24},"end":{"line":94,"column":3}},"line":92},"17":{"name":"(anonymous_17)","decl":{"start":{"line":95,"column":14},"end":{"line":95,"column":15}},"loc":{"start":{"line":95,"column":20},"end":{"line":97,"column":3}},"line":95},"18":{"name":"(anonymous_18)","decl":{"start":{"line":99,"column":2},"end":{"line":99,"column":3}},"loc":{"start":{"line":99,"column":12},"end":{"line":213,"column":3}},"line":99},"19":{"name":"(anonymous_19)","decl":{"start":{"line":169,"column":29},"end":{"line":169,"column":30}},"loc":{"start":{"line":169,"column":38},"end":{"line":169,"column":57}},"line":169},"20":{"name":"(anonymous_20)","decl":{"start":{"line":201,"column":47},"end":{"line":201,"column":48}},"loc":{"start":{"line":201,"column":64},"end":{"line":207,"column":15}},"line":201},"21":{"name":"(anonymous_21)","decl":{"start":{"line":215,"column":27},"end":{"line":215,"column":28}},"loc":{"start":{"line":215,"column":44},"end":{"line":221,"column":3}},"line":215},"22":{"name":"(anonymous_22)","decl":{"start":{"line":222,"column":26},"end":{"line":222,"column":27}},"loc":{"start":{"line":222,"column":43},"end":{"line":228,"column":3}},"line":222},"23":{"name":"(anonymous_23)","decl":{"start":{"line":229,"column":21},"end":{"line":229,"column":22}},"loc":{"start":{"line":229,"column":27},"end":{"line":231,"column":3}},"line":229}},"branchMap":{"0":{"loc":{"start":{"line":69,"column":4},"end":{"line":77,"column":5}},"type":"if","locations":[{"start":{"line":69,"column":4},"end":{"line":77,"column":5}},{"start":{"line":69,"column":4},"end":{"line":77,"column":5}}],"line":69},"1":{"loc":{"start":{"line":146,"column":14},"end":{"line":176,"column":32}},"type":"cond-expr","locations":[{"start":{"line":147,"column":16},"end":{"line":160,"column":23}},{"start":{"line":162,"column":15},"end":{"line":176,"column":32}}],"line":146},"2":{"loc":{"start":{"line":146,"column":14},"end":{"line":146,"column":62}},"type":"binary-expr","locations":[{"start":{"line":146,"column":14},"end":{"line":146,"column":37}},{"start":{"line":146,"column":41},"end":{"line":146,"column":62}}],"line":146},"3":{"loc":{"start":{"line":162,"column":15},"end":{"line":176,"column":32}},"type":"cond-expr","locations":[{"start":{"line":163,"column":18},"end":{"line":176,"column":25}},{"start":{"line":176,"column":28},"end":{"line":176,"column":32}}],"line":162},"4":{"loc":{"start":{"line":162,"column":15},"end":{"line":162,"column":63}},"type":"binary-expr","locations":[{"start":{"line":162,"column":15},"end":{"line":162,"column":38}},{"start":{"line":162,"column":42},"end":{"line":162,"column":63}}],"line":162},"5":{"loc":{"start":{"line":193,"column":27},"end":{"line":196,"column":34}},"type":"cond-expr","locations":[{"start":{"line":193,"column":35},"end":{"line":196,"column":15}},{"start":{"line":196,"column":18},"end":{"line":196,"column":34}}],"line":193},"6":{"loc":{"start":{"line":202,"column":23},"end":{"line":206,"column":26}},"type":"cond-expr","locations":[{"start":{"line":202,"column":39},"end":{"line":202,"column":43}},{"start":{"line":203,"column":18},"end":{"line":206,"column":25}}],"line":202}},"s":{"0":2,"1":2,"2":2,"3":2,"4":1,"5":1,"6":2,"7":1,"8":2,"9":1,"10":1,"11":2,"12":3,"13":2,"14":2,"15":1,"16":2,"17":1,"18":2,"19":4,"20":4,"21":4,"22":2,"23":1,"24":1,"25":2,"26":1,"27":1,"28":4,"29":2,"30":0,"31":2,"32":0,"33":2,"34":0,"35":2,"36":10,"37":10,"38":10,"39":10,"40":10,"41":0,"42":90,"43":2,"44":1,"45":2,"46":1,"47":2,"48":2},"f":{"0":2,"1":2,"2":1,"3":1,"4":1,"5":3,"6":2,"7":1,"8":1,"9":4,"10":1,"11":1,"12":1,"13":1,"14":0,"15":0,"16":0,"17":0,"18":10,"19":0,"20":90,"21":1,"22":1,"23":1},"b":{"0":[2,2],"1":[0,10],"2":[10,0],"3":[0,10],"4":[10,0],"5":[8,2],"6":[30,60]},"_coverageSchema":"43e27e138ebf9cfc5966b082cf9a028302ed4184","hash":"1d31ff4c952f0d8367f5536a4692bd69625207a7"}
,"D:\\Repositories\\Yoke\\Code\\frontend\\src\\components\\ListItem.js": {"path":"D:\\Repositories\\Yoke\\Code\\frontend\\src\\components\\ListItem.js","statementMap":{"0":{"start":{"line":17,"column":12},"end":{"line":17,"column":22}},"1":{"start":{"line":19,"column":8},"end":{"line":44,"column":9}},"2":{"start":{"line":48,"column":15},"end":{"line":85,"column":2}}},"fnMap":{"0":{"name":"(anonymous_0)","decl":{"start":{"line":12,"column":4},"end":{"line":12,"column":5}},"loc":{"start":{"line":12,"column":12},"end":{"line":45,"column":5}},"line":12},"1":{"name":"(anonymous_1)","decl":{"start":{"line":16,"column":21},"end":{"line":16,"column":22}},"loc":{"start":{"line":16,"column":27},"end":{"line":16,"column":29}},"line":16}},"branchMap":{"0":{"loc":{"start":{"line":14,"column":12},"end":{"line":14,"column":20}},"type":"default-arg","locations":[{"start":{"line":14,"column":18},"end":{"line":14,"column":20}}],"line":14},"1":{"loc":{"start":{"line":15,"column":12},"end":{"line":15,"column":21}},"type":"default-arg","locations":[{"start":{"line":15,"column":19},"end":{"line":15,"column":21}}],"line":15},"2":{"loc":{"start":{"line":16,"column":12},"end":{"line":16,"column":29}},"type":"default-arg","locations":[{"start":{"line":16,"column":21},"end":{"line":16,"column":29}}],"line":16}},"s":{"0":7,"1":7,"2":2},"f":{"0":7,"1":0},"b":{"0":[1],"1":[1],"2":[3]},"_coverageSchema":"43e27e138ebf9cfc5966b082cf9a028302ed4184","hash":"cee90c3bedd94eecf8c6a95b9bba09848f37feca"}
,"D:\\Repositories\\Yoke\\Code\\frontend\\src\\components\\Loading.js": {"path":"D:\\Repositories\\Yoke\\Code\\frontend\\src\\components\\Loading.js","statementMap":{"0":{"start":{"line":12,"column":33},"end":{"line":12,"column":43}},"1":{"start":{"line":13,"column":8},"end":{"line":28,"column":9}},"2":{"start":{"line":32,"column":15},"end":{"line":52,"column":2}}},"fnMap":{"0":{"name":"(anonymous_0)","decl":{"start":{"line":11,"column":4},"end":{"line":11,"column":5}},"loc":{"start":{"line":11,"column":12},"end":{"line":29,"column":5}},"line":11}},"branchMap":{"0":{"loc":{"start":{"line":12,"column":15},"end":{"line":12,"column":29}},"type":"default-arg","locations":[{"start":{"line":12,"column":25},"end":{"line":12,"column":29}}],"line":12}},"s":{"0":3,"1":3,"2":3},"f":{"0":3},"b":{"0":[1]},"_coverageSchema":"43e27e138ebf9cfc5966b082cf9a028302ed4184","hash":"062e4ee155e1baca2c6f9665c1bad9f91f588a9d"}
,"D:\\Repositories\\Yoke\\Code\\frontend\\src\\components\\QAAbstract.js": {"path":"D:\\Repositories\\Yoke\\Code\\frontend\\src\\components\\QAAbstract.js","statementMap":{"0":{"start":{"line":15,"column":4},"end":{"line":19,"column":5}},"1":{"start":{"line":24,"column":10},"end":{"line":26,"column":3}},"2":{"start":{"line":29,"column":4},"end":{"line":29,"column":18}},"3":{"start":{"line":32,"column":4},"end":{"line":32,"column":18}},"4":{"start":{"line":35,"column":12},"end":{"line":46,"column":3}},"5":{"start":{"line":36,"column":4},"end":{"line":45,"column":6}},"6":{"start":{"line":40,"column":6},"end":{"line":42,"column":8}},"7":{"start":{"line":44,"column":6},"end":{"line":44,"column":22}},"8":{"start":{"line":49,"column":23},"end":{"line":49,"column":87}},"9":{"start":{"line":51,"column":4},"end":{"line":81,"column":5}},"10":{"start":{"line":84,"column":15},"end":{"line":123,"column":2}}},"fnMap":{"0":{"name":"(anonymous_0)","decl":{"start":{"line":14,"column":2},"end":{"line":14,"column":3}},"loc":{"start":{"line":14,"column":12},"end":{"line":20,"column":3}},"line":14},"1":{"name":"(anonymous_1)","decl":{"start":{"line":28,"column":2},"end":{"line":28,"column":3}},"loc":{"start":{"line":28,"column":23},"end":{"line":30,"column":3}},"line":28},"2":{"name":"(anonymous_2)","decl":{"start":{"line":31,"column":2},"end":{"line":31,"column":3}},"loc":{"start":{"line":31,"column":53},"end":{"line":33,"column":3}},"line":31},"3":{"name":"(anonymous_3)","decl":{"start":{"line":35,"column":12},"end":{"line":35,"column":13}},"loc":{"start":{"line":35,"column":18},"end":{"line":46,"column":3}},"line":35},"4":{"name":"(anonymous_4)","decl":{"start":{"line":39,"column":12},"end":{"line":39,"column":13}},"loc":{"start":{"line":39,"column":19},"end":{"line":43,"column":5}},"line":39},"5":{"name":"(anonymous_5)","decl":{"start":{"line":43,"column":13},"end":{"line":43,"column":14}},"loc":{"start":{"line":43,"column":20},"end":{"line":45,"column":5}},"line":43},"6":{"name":"(anonymous_6)","decl":{"start":{"line":48,"column":2},"end":{"line":48,"column":3}},"loc":{"start":{"line":48,"column":12},"end":{"line":82,"column":3}},"line":48}},"branchMap":{"0":{"loc":{"start":{"line":49,"column":23},"end":{"line":49,"column":87}},"type":"cond-expr","locations":[{"start":{"line":49,"column":57},"end":{"line":49,"column":80}},{"start":{"line":49,"column":83},"end":{"line":49,"column":87}}],"line":49},"1":{"loc":{"start":{"line":56,"column":12},"end":{"line":66,"column":21}},"type":"cond-expr","locations":[{"start":{"line":57,"column":12},"end":{"line":61,"column":14}},{"start":{"line":62,"column":14},"end":{"line":66,"column":21}}],"line":56}},"s":{"0":5,"1":4,"2":5,"3":1,"4":4,"5":6,"6":4,"7":4,"8":8,"9":8,"10":5},"f":{"0":5,"1":5,"2":1,"3":6,"4":4,"5":4,"6":8},"b":{"0":[4,4],"1":[4,4]},"_coverageSchema":"43e27e138ebf9cfc5966b082cf9a028302ed4184","hash":"deb3cd1759bcbccb428dd0014ea3de34af165dfc"}
,"D:\\Repositories\\Yoke\\Code\\frontend\\src\\components\\QuestionCard.js": {"path":"D:\\Repositories\\Yoke\\Code\\frontend\\src\\components\\QuestionCard.js","statementMap":{"0":{"start":{"line":15,"column":12},"end":{"line":18,"column":5}},"1":{"start":{"line":21,"column":8},"end":{"line":23,"column":10}},"2":{"start":{"line":26,"column":13},"end":{"line":57,"column":5}},"3":{"start":{"line":27,"column":24},"end":{"line":27,"column":40}},"4":{"start":{"line":28,"column":8},"end":{"line":56,"column":9}},"5":{"start":{"line":29,"column":12},"end":{"line":29,"column":45}},"6":{"start":{"line":30,"column":12},"end":{"line":30,"column":49}},"7":{"start":{"line":31,"column":12},"end":{"line":33,"column":14}},"8":{"start":{"line":34,"column":12},"end":{"line":41,"column":14}},"9":{"start":{"line":40,"column":16},"end":{"line":40,"column":32}},"10":{"start":{"line":43,"column":12},"end":{"line":43,"column":45}},"11":{"start":{"line":44,"column":12},"end":{"line":44,"column":48}},"12":{"start":{"line":45,"column":12},"end":{"line":47,"column":14}},"13":{"start":{"line":48,"column":12},"end":{"line":55,"column":14}},"14":{"start":{"line":54,"column":16},"end":{"line":54,"column":32}},"15":{"start":{"line":59,"column":13},"end":{"line":91,"column":5}},"16":{"start":{"line":60,"column":8},"end":{"line":60,"column":26}},"17":{"start":{"line":61,"column":24},"end":{"line":61,"column":40}},"18":{"start":{"line":62,"column":8},"end":{"line":90,"column":9}},"19":{"start":{"line":63,"column":12},"end":{"line":63,"column":67}},"20":{"start":{"line":64,"column":12},"end":{"line":64,"column":73}},"21":{"start":{"line":65,"column":12},"end":{"line":67,"column":14}},"22":{"start":{"line":68,"column":12},"end":{"line":75,"column":14}},"23":{"start":{"line":74,"column":16},"end":{"line":74,"column":32}},"24":{"start":{"line":77,"column":12},"end":{"line":77,"column":67}},"25":{"start":{"line":78,"column":12},"end":{"line":78,"column":72}},"26":{"start":{"line":79,"column":12},"end":{"line":81,"column":14}},"27":{"start":{"line":82,"column":12},"end":{"line":89,"column":14}},"28":{"start":{"line":88,"column":16},"end":{"line":88,"column":32}},"29":{"start":{"line":93,"column":19},"end":{"line":97,"column":5}},"30":{"start":{"line":94,"column":8},"end":{"line":96,"column":10}},"31":{"start":{"line":99,"column":16},"end":{"line":103,"column":5}},"32":{"start":{"line":100,"column":8},"end":{"line":102,"column":10}},"33":{"start":{"line":105,"column":13},"end":{"line":116,"column":5}},"34":{"start":{"line":106,"column":8},"end":{"line":115,"column":10}},"35":{"start":{"line":111,"column":12},"end":{"line":111,"column":28}},"36":{"start":{"line":112,"column":12},"end":{"line":112,"column":33}},"37":{"start":{"line":114,"column":12},"end":{"line":114,"column":28}},"38":{"start":{"line":124,"column":12},"end":{"line":124,"column":22}},"39":{"start":{"line":125,"column":8},"end":{"line":125,"column":26}},"40":{"start":{"line":127,"column":8},"end":{"line":212,"column":9}},"41":{"start":{"line":163,"column":32},"end":{"line":189,"column":39}},"42":{"start":{"line":179,"column":55},"end":{"line":179,"column":73}},"43":{"start":{"line":216,"column":15},"end":{"line":340,"column":2}}},"fnMap":{"0":{"name":"(anonymous_0)","decl":{"start":{"line":20,"column":4},"end":{"line":20,"column":5}},"loc":{"start":{"line":20,"column":54},"end":{"line":24,"column":5}},"line":20},"1":{"name":"(anonymous_1)","decl":{"start":{"line":26,"column":13},"end":{"line":26,"column":14}},"loc":{"start":{"line":26,"column":19},"end":{"line":57,"column":5}},"line":26},"2":{"name":"(anonymous_2)","decl":{"start":{"line":39,"column":21},"end":{"line":39,"column":22}},"loc":{"start":{"line":39,"column":26},"end":{"line":41,"column":13}},"line":39},"3":{"name":"(anonymous_3)","decl":{"start":{"line":53,"column":21},"end":{"line":53,"column":22}},"loc":{"start":{"line":53,"column":26},"end":{"line":55,"column":13}},"line":53},"4":{"name":"(anonymous_4)","decl":{"start":{"line":59,"column":13},"end":{"line":59,"column":14}},"loc":{"start":{"line":59,"column":24},"end":{"line":91,"column":5}},"line":59},"5":{"name":"(anonymous_5)","decl":{"start":{"line":73,"column":21},"end":{"line":73,"column":22}},"loc":{"start":{"line":73,"column":26},"end":{"line":75,"column":13}},"line":73},"6":{"name":"(anonymous_6)","decl":{"start":{"line":87,"column":21},"end":{"line":87,"column":22}},"loc":{"start":{"line":87,"column":26},"end":{"line":89,"column":13}},"line":87},"7":{"name":"(anonymous_7)","decl":{"start":{"line":93,"column":19},"end":{"line":93,"column":20}},"loc":{"start":{"line":93,"column":25},"end":{"line":97,"column":5}},"line":93},"8":{"name":"(anonymous_8)","decl":{"start":{"line":99,"column":16},"end":{"line":99,"column":17}},"loc":{"start":{"line":99,"column":22},"end":{"line":103,"column":5}},"line":99},"9":{"name":"(anonymous_9)","decl":{"start":{"line":105,"column":13},"end":{"line":105,"column":14}},"loc":{"start":{"line":105,"column":23},"end":{"line":116,"column":5}},"line":105},"10":{"name":"(anonymous_10)","decl":{"start":{"line":110,"column":16},"end":{"line":110,"column":17}},"loc":{"start":{"line":110,"column":22},"end":{"line":113,"column":9}},"line":110},"11":{"name":"(anonymous_11)","decl":{"start":{"line":113,"column":17},"end":{"line":113,"column":18}},"loc":{"start":{"line":113,"column":24},"end":{"line":115,"column":9}},"line":113},"12":{"name":"(anonymous_12)","decl":{"start":{"line":118,"column":4},"end":{"line":118,"column":5}},"loc":{"start":{"line":118,"column":12},"end":{"line":213,"column":5}},"line":118},"13":{"name":"(anonymous_13)","decl":{"start":{"line":162,"column":55},"end":{"line":162,"column":56}},"loc":{"start":{"line":163,"column":32},"end":{"line":189,"column":39}},"line":163},"14":{"name":"(anonymous_14)","decl":{"start":{"line":179,"column":49},"end":{"line":179,"column":50}},"loc":{"start":{"line":179,"column":55},"end":{"line":179,"column":73}},"line":179}},"branchMap":{"0":{"loc":{"start":{"line":28,"column":8},"end":{"line":56,"column":9}},"type":"if","locations":[{"start":{"line":28,"column":8},"end":{"line":56,"column":9}},{"start":{"line":28,"column":8},"end":{"line":56,"column":9}}],"line":28},"1":{"loc":{"start":{"line":62,"column":8},"end":{"line":90,"column":9}},"type":"if","locations":[{"start":{"line":62,"column":8},"end":{"line":90,"column":9}},{"start":{"line":62,"column":8},"end":{"line":90,"column":9}}],"line":62},"2":{"loc":{"start":{"line":120,"column":12},"end":{"line":120,"column":34}},"type":"default-arg","locations":[{"start":{"line":120,"column":29},"end":{"line":120,"column":34}}],"line":120},"3":{"loc":{"start":{"line":121,"column":12},"end":{"line":123,"column":13}},"type":"default-arg","locations":[{"start":{"line":121,"column":20},"end":{"line":123,"column":13}}],"line":121},"4":{"loc":{"start":{"line":154,"column":52},"end":{"line":154,"column":112}},"type":"cond-expr","locations":[{"start":{"line":154,"column":79},"end":{"line":154,"column":94}},{"start":{"line":154,"column":95},"end":{"line":154,"column":112}}],"line":154},"5":{"loc":{"start":{"line":184,"column":66},"end":{"line":184,"column":125}},"type":"cond-expr","locations":[{"start":{"line":184,"column":92},"end":{"line":184,"column":107}},{"start":{"line":184,"column":108},"end":{"line":184,"column":125}}],"line":184}},"s":{"0":4,"1":1,"2":4,"3":2,"4":2,"5":1,"6":1,"7":1,"8":1,"9":1,"10":1,"11":1,"12":1,"13":1,"14":1,"15":4,"16":3,"17":3,"18":3,"19":1,"20":1,"21":1,"22":1,"23":1,"24":2,"25":2,"26":2,"27":2,"28":2,"29":4,"30":1,"31":4,"32":2,"33":4,"34":2,"35":1,"36":1,"37":1,"38":15,"39":15,"40":15,"41":39,"42":1,"43":7},"f":{"0":1,"1":2,"2":1,"3":1,"4":3,"5":1,"6":2,"7":1,"8":2,"9":2,"10":1,"11":1,"12":15,"13":39,"14":1},"b":{"0":[1,1],"1":[1,2],"2":[0],"3":[0],"4":[1,14],"5":[6,33]},"_coverageSchema":"43e27e138ebf9cfc5966b082cf9a028302ed4184","hash":"0e8df857f1b5dbb2bbfc71b102f3baae08b14bbb"}
,"D:\\Repositories\\Yoke\\Code\\frontend\\src\\components\\Rating.js": {"path":"D:\\Repositories\\Yoke\\Code\\frontend\\src\\components\\Rating.js","statementMap":{"0":{"start":{"line":9,"column":12},"end":{"line":15,"column":1}},"1":{"start":{"line":18,"column":12},"end":{"line":21,"column":5}},"2":{"start":{"line":23,"column":13},"end":{"line":29,"column":5}},"3":{"start":{"line":24,"column":8},"end":{"line":28,"column":9}},"4":{"start":{"line":25,"column":12},"end":{"line":25,"column":49}},"5":{"start":{"line":27,"column":12},"end":{"line":27,"column":38}},"6":{"start":{"line":31,"column":17},"end":{"line":46,"column":5}},"7":{"start":{"line":32,"column":8},"end":{"line":45,"column":9}},"8":{"start":{"line":33,"column":12},"end":{"line":44,"column":13}},"9":{"start":{"line":34,"column":16},"end":{"line":36,"column":18}},"10":{"start":{"line":37,"column":16},"end":{"line":37,"column":38}},"11":{"start":{"line":40,"column":16},"end":{"line":42,"column":18}},"12":{"start":{"line":43,"column":16},"end":{"line":43,"column":48}},"13":{"start":{"line":51,"column":12},"end":{"line":51,"column":22}},"14":{"start":{"line":53,"column":8},"end":{"line":72,"column":9}},"15":{"start":{"line":57,"column":24},"end":{"line":68,"column":51}},"16":{"start":{"line":58,"column":43},"end":{"line":58,"column":65}},"17":{"start":{"line":76,"column":15},"end":{"line":90,"column":2}}},"fnMap":{"0":{"name":"(anonymous_0)","decl":{"start":{"line":23,"column":13},"end":{"line":23,"column":14}},"loc":{"start":{"line":23,"column":30},"end":{"line":29,"column":5}},"line":23},"1":{"name":"(anonymous_1)","decl":{"start":{"line":31,"column":17},"end":{"line":31,"column":18}},"loc":{"start":{"line":31,"column":28},"end":{"line":46,"column":5}},"line":31},"2":{"name":"(anonymous_2)","decl":{"start":{"line":48,"column":4},"end":{"line":48,"column":5}},"loc":{"start":{"line":48,"column":13},"end":{"line":73,"column":5}},"line":48},"3":{"name":"(anonymous_3)","decl":{"start":{"line":56,"column":30},"end":{"line":56,"column":31}},"loc":{"start":{"line":57,"column":24},"end":{"line":68,"column":51}},"line":57},"4":{"name":"(anonymous_4)","decl":{"start":{"line":58,"column":37},"end":{"line":58,"column":38}},"loc":{"start":{"line":58,"column":43},"end":{"line":58,"column":65}},"line":58}},"branchMap":{"0":{"loc":{"start":{"line":24,"column":8},"end":{"line":28,"column":9}},"type":"if","locations":[{"start":{"line":24,"column":8},"end":{"line":28,"column":9}},{"start":{"line":24,"column":8},"end":{"line":28,"column":9}}],"line":24},"1":{"loc":{"start":{"line":32,"column":8},"end":{"line":45,"column":9}},"type":"if","locations":[{"start":{"line":32,"column":8},"end":{"line":45,"column":9}},{"start":{"line":32,"column":8},"end":{"line":45,"column":9}}],"line":32},"2":{"loc":{"start":{"line":33,"column":12},"end":{"line":44,"column":13}},"type":"if","locations":[{"start":{"line":33,"column":12},"end":{"line":44,"column":13}},{"start":{"line":33,"column":12},"end":{"line":44,"column":13}}],"line":33},"3":{"loc":{"start":{"line":65,"column":51},"end":{"line":65,"column":98}},"type":"cond-expr","locations":[{"start":{"line":65,"column":78},"end":{"line":65,"column":87}},{"start":{"line":65,"column":88},"end":{"line":65,"column":98}}],"line":65}},"s":{"0":8,"1":4,"2":4,"3":40,"4":30,"5":10,"6":4,"7":0,"8":0,"9":0,"10":0,"11":0,"12":0,"13":8,"14":8,"15":40,"16":0,"17":8},"f":{"0":40,"1":0,"2":8,"3":40,"4":0},"b":{"0":[30,10],"1":[0,0],"2":[0,0],"3":[10,30]},"_coverageSchema":"43e27e138ebf9cfc5966b082cf9a028302ed4184","hash":"c72cf09b6e253986b9814c60d4e69ae9c959a608"}
,"D:\\Repositories\\Yoke\\Code\\frontend\\src\\components\\ReplyBox.js": {"path":"D:\\Repositories\\Yoke\\Code\\frontend\\src\\components\\ReplyBox.js","statementMap":{"0":{"start":{"line":14,"column":10},"end":{"line":16,"column":3}},"1":{"start":{"line":19,"column":18},"end":{"line":21,"column":3}},"2":{"start":{"line":20,"column":4},"end":{"line":20,"column":30}},"3":{"start":{"line":28,"column":8},"end":{"line":28,"column":18}},"4":{"start":{"line":30,"column":4},"end":{"line":78,"column":5}},"5":{"start":{"line":55,"column":20},"end":{"line":55,"column":50}},"6":{"start":{"line":56,"column":20},"end":{"line":56,"column":51}},"7":{"start":{"line":62,"column":18},"end":{"line":62,"column":48}},"8":{"start":{"line":63,"column":18},"end":{"line":63,"column":49}},"9":{"start":{"line":82,"column":15},"end":{"line":136,"column":2}}},"fnMap":{"0":{"name":"(anonymous_0)","decl":{"start":{"line":19,"column":18},"end":{"line":19,"column":19}},"loc":{"start":{"line":19,"column":29},"end":{"line":21,"column":3}},"line":19},"1":{"name":"(anonymous_1)","decl":{"start":{"line":23,"column":2},"end":{"line":23,"column":3}},"loc":{"start":{"line":23,"column":12},"end":{"line":79,"column":3}},"line":23},"2":{"name":"(anonymous_2)","decl":{"start":{"line":25,"column":24},"end":{"line":25,"column":25}},"loc":{"start":{"line":25,"column":30},"end":{"line":25,"column":32}},"line":25},"3":{"name":"(anonymous_3)","decl":{"start":{"line":26,"column":20},"end":{"line":26,"column":21}},"loc":{"start":{"line":26,"column":26},"end":{"line":26,"column":28}},"line":26},"4":{"name":"(anonymous_4)","decl":{"start":{"line":54,"column":35},"end":{"line":54,"column":36}},"loc":{"start":{"line":54,"column":41},"end":{"line":57,"column":19}},"line":54},"5":{"name":"(anonymous_5)","decl":{"start":{"line":61,"column":25},"end":{"line":61,"column":26}},"loc":{"start":{"line":61,"column":31},"end":{"line":64,"column":17}},"line":61}},"branchMap":{"0":{"loc":{"start":{"line":25,"column":6},"end":{"line":25,"column":32}},"type":"default-arg","locations":[{"start":{"line":25,"column":24},"end":{"line":25,"column":32}}],"line":25},"1":{"loc":{"start":{"line":26,"column":6},"end":{"line":26,"column":28}},"type":"default-arg","locations":[{"start":{"line":26,"column":20},"end":{"line":26,"column":28}}],"line":26},"2":{"loc":{"start":{"line":27,"column":6},"end":{"line":27,"column":21}},"type":"default-arg","locations":[{"start":{"line":27,"column":16},"end":{"line":27,"column":21}}],"line":27}},"s":{"0":10,"1":10,"2":1,"3":13,"4":13,"5":1,"6":1,"7":1,"8":1,"9":11},"f":{"0":1,"1":13,"2":0,"3":0,"4":1,"5":1},"b":{"0":[1],"1":[1],"2":[1]},"_coverageSchema":"43e27e138ebf9cfc5966b082cf9a028302ed4184","hash":"4f0d2e230070cd1793832815e383c6bf03206b16"}
,"D:\\Repositories\\Yoke\\Code\\frontend\\src\\components\\SearchBox.js": {"path":"D:\\Repositories\\Yoke\\Code\\frontend\\src\\components\\SearchBox.js","statementMap":{"0":{"start":{"line":12,"column":12},"end":{"line":14,"column":5}},"1":{"start":{"line":17,"column":8},"end":{"line":19,"column":10}},"2":{"start":{"line":22,"column":20},"end":{"line":24,"column":5}},"3":{"start":{"line":23,"column":8},"end":{"line":23,"column":35}},"4":{"start":{"line":35,"column":12},"end":{"line":35,"column":22}},"5":{"start":{"line":37,"column":8},"end":{"line":63,"column":9}},"6":{"start":{"line":56,"column":39},"end":{"line":56,"column":66}},"7":{"start":{"line":67,"column":15},"end":{"line":112,"column":2}}},"fnMap":{"0":{"name":"(anonymous_0)","decl":{"start":{"line":16,"column":4},"end":{"line":16,"column":5}},"loc":{"start":{"line":16,"column":54},"end":{"line":20,"column":5}},"line":16},"1":{"name":"(anonymous_1)","decl":{"start":{"line":22,"column":20},"end":{"line":22,"column":21}},"loc":{"start":{"line":22,"column":31},"end":{"line":24,"column":5}},"line":22},"2":{"name":"(anonymous_2)","decl":{"start":{"line":26,"column":4},"end":{"line":26,"column":5}},"loc":{"start":{"line":26,"column":13},"end":{"line":64,"column":5}},"line":26},"3":{"name":"(anonymous_3)","decl":{"start":{"line":28,"column":22},"end":{"line":28,"column":23}},"loc":{"start":{"line":28,"column":28},"end":{"line":28,"column":30}},"line":28},"4":{"name":"(anonymous_4)","decl":{"start":{"line":56,"column":33},"end":{"line":56,"column":34}},"loc":{"start":{"line":56,"column":39},"end":{"line":56,"column":66}},"line":56}},"branchMap":{"0":{"loc":{"start":{"line":28,"column":12},"end":{"line":28,"column":30}},"type":"default-arg","locations":[{"start":{"line":28,"column":22},"end":{"line":28,"column":30}}],"line":28},"1":{"loc":{"start":{"line":29,"column":12},"end":{"line":29,"column":26}},"type":"default-arg","locations":[{"start":{"line":29,"column":24},"end":{"line":29,"column":26}}],"line":29},"2":{"loc":{"start":{"line":30,"column":12},"end":{"line":30,"column":28}},"type":"default-arg","locations":[{"start":{"line":30,"column":26},"end":{"line":30,"column":28}}],"line":30},"3":{"loc":{"start":{"line":31,"column":12},"end":{"line":31,"column":29}},"type":"default-arg","locations":[{"start":{"line":31,"column":27},"end":{"line":31,"column":29}}],"line":31},"4":{"loc":{"start":{"line":32,"column":12},"end":{"line":32,"column":28}},"type":"default-arg","locations":[{"start":{"line":32,"column":26},"end":{"line":32,"column":28}}],"line":32},"5":{"loc":{"start":{"line":33,"column":12},"end":{"line":33,"column":27}},"type":"default-arg","locations":[{"start":{"line":33,"column":20},"end":{"line":33,"column":27}}],"line":33},"6":{"loc":{"start":{"line":34,"column":12},"end":{"line":34,"column":25}},"type":"default-arg","locations":[{"start":{"line":34,"column":21},"end":{"line":34,"column":25}}],"line":34},"7":{"loc":{"start":{"line":41,"column":100},"end":{"line":41,"column":113}},"type":"cond-expr","locations":[{"start":{"line":41,"column":107},"end":{"line":41,"column":108}},{"start":{"line":41,"column":109},"end":{"line":41,"column":113}}],"line":41}},"s":{"0":1,"1":0,"2":1,"3":0,"4":1,"5":1,"6":0,"7":1},"f":{"0":0,"1":0,"2":1,"3":0,"4":0},"b":{"0":[0],"1":[0],"2":[0],"3":[1],"4":[1],"5":[1],"6":[1],"7":[1,0]},"_coverageSchema":"43e27e138ebf9cfc5966b082cf9a028302ed4184","hash":"0f6635b9a61970cb089a4d8cc726de14c661e8db"}
,"D:\\Repositories\\Yoke\\Code\\frontend\\src\\components\\ShadowedTitle.js": {"path":"D:\\Repositories\\Yoke\\Code\\frontend\\src\\components\\ShadowedTitle.js","statementMap":{"0":{"start":{"line":5,"column":29},"end":{"line":17,"column":1}},"1":{"start":{"line":6,"column":2},"end":{"line":16,"column":3}},"2":{"start":{"line":19,"column":15},"end":{"line":44,"column":2}}},"fnMap":{"0":{"name":"(anonymous_0)","decl":{"start":{"line":5,"column":29},"end":{"line":5,"column":30}},"loc":{"start":{"line":5,"column":39},"end":{"line":17,"column":1}},"line":5}},"branchMap":{},"s":{"0":10,"1":30,"2":10},"f":{"0":30},"b":{},"_coverageSchema":"43e27e138ebf9cfc5966b082cf9a028302ed4184","hash":"632a6e17cfa7c009fbca532b6534cbdb608d7e94"}
,"D:\\Repositories\\Yoke\\Code\\frontend\\src\\components\\StackNavBar.js": {"path":"D:\\Repositories\\Yoke\\Code\\frontend\\src\\components\\StackNavBar.js","statementMap":{"0":{"start":{"line":8,"column":21},"end":{"line":10,"column":3}},"1":{"start":{"line":11,"column":11},"end":{"line":13,"column":3}},"2":{"start":{"line":12,"column":4},"end":{"line":12,"column":39}},"3":{"start":{"line":15,"column":12},"end":{"line":17,"column":3}},"4":{"start":{"line":16,"column":4},"end":{"line":16,"column":24}},"5":{"start":{"line":24,"column":8},"end":{"line":24,"column":18}},"6":{"start":{"line":26,"column":4},"end":{"line":51,"column":6}},"7":{"start":{"line":54,"column":15},"end":{"line":94,"column":2}}},"fnMap":{"0":{"name":"(anonymous_0)","decl":{"start":{"line":11,"column":11},"end":{"line":11,"column":12}},"loc":{"start":{"line":11,"column":15},"end":{"line":13,"column":3}},"line":11},"1":{"name":"(anonymous_1)","decl":{"start":{"line":15,"column":12},"end":{"line":15,"column":13}},"loc":{"start":{"line":15,"column":18},"end":{"line":17,"column":3}},"line":15},"2":{"name":"(anonymous_2)","decl":{"start":{"line":19,"column":2},"end":{"line":19,"column":3}},"loc":{"start":{"line":19,"column":12},"end":{"line":52,"column":3}},"line":19}},"branchMap":{"0":{"loc":{"start":{"line":21,"column":6},"end":{"line":21,"column":37}},"type":"default-arg","locations":[{"start":{"line":21,"column":20},"end":{"line":21,"column":37}}],"line":21},"1":{"loc":{"start":{"line":22,"column":6},"end":{"line":22,"column":18}},"type":"default-arg","locations":[{"start":{"line":22,"column":14},"end":{"line":22,"column":18}}],"line":22},"2":{"loc":{"start":{"line":23,"column":6},"end":{"line":23,"column":21}},"type":"default-arg","locations":[{"start":{"line":23,"column":17},"end":{"line":23,"column":21}}],"line":23},"3":{"loc":{"start":{"line":42,"column":10},"end":{"line":48,"column":29}},"type":"binary-expr","locations":[{"start":{"line":42,"column":10},"end":{"line":42,"column":28}},{"start":{"line":43,"column":10},"end":{"line":48,"column":29}}],"line":42}},"s":{"0":7,"1":6,"2":1,"3":6,"4":1,"5":11,"6":11,"7":7},"f":{"0":1,"1":1,"2":11},"b":{"0":[10],"1":[1],"2":[4],"3":[11,7]},"_coverageSchema":"43e27e138ebf9cfc5966b082cf9a028302ed4184","hash":"e0225d5953eee9f74af4fc6440a5f8ec78a4d610"}
,"D:\\Repositories\\Yoke\\Code\\frontend\\src\\components\\UnshadowedTitle.js": {"path":"D:\\Repositories\\Yoke\\Code\\frontend\\src\\components\\UnshadowedTitle.js","statementMap":{"0":{"start":{"line":5,"column":31},"end":{"line":20,"column":1}},"1":{"start":{"line":6,"column":2},"end":{"line":19,"column":3}},"2":{"start":{"line":22,"column":15},"end":{"line":46,"column":2}}},"fnMap":{"0":{"name":"(anonymous_0)","decl":{"start":{"line":5,"column":31},"end":{"line":5,"column":32}},"loc":{"start":{"line":5,"column":41},"end":{"line":20,"column":1}},"line":5}},"branchMap":{},"s":{"0":6,"1":41,"2":6},"f":{"0":41},"b":{},"_coverageSchema":"43e27e138ebf9cfc5966b082cf9a028302ed4184","hash":"1c74c26dbd52ff72e9a1673c04070241175b00d1"}
[...]
ne":28,"column":1}},"line":19},"3":{"name":"(anonymous_3)","decl":{"start":{"line":29,"column":33},"end":{"line":29,"column":34}},"loc":{"start":{"line":29,"column":56},"end":{"line":38,"column":1}},"line":29},"4":{"name":"(anonymous_4)","decl":{"start":{"line":39,"column":32},"end":{"line":39,"column":33}},"loc":{"start":{"line":39,"column":64},"end":{"line":49,"column":1}},"line":39},"5":{"name":"(anonymous_5)","decl":{"start":{"line":50,"column":32},"end":{"line":50,"column":33}},"loc":{"start":{"line":50,"column":42},"end":{"line":60,"column":1}},"line":50},"6":{"name":"(anonymous_6)","decl":{"start":{"line":61,"column":29},"end":{"line":61,"column":30}},"loc":{"start":{"line":61,"column":39},"end":{"line":71,"column":1}},"line":61},"7":{"name":"(anonymous_7)","decl":{"start":{"line":73,"column":27},"end":{"line":73,"column":28}},"loc":{"start":{"line":73,"column":35},"end":{"line":81,"column":1}},"line":73},"8":{"name":"(anonymous_8)","decl":{"start":{"line":82,"column":29},"end":{"line":82,"column":30}},"loc":{"start":{"line":82,"column":41},"end":{"line":88,"column":1}},"line":82},"9":{"name":"(anonymous_9)","decl":{"start":{"line":90,"column":32},"end":{"line":90,"column":33}},"loc":{"start":{"line":90,"column":94},"end":{"line":100,"column":1}},"line":90},"10":{"name":"(anonymous_10)","decl":{"start":{"line":101,"column":30},"end":{"line":101,"column":31}},"loc":{"start":{"line":101,"column":54},"end":{"line":110,"column":1}},"line":101},"11":{"name":"(anonymous_11)","decl":{"start":{"line":111,"column":33},"end":{"line":111,"column":34}},"loc":{"start":{"line":111,"column":57},"end":{"line":117,"column":1}},"line":111},"12":{"name":"(anonymous_12)","decl":{"start":{"line":118,"column":25},"end":{"line":118,"column":26}},"loc":{"start":{"line":118,"column":49},"end":{"line":125,"column":1}},"line":118},"13":{"name":"(anonymous_13)","decl":{"start":{"line":126,"column":29},"end":{"line":126,"column":30}},"loc":{"start":{"line":126,"column":61},"end":{"line":135,"column":1}},"line":126},"14":{"name":"(anonymous_14)","decl":{"start":{"line":136,"column":31},"end":{"line":136,"column":32}},"loc":{"start":{"line":136,"column":63},"end":{"line":145,"column":1}},"line":136},"15":{"name":"(anonymous_15)","decl":{"start":{"line":146,"column":28},"end":{"line":146,"column":29}},"loc":{"start":{"line":146,"column":45},"end":{"line":155,"column":1}},"line":146}},"branchMap":{},"s":{"0":16,"1":0,"2":16,"3":0,"4":16,"5":0,"6":16,"7":0,"8":16,"9":0,"10":16,"11":0,"12":0,"13":0,"14":0,"15":16,"16":0,"17":0,"18":0,"19":0,"20":16,"21":1,"22":16,"23":0,"24":16,"25":0,"26":16,"27":0,"28":16,"29":0,"30":16,"31":0,"32":16,"33":0,"34":16,"35":0,"36":16,"37":0,"38":16},"f":{"0":0,"1":0,"2":0,"3":0,"4":0,"5":0,"6":0,"7":1,"8":0,"9":0,"10":0,"11":0,"12":0,"13":0,"14":0,"15":0},"b":{},"_coverageSchema":"43e27e138ebf9cfc5966b082cf9a028302ed4184","hash":"70909f77ecfa424787c6756df98f8051e418cf2f"}
,"D:\\Repositories\\Yoke\\Code\\frontend\\src\\utils\\ErrorAlert.js": {"path":"D:\\Repositories\\Yoke\\Code\\frontend\\src\\utils\\ErrorAlert.js","statementMap":{"0":{"start":{"line":5,"column":2},"end":{"line":12,"column":3}},"1":{"start":{"line":9,"column":34},"end":{"line":9,"column":59}}},"fnMap":{"0":{"name":"EmitError","decl":{"start":{"line":4,"column":16},"end":{"line":4,"column":25}},"loc":{"start":{"line":4,"column":39},"end":{"line":13,"column":1}},"line":4},"1":{"name":"(anonymous_1)","decl":{"start":{"line":9,"column":28},"end":{"line":9,"column":29}},"loc":{"start":{"line":9,"column":34},"end":{"line":9,"column":59}},"line":9}},"branchMap":{},"s":{"0":6,"1":0},"f":{"0":6,"1":0},"b":{},"_coverageSchema":"43e27e138ebf9cfc5966b082cf9a028302ed4184","hash":"f5be5059f67c23b952dfb6c3411641d9e95ea11b"}
,"D:\\Repositories\\Yoke\\Code\\frontend\\src\\utils\\LocalStorage.js": {"path":"D:\\Repositories\\Yoke\\Code\\frontend\\src\\utils\\LocalStorage.js","statementMap":{"0":{"start":{"line":7,"column":59},"end":{"line":7,"column":65}},"1":{"start":{"line":8,"column":2},"end":{"line":12,"column":4}},"2":{"start":{"line":16,"column":22},"end":{"line":16,"column":28}},"3":{"start":{"line":17,"column":2},"end":{"line":20,"column":4}},"4":{"start":{"line":22,"column":0},"end":{"line":25,"column":1}}},"fnMap":{"0":{"name":"loadData","decl":{"start":{"line":6,"column":9},"end":{"line":6,"column":17}},"loc":{"start":{"line":6,"column":27},"end":{"line":13,"column":1}},"line":6},"1":{"name":"saveData","decl":{"start":{"line":15,"column":9},"end":{"line":15,"column":17}},"loc":{"start":{"line":15,"column":27},"end":{"line":21,"column":1}},"line":15}},"branchMap":{"0":{"loc":{"start":{"line":7,"column":14},"end":{"line":7,"column":30}},"type":"default-arg","locations":[{"start":{"line":7,"column":25},"end":{"line":7,"column":30}}],"line":7},"1":{"loc":{"start":{"line":7,"column":32},"end":{"line":7,"column":55}},"type":"default-arg","locations":[{"start":{"line":7,"column":50},"end":{"line":7,"column":55}}],"line":7}},"s":{"0":1,"1":1,"2":1,"3":1,"4":18},"f":{"0":1,"1":1},"b":{"0":[1],"1":[1]},"_coverageSchema":"43e27e138ebf9cfc5966b082cf9a028302ed4184","hash":"91f34ae2636b65155b41fa3e589e0b1b7a5dd633"}
,"D:\\Repositories\\Yoke\\Code\\frontend\\src\\utils\\arrangeDec.js": {"path":"D:\\Repositories\\Yoke\\Code\\frontend\\src\\utils\\arrangeDec.js","statementMap":{"0":{"start":{"line":2,"column":14},"end":{"line":2,"column":16}},"1":{"start":{"line":2,"column":26},"end":{"line":2,"column":28}},"2":{"start":{"line":2,"column":37},"end":{"line":2,"column":39}},"3":{"start":{"line":2,"column":49},"end":{"line":2,"column":51}},"4":{"start":{"line":2,"column":61},"end":{"line":2,"column":63}},"5":{"start":{"line":2,"column":69},"end":{"line":2,"column":70}},"6":{"start":{"line":5,"column":4},"end":{"line":6,"column":21}},"7":{"start":{"line":6,"column":8},"end":{"line":6,"column":21}},"8":{"start":{"line":7,"column":19},"end":{"line":7,"column":37}},"9":{"start":{"line":8,"column":4},"end":{"line":34,"column":5}},"10":{"start":{"line":8,"column":14},"end":{"line":8,"column":15}},"11":{"start":{"line":9,"column":18},"end":{"line":9,"column":41}},"12":{"start":{"line":10,"column":8},"end":{"line":33,"column":9}},"13":{"start":{"line":10,"column":19},"end":{"line":10,"column":20}},"14":{"start":{"line":11,"column":12},"end":{"line":32,"column":13}},"15":{"start":{"line":11,"column":24},"end":{"line":11,"column":25}},"16":{"start":{"line":14,"column":13},"end":{"line":31,"column":17}},"17":{"start":{"line":15,"column":20},"end":{"line":15,"column":29}},"18":{"start":{"line":18,"column":16},"end":{"line":31,"column":17}},"19":{"start":{"line":20,"column":20},"end":{"line":20,"column":29}},"20":{"start":{"line":22,"column":21},"end":{"line":31,"column":17}},"21":{"start":{"line":24,"column":20},"end":{"line":24,"column":29}},"22":{"start":{"line":27,"column":20},"end":{"line":30,"column":21}},"23":{"start":{"line":29,"column":24},"end":{"line":29,"column":36}},"24":{"start":{"line":35,"column":4},"end":{"line":35,"column":17}},"25":{"start":{"line":38,"column":4},"end":{"line":51,"column":5}},"26":{"start":{"line":39,"column":8},"end":{"line":49,"column":9}},"27":{"start":{"line":41,"column":22},"end":{"line":41,"column":24}},"28":{"start":{"line":42,"column":12},"end":{"line":45,"column":13}},"29":{"start":{"line":42,"column":24},"end":{"line":42,"column":25}},"30":{"start":{"line":43,"column":30},"end":{"line":43,"column":39}},"31":{"start":{"line":44,"column":16},"end":{"line":44,"column":34}},"32":{"start":{"line":46,"column":12},"end":{"line":48,"column":13}},"33":{"start":{"line":47,"column":16},"end":{"line":47,"column":33}},"34":{"start":{"line":50,"column":8},"end":{"line":50,"column":15}},"35":{"start":{"line":52,"column":15},"end":{"line":52,"column":29}},"36":{"start":{"line":53,"column":18},"end":{"line":53,"column":30}},"37":{"start":{"line":54,"column":4},"end":{"line":61,"column":5}},"38":{"start":{"line":54,"column":16},"end":{"line":54,"column":17}},"39":{"start":{"line":55,"column":8},"end":{"line":59,"column":9}},"40":{"start":{"line":56,"column":12},"end":{"line":56,"column":36}},"41":{"start":{"line":57,"column":12},"end":{"line":57,"column":32}},"42":{"start":{"line":58,"column":12},"end":{"line":58,"column":25}},"43":{"start":{"line":60,"column":12},"end":{"line":60,"column":32}},"44":{"start":{"line":62,"column":4},"end":{"line":62,"column":24}},"45":{"start":{"line":65,"column":4},"end":{"line":76,"column":5}},"46":{"start":{"line":66,"column":8},"end":{"line":74,"column":9}},"47":{"start":{"line":68,"column":22},"end":{"line":68,"column":24}},"48":{"start":{"line":69,"column":12},"end":{"line":72,"column":13}},"49":{"start":{"line":69,"column":24},"end":{"line":69,"column":25}},"50":{"start":{"line":70,"column":30},"end":{"line":70,"column":39}},"51":{"start":{"line":71,"column":16},"end":{"line":71,"column":34}},"52":{"start":{"line":73,"column":12},"end":{"line":73,"column":30}},"53":{"start":{"line":75,"column":8},"end":{"line":75,"column":15}},"54":{"start":{"line":77,"column":15},"end":{"line":77,"column":30}},"55":{"start":{"line":78,"column":18},"end":{"line":78,"column":30}},"56":{"start":{"line":79,"column":4},"end":{"line":86,"column":5}},"57":{"start":{"line":79,"column":16},"end":{"line":79,"column":17}},"58":{"start":{"line":80,"column":8},"end":{"line":85,"column":9}},"59":{"start":{"line":81,"column":22},"end":{"line":81,"column":32}},"60":{"start":{"line":82,"column":12},"end":{"line":82,"column":29}},"61":{"start":{"line":83,"column":12},"end":{"line":83,"column":33}},"62":{"start":{"line":84,"column":12},"end":{"line":84,"column":25}},"63":{"start":{"line":87,"column":4},"end":{"line":87,"column":25}},"64":{"start":{"line":90,"column":14},"end":{"line":90,"column":30}},"65":{"start":{"line":91,"column":4},"end":{"line":91,"column":23}},"66":{"start":{"line":94,"column":14},"end":{"line":94,"column":29}},"67":{"start":{"line":95,"column":4},"end":{"line":107,"column":5}},"68":{"start":{"line":96,"column":8},"end":{"line":96,"column":23}},"69":{"start":{"line":99,"column":8},"end":{"line":99,"column":52}},"70":{"start":{"line":100,"column":8},"end":{"line":106,"column":13}},"71":{"start":{"line":101,"column":12},"end":{"line":101,"column":30}},"72":{"start":{"line":103,"column":12},"end":{"line":106,"column":13}},"73":{"start":{"line":103,"column":24},"end":{"line":103,"column":25}},"74":{"start":{"line":104,"column":16},"end":{"line":104,"column":36}},"75":{"start":{"line":105,"column":16},"end":{"line":105,"column":34}},"76":{"start":{"line":108,"column":14},"end":{"line":108,"column":16}},"77":{"start":{"line":108,"column":25},"end":{"line":108,"column":27}},"78":{"start":{"line":109,"column":4},"end":{"line":112,"column":5}},"79":{"start":{"line":109,"column":16},"end":{"line":109,"column":17}},"80":{"start":{"line":110,"column":16},"end":{"line":110,"column":25}},"81":{"start":{"line":111,"column":8},"end":{"line":111,"column":35}},"82":{"start":{"line":113,"column":4},"end":{"line":113,"column":76}},"83":{"start":{"line":113,"column":46},"end":{"line":113,"column":75}},"84":{"start":{"line":114,"column":4},"end":{"line":117,"column":5}},"85":{"start":{"line":114,"column":16},"end":{"line":114,"column":17}},"86":{"start":{"line":115,"column":16},"end":{"line":115,"column":34}},"87":{"start":{"line":116,"column":8},"end":{"line":116,"column":23}},"88":{"start":{"line":118,"column":4},"end":{"line":118,"column":19}},"89":{"start":{"line":121,"column":4},"end":{"line":121,"column":71}},"90":{"start":{"line":122,"column":4},"end":{"line":122,"column":22}},"91":{"start":{"line":123,"column":4},"end":{"line":129,"column":5}},"92":{"start":{"line":123,"column":16},"end":{"line":123,"column":17}},"93":{"start":{"line":124,"column":8},"end":{"line":128,"column":35}},"94":{"start":{"line":125,"column":12},"end":{"line":125,"column":36}},"95":{"start":{"line":128,"column":12},"end":{"line":128,"column":35}},"96":{"start":{"line":130,"column":4},"end":{"line":140,"column":5}},"97":{"start":{"line":131,"column":8},"end":{"line":131,"column":33}},"98":{"start":{"line":134,"column":8},"end":{"line":134,"column":27}},"99":{"start":{"line":135,"column":8},"end":{"line":139,"column":9}},"100":{"start":{"line":136,"column":12},"end":{"line":136,"column":27}},"101":{"start":{"line":138,"column":12},"end":{"line":138,"column":37}}},"fnMap":{"0":{"name":"conflict","decl":{"start":{"line":3,"column":9},"end":{"line":3,"column":17}},"loc":{"start":{"line":3,"column":24},"end":{"line":36,"column":1}},"line":3},"1":{"name":"loopOptional","decl":{"start":{"line":37,"column":9},"end":{"line":37,"column":21}},"loc":{"start":{"line":37,"column":27},"end":{"line":63,"column":1}},"line":37},"2":{"name":"loopMandatory","decl":{"start":{"line":64,"column":9},"end":{"line":64,"column":22}},"loc":{"start":{"line":64,"column":28},"end":{"line":88,"column":1}},"line":64},"3":{"name":"arrangeMandatory","decl":{"start":{"line":89,"column":9},"end":{"line":89,"column":25}},"loc":{"start":{"line":89,"column":27},"end":{"line":92,"column":1}},"line":89},"4":{"name":"arrangeOptional","decl":{"start":{"line":93,"column":9},"end":{"line":93,"column":24}},"loc":{"start":{"line":93,"column":27},"end":{"line":119,"column":1}},"line":93},"5":{"name":"(anonymous_5)","decl":{"start":{"line":113,"column":21},"end":{"line":113,"column":22}},"loc":{"start":{"line":113,"column":46},"end":{"line":113,"column":75}},"line":113},"6":{"name":"arrange","decl":{"start":{"line":120,"column":16},"end":{"line":120,"column":23}},"loc":{"start":{"line":120,"column":30},"end":{"line":141,"column":1}},"line":120}},"branchMap":{"0":{"loc":{"start":{"line":5,"column":4},"end":{"line":6,"column":21}},"type":"if","locations":[{"start":{"line":5,"column":4},"end":{"line":6,"column":21}},{"start":{"line":5,"column":4},"end":{"line":6,"column":21}}],"line":5},"1":{"loc":{"start":{"line":14,"column":13},"end":{"line":31,"column":17}},"type":"if","locations":[{"start":{"line":14,"column":13},"end":{"line":31,"column":17}},{"start":{"line":14,"column":13},"end":{"line":31,"column":17}}],"line":14},"2":{"loc":{"start":{"line":18,"column":16},"end":{"line":31,"column":17}},"type":"if","locations":[{"start":{"line":18,"column":16},"end":{"line":31,"column":17}},{"start":{"line":18,"column":16},"end":{"line":31,"column":17}}],"line":18},"3":{"loc":{"start":{"line":18,"column":20},"end":{"line":18,"column":98}},"type":"binary-expr","locations":[{"start":{"line":18,"column":20},"end":{"line":18,"column":57}},{"start":{"line":18,"column":60},"end":{"line":18,"column":98}}],"line":18},"4":{"loc":{"start":{"line":22,"column":21},"end":{"line":31,"column":17}},"type":"if","locations":[{"start":{"line":22,"column":21},"end":{"line":31,"column":17}},{"start":{"line":22,"column":21},"end":{"line":31,"column":17}}],"line":22},"5":{"loc":{"start":{"line":22,"column":24},"end":{"line":22,"column":105}},"type":"binary-expr","locations":[{"start":{"line":22,"column":24},"end":{"line":22,"column":63}},{"start":{"line":22,"column":65},"end":{"line":22,"column":105}}],"line":22},"6":{"loc":{"start":{"line":27,"column":20},"end":{"line":30,"column":21}},"type":"if","locations":[{"start":{"line":27,"column":20},"end":{"line":30,"column":21}},{"start":{"line":27,"column":20},"end":{"line":30,"column":21}}],"line":27},"7":{"loc":{"start":{"line":27,"column":23},"end":{"line":27,"column":134}},"type":"binary-expr","locations":[{"start":{"line":27,"column":23},"end":{"line":27,"column":54}},{"start":{"line":27,"column":58},"end":{"line":27,"column":84}},{"start":{"line":27,"column":88},"end":{"line":27,"column":134}}],"line":27},"8":{"loc":{"start":{"line":38,"column":4},"end":{"line":51,"column":5}},"type":"if","locations":[{"start":{"line":38,"column":4},"end":{"line":51,"column":5}},{"start":{"line":38,"column":4},"end":{"line":51,"column":5}}],"line":38},"9":{"loc":{"start":{"line":39,"column":8},"end":{"line":49,"column":9}},"type":"if","locations":[{"start":{"line":39,"column":8},"end":{"line":49,"column":9}},{"start":{"line":39,"column":8},"end":{"line":49,"column":9}}],"line":39},"10":{"loc":{"start":{"line":39,"column":11},"end":{"line":39,"column":69}},"type":"binary-expr","locations":[{"start":{"line":39,"column":11},"end":{"line":39,"column":44}},{"start":{"line":39,"column":49},"end":{"line":39,"column":69}}],"line":39},"11":{"loc":{"start":{"line":46,"column":12},"end":{"line":48,"column":13}},"type":"if","locations":[{"start":{"line":46,"column":12},"end":{"line":48,"column":13}},{"start":{"line":46,"column":12},"end":{"line":48,"column":13}}],"line":46},"12":{"loc":{"start":{"line":55,"column":8},"end":{"line":59,"column":9}},"type":"if","locations":[{"start":{"line":55,"column":8},"end":{"line":59,"column":9}},{"start":{"line":55,"column":8},"end":{"line":59,"column":9}}],"line":55},"13":{"loc":{"start":{"line":65,"column":4},"end":{"line":76,"column":5}},"type":"if","locations":[{"start":{"line":65,"column":4},"end":{"line":76,"column":5}},{"start":{"line":65,"column":4},"end":{"line":76,"column":5}}],"line":65},"14":{"loc":{"start":{"line":66,"column":8},"end":{"line":74,"column":9}},"type":"if","locations":[{"start":{"line":66,"column":8},"end":{"line":74,"column":9}},{"start":{"line":66,"column":8},"end":{"line":74,"column":9}}],"line":66},"15":{"loc":{"start":{"line":80,"column":8},"end":{"line":85,"column":9}},"type":"if","locations":[{"start":{"line":80,"column":8},"end":{"line":85,"column":9}},{"start":{"line":80,"column":8},"end":{"line":85,"column":9}}],"line":80},"16":{"loc":{"start":{"line":95,"column":4},"end":{"line":107,"column":5}},"type":"if","locations":[{"start":{"line":95,"column":4},"end":{"line":107,"column":5}},{"start":{"line":95,"column":4},"end":{"line":107,"column":5}}],"line":95},"17":{"loc":{"start":{"line":100,"column":8},"end":{"line":106,"column":13}},"type":"if","locations":[{"start":{"line":100,"column":8},"end":{"line":106,"column":13}},{"start":{"line":100,"column":8},"end":{"line":106,"column":13}}],"line":100},"18":{"loc":{"start":{"line":124,"column":8},"end":{"line":128,"column":35}},"type":"if","locations":[{"start":{"line":124,"column":8},"end":{"line":128,"column":35}},{"start":{"line":124,"column":8},"end":{"line":128,"column":35}}],"line":124},"19":{"loc":{"start":{"line":130,"column":4},"end":{"line":140,"column":5}},"type":"if","locations":[{"start":{"line":130,"column":4},"end":{"line":140,"column":5}},{"start":{"line":130,"column":4},"end":{"line":140,"column":5}}],"line":130},"20":{"loc":{"start":{"line":135,"column":8},"end":{"line":139,"column":9}},"type":"if","locations":[{"start":{"line":135,"column":8},"end":{"line":139,"column":9}},{"start":{"line":135,"column":8},"end":{"line":139,"column":9}}],"line":135}},"s":{"0":2,"1":2,"2":2,"3":2,"4":2,"5":2,"6":903,"7":124,"8":779,"9":779,"10":779,"11":2153,"12":2153,"13":2153,"14":3207,"15":3207,"16":3436,"17":2493,"18":943,"19":874,"20":69,"21":1,"22":68,"23":68,"24":711,"25":1724,"26":1674,"27":1674,"28":1674,"29":1674,"30":4920,"31":4920,"32":1674,"33":1563,"34":1674,"35":50,"36":50,"37":50,"38":50,"39":893,"40":827,"41":827,"42":827,"43":893,"44":50,"45":12,"46":2,"47":2,"48":2,"49":2,"50":6,"51":6,"52":2,"53":2,"54":10,"55":10,"56":10,"57":10,"58":10,"59":8,"60":8,"61":8,"62":8,"63":10,"64":4,"65":4,"66":6,"67":6,"68":2,"69":4,"70":4,"71":3,"72":1,"73":1,"74":1,"75":1,"76":4,"77":4,"78":4,"79":4,"80":1563,"81":1563,"82":4,"83":1563,"84":4,"85":4,"86":464,"87":464,"88":4,"89":8,"90":8,"91":8,"92":8,"93":20,"94":10,"95":10,"96":8,"97":4,"98":4,"99":4,"100":2,"101":2},"f":{"0":903,"1":1724,"2":12,"3":4,"4":6,"5":1563,"6":8},"b":{"0":[124,779],"1":[2493,943],"2":[874,69],"3":[943,725],"4":[1,68],"5":[69,68],"6":[68,0],"7":[68,0,0],"8":[1674,50],"9":[1674,0],"10":[1674,1674],"11":[1563,111],"12":[827,66],"13":[2,10],"14":[2,0],"15":[8,2],"16":[2,4],"17":[3,1],"18":[10,10],"19":[4,4],"20":[2,2]},"_coverageSchema":"43e27e138ebf9cfc5966b082cf9a028302ed4184","hash":"d77529ca85e3f614b06efc8a1f6aa3f6506e30b3"}
}
