TN:
SF:/Users/liuzhengwei/Yoke/Code/frontend/public/images/bg.png
FNF:0
FNH:0
DA:1,1
LF:1
LH:1
BRF:0
BRH:0
end_of_record
TN:
SF:/Users/liuzhengwei/Yoke/Code/frontend/src/Global.js
FNF:0
FNH:0
DA:4,2
DA:12,2
DA:13,2
LF:3
LH:3
BRF:0
BRH:0
end_of_record
TN:
SF:/Users/liuzhengwei/Yoke/Code/frontend/src/components/CourseList.js
FN:15,(anonymous_0)
FN:22,(anonymous_1)
FN:28,(anonymous_2)
FN:33,(anonymous_3)
FN:44,(anonymous_4)
FN:90,(anonymous_5)
FNF:6
FNH:6
FNDA:4,(anonymous_0)
FNDA:1,(anonymous_1)
FNDA:4,(anonymous_2)
FNDA:31,(anonymous_3)
FNDA:1,(anonymous_4)
FNDA:33,(anonymous_5)
DA:15,2
DA:16,4
DA:22,4
DA:23,1
DA:29,4
DA:34,31
DA:44,1
DA:90,33
DA:97,2
LF:9
LH:9
BRDA:83,0,0,3
BRDA:83,0,1,28
BRF:2
BRH:2
end_of_record
TN:
SF:/Users/liuzhengwei/Yoke/Code/frontend/src/components/Drawer.js
FN:33,(anonymous_0)
FN:37,(anonymous_1)
FN:40,(anonymous_2)
FN:54,(anonymous_3)
FN:59,(anonymous_4)
FN:64,(anonymous_5)
FNF:6
FNH:6
FNDA:3,(anonymous_0)
FNDA:4,(anonymous_1)
FNDA:1,(anonymous_2)
FNDA:1,(anonymous_3)
FNDA:1,(anonymous_4)
FNDA:1,(anonymous_5)
DA:7,4
DA:33,4
DA:34,3
DA:41,4
DA:43,4
DA:45,4
DA:54,1
DA:59,1
DA:64,1
LF:9
LH:9
BRDA:39,0,0,3
BRDA:40,1,0,3
BRF:2
BRH:2
end_of_record
TN:
SF:/Users/liuzhengwei/Yoke/Code/frontend/src/components/FilterItem.js
FN:17,(anonymous_0)
FN:23,(anonymous_1)
FN:29,(anonymous_2)
FN:47,(anonymous_3)
FN:67,(anonymous_4)
FN:76,(anonymous_5)
FNF:6
FNH:6
FNDA:9,(anonymous_0)
FNDA:1,(anonymous_1)
FNDA:1,(anonymous_2)
FNDA:11,(anonymous_3)
FNDA:46,(anonymous_4)
FNDA:1,(anonymous_5)
DA:12,9
DA:18,9
DA:19,42
DA:23,9
DA:24,1
DA:29,9
DA:30,1
DA:31,4
DA:32,1
DA:33,1
DA:38,1
DA:39,1
DA:40,1
DA:41,4
DA:42,1
DA:44,1
DA:48,11
DA:49,11
DA:51,11
DA:68,46
DA:76,1
DA:89,3
LF:22
LH:22
BRDA:31,0,0,1
BRDA:31,0,1,3
BRDA:41,1,0,1
BRDA:41,1,1,3
BRDA:60,2,0,10
BRDA:60,2,1,1
BRDA:65,3,0,11
BRDA:65,3,1,10
BRDA:74,4,0,1
BRDA:74,4,1,45
BRDA:77,5,0,1
BRDA:77,5,1,45
BRDA:78,6,0,1
BRDA:78,6,1,45
BRF:14
BRH:14
end_of_record
TN:
SF:/Users/liuzhengwei/Yoke/Code/frontend/src/components/ListItem.js
FN:11,(anonymous_0)
FN:15,(anonymous_1)
FNF:2
FNH:1
FNDA:5,(anonymous_0)
FNDA:0,(anonymous_1)
DA:16,5
DA:18,5
DA:41,2
LF:3
LH:3
BRDA:13,0,0,1
BRDA:14,1,0,1
BRDA:15,2,0,2
BRF:3
BRH:3
end_of_record
TN:
SF:/Users/liuzhengwei/Yoke/Code/frontend/src/components/Loading.js
FN:11,(anonymous_0)
FNF:1
FNH:1
FNDA:2,(anonymous_0)
DA:12,2
DA:13,2
DA:32,2
LF:3
LH:3
BRDA:12,0,0,1
BRF:1
BRH:1
end_of_record
TN:
SF:/Users/liuzhengwei/Yoke/Code/frontend/src/components/SearchBox.js
FN:16,(anonymous_0)
FN:20,(anonymous_1)
FN:22,(anonymous_2)
FN:53,(anonymous_3)
FNF:4
FNH:1
FNDA:0,(anonymous_0)
FNDA:1,(anonymous_1)
FNDA:0,(anonymous_2)
FNDA:0,(anonymous_3)
DA:12,1
DA:16,1
DA:17,0
DA:23,1
DA:25,1
DA:53,0
DA:61,1
LF:7
LH:5
BRDA:22,0,0,0
BRF:1
BRH:0
end_of_record
TN:
SF:/Users/liuzhengwei/Yoke/Code/frontend/src/components/ShadowedTitle.js
FN:5,(anonymous_0)
FNF:1
FNH:1
FNDA:1,(anonymous_0)
DA:5,3
DA:6,1
DA:16,3
LF:3
LH:3
BRF:0
BRH:0
end_of_record
TN:
SF:/Users/liuzhengwei/Yoke/Code/frontend/src/components/UnshadowedTitle.js
FN:5,(anonymous_0)
FNF:1
FNH:1
FNDA:6,(anonymous_0)
DA:5,3
DA:6,6
DA:19,3
LF:3
LH:3
BRF:0
BRH:0
end_of_record
TN:
SF:/Users/liuzhengwei/Yoke/Code/frontend/src/pages/Classes.js
FN:15,(anonymous_0)
FN:20,(anonymous_1)
FN:28,(anonymous_2)
FN:34,(anonymous_3)
FN:37,(anonymous_4)
FN:44,(anonymous_5)
FN:47,(anonymous_6)
FN:53,(anonymous_7)
FN:58,(anonymous_8)
FN:104,(anonymous_9)
FN:107,(anonymous_10)
FNF:11
FNH:4
FNDA:1,(anonymous_0)
FNDA:0,(anonymous_1)
FNDA:0,(anonymous_2)
FNDA:0,(anonymous_3)
FNDA:0,(anonymous_4)
FNDA:1,(anonymous_5)
FNDA:0,(anonymous_6)
FNDA:0,(anonymous_7)
FNDA:1,(anonymous_8)
FNDA:7,(anonymous_9)
FNDA:0,(anonymous_10)
DA:10,1
DA:16,1
DA:20,1
DA:21,0
DA:22,0
DA:29,0
DA:32,0
DA:35,0
DA:38,0
DA:41,0
DA:44,1
DA:45,1
DA:49,0
DA:50,0
DA:54,0
DA:59,1
DA:105,7
DA:108,0
DA:131,1
LF:19
LH:8
BRDA:111,0,0,0
BRDA:111,0,1,0
BRF:2
BRH:0
end_of_record
TN:
SF:/Users/liuzhengwei/Yoke/Code/frontend/src/pages/Courses.js
FN:17,(anonymous_0)
FN:19,(anonymous_1)
FN:21,(anonymous_2)
FN:37,(anonymous_3)
FN:45,(anonymous_4)
FN:71,(anonymous_5)
FN:73,(anonymous_6)
FN:79,(anonymous_7)
FN:86,(anonymous_8)
FN:92,(anonymous_9)
FN:98,(anonymous_10)
FN:121,(anonymous_11)
FN:129,(anonymous_12)
FNF:13
FNH:3
FNDA:1,(anonymous_0)
FNDA:1,(anonymous_1)
FNDA:0,(anonymous_2)
FNDA:0,(anonymous_3)
FNDA:0,(anonymous_4)
FNDA:0,(anonymous_5)
FNDA:0,(anonymous_6)
FNDA:0,(anonymous_7)
FNDA:0,(anonymous_8)
FNDA:0,(anonymous_9)
FNDA:1,(anonymous_10)
FNDA:0,(anonymous_11)
FNDA:0,(anonymous_12)
DA:17,1
DA:19,1
DA:20,1
DA:22,0
DA:28,1
DA:37,1
DA:38,0
DA:39,0
DA:40,0
DA:42,0
DA:45,1
DA:46,0
DA:48,0
DA:54,0
DA:55,0
DA:56,0
DA:57,0
DA:59,0
DA:60,0
DA:61,0
DA:62,0
DA:64,0
DA:65,0
DA:66,0
DA:67,0
DA:69,0
DA:71,0
DA:72,0
DA:74,0
DA:79,1
DA:80,0
DA:86,1
DA:87,0
DA:92,1
DA:93,0
DA:99,1
DA:121,0
DA:129,0
DA:136,1
LF:39
LH:11
BRDA:39,0,0,0
BRDA:39,0,1,0
BRDA:46,1,0,0
BRDA:46,1,1,0
BRDA:46,2,0,0
BRDA:46,2,1,0
BRDA:56,3,0,0
BRDA:56,3,1,0
BRDA:61,4,0,0
BRDA:61,4,1,0
BRDA:66,5,0,0
BRDA:66,5,1,0
BRF:12
BRH:0
end_of_record
TN:
SF:/Users/liuzhengwei/Yoke/Code/frontend/src/pages/Detail.js
FN:9,(anonymous_0)
FN:18,(anonymous_1)
FN:33,(anonymous_2)
FN:74,(anonymous_3)
FN:75,(anonymous_4)
FN:80,(anonymous_5)
FN:87,(anonymous_6)
FN:133,(anonymous_7)
FN:138,(anonymous_8)
FN:145,(anonymous_9)
FN:149,(anonymous_10)
FN:151,(anonymous_11)
FN:157,(anonymous_12)
FNF:13
FNH:4
FNDA:5,(anonymous_0)
FNDA:0,(anonymous_1)
FNDA:1,(anonymous_2)
FNDA:0,(anonymous_3)
FNDA:0,(anonymous_4)
FNDA:0,(anonymous_5)
FNDA:0,(anonymous_6)
FNDA:0,(anonymous_7)
FNDA:0,(anonymous_8)
FNDA:1,(anonymous_9)
FNDA:0,(anonymous_10)
FNDA:0,(anonymous_11)
FNDA:1,(anonymous_12)
DA:9,3
DA:10,5
DA:18,3
DA:19,0
DA:25,3
DA:26,3
DA:34,1
DA:35,1
DA:36,1
DA:74,0
DA:76,0
DA:81,0
DA:87,0
DA:129,1
DA:133,3
DA:138,1
DA:139,0
DA:146,1
DA:147,1
DA:150,0
DA:152,0
DA:153,0
DA:158,1
DA:169,3
LF:24
LH:15
BRDA:68,0,0,0
BRDA:68,0,1,1
BRF:2
BRH:1
end_of_record
TN:
SF:/Users/liuzhengwei/Yoke/Code/frontend/src/pages/Home.js
FN:5,(anonymous_0)
FNF:1
FNH:1
FNDA:1,(anonymous_0)
DA:6,1
LF:1
LH:1
BRF:0
BRH:0
end_of_record
TN:
SF:/Users/liuzhengwei/Yoke/Code/frontend/src/pages/Login.js
FN:18,(anonymous_0)
FN:22,(anonymous_1)
FN:24,(anonymous_2)
FN:27,(anonymous_3)
FN:30,(anonymous_4)
FN:33,(anonymous_5)
FN:50,(anonymous_6)
FN:51,(anonymous_7)
FN:59,(anonymous_8)
FN:62,(anonymous_9)
FN:65,(anonymous_10)
FN:70,(anonymous_11)
FN:75,(anonymous_12)
FN:78,(anonymous_13)
FN:84,(anonymous_14)
FN:88,(anonymous_15)
FN:89,(anonymous_16)
FN:93,(anonymous_17)
FN:96,(anonymous_18)
FN:106,(anonymous_19)
FNF:20
FNH:6
FNDA:1,(anonymous_0)
FNDA:1,(anonymous_1)
FNDA:0,(anonymous_2)
FNDA:0,(anonymous_3)
FNDA:0,(anonymous_4)
FNDA:0,(anonymous_5)
FNDA:1,(anonymous_6)
FNDA:1,(anonymous_7)
FNDA:1,(anonymous_8)
FNDA:0,(anonymous_9)
FNDA:0,(anonymous_10)
FNDA:0,(anonymous_11)
FNDA:0,(anonymous_12)
FNDA:0,(anonymous_13)
FNDA:0,(anonymous_14)
FNDA:0,(anonymous_15)
FNDA:0,(anonymous_16)
FNDA:0,(anonymous_17)
FNDA:0,(anonymous_18)
FNDA:1,(anonymous_19)
DA:18,1
DA:22,1
DA:23,1
DA:25,0
DA:28,0
DA:31,0
DA:34,0
DA:42,1
DA:46,1
DA:51,1
DA:52,1
DA:53,1
DA:54,0
DA:60,1
DA:63,0
DA:64,0
DA:66,0
DA:70,1
DA:71,0
DA:72,0
DA:75,0
DA:78,1
DA:79,0
DA:82,0
DA:84,0
DA:85,0
DA:89,0
DA:90,0
DA:91,0
DA:92,0
DA:94,0
DA:95,0
DA:97,0
DA:98,0
DA:100,0
DA:102,0
DA:103,0
DA:107,1
DA:129,1
LF:39
LH:13
BRDA:53,0,0,0
BRDA:53,0,1,1
BRDA:53,1,0,1
BRDA:53,1,1,1
BRF:4
BRH:3
end_of_record
TN:
SF:/Users/liuzhengwei/Yoke/Code/frontend/src/pages/Profile.js
FN:14,(anonymous_0)
FN:20,(anonymous_1)
FN:22,(anonymous_2)
FN:29,(anonymous_3)
FN:32,(anonymous_4)
FN:35,(anonymous_5)
FN:39,(anonymous_6)
FN:42,(anonymous_7)
FNF:8
FNH:3
FNDA:1,(anonymous_0)
FNDA:1,(anonymous_1)
FNDA:0,(anonymous_2)
FNDA:0,(anonymous_3)
FNDA:0,(anonymous_4)
FNDA:0,(anonymous_5)
FNDA:0,(anonymous_6)
FNDA:1,(anonymous_7)
DA:14,1
DA:15,1
DA:20,1
DA:21,1
DA:23,0
DA:29,1
DA:30,0
DA:33,0
DA:34,0
DA:36,0
DA:39,1
DA:40,0
DA:43,1
DA:45,1
DA:94,1
LF:15
LH:9
BRDA:63,0,0,1
BRDA:63,0,1,0
BRDA:64,1,0,1
BRDA:64,1,1,0
BRDA:65,2,0,1
BRDA:65,2,1,0
BRDA:66,3,0,1
BRDA:66,3,1,0
BRF:8
BRH:4
end_of_record
TN:
SF:/Users/liuzhengwei/Yoke/Code/frontend/src/redux/actions.js
FN:8,(anonymous_0)
FN:13,(anonymous_1)
FN:18,(anonymous_2)
FN:22,(anonymous_3)
FN:26,(anonymous_4)
FN:29,(anonymous_5)
FNF:6
FNH:0
FNDA:0,(anonymous_0)
FNDA:0,(anonymous_1)
FNDA:0,(anonymous_2)
FNDA:0,(anonymous_3)
FNDA:0,(anonymous_4)
FNDA:0,(anonymous_5)
DA:1,5
DA:2,5
DA:3,5
DA:5,5
DA:6,5
DA:7,5
DA:8,5
DA:13,5
DA:18,5
DA:22,5
DA:26,5
DA:29,5
LF:12
LH:12
BRF:0
BRH:0
end_of_record
TN:
SF:/Users/liuzhengwei/Yoke/Code/frontend/src/redux/reducers.js
FN:13,userInfoReducer
FN:33,courseReducer
FN:43,loginStateReducer
FNF:3
FNH:3
FNDA:16,userInfoReducer
FNDA:16,courseReducer
FNDA:16,loginStateReducer
DA:14,16
DA:16,0
DA:20,0
DA:21,0
DA:23,0
DA:24,0
DA:26,0
DA:27,0
DA:29,16
DA:34,16
DA:36,0
DA:37,0
DA:39,16
DA:44,16
DA:46,0
DA:48,0
DA:50,16
DA:54,5
LF:18
LH:7
BRDA:13,0,0,11
BRDA:14,1,0,0
BRDA:14,1,1,0
BRDA:14,1,2,0
BRDA:14,1,3,16
BRDA:33,2,0,10
BRDA:34,3,0,0
BRDA:34,3,1,16
BRDA:43,4,0,12
BRDA:44,5,0,0
BRDA:44,5,1,0
BRDA:44,5,2,16
BRF:12
BRH:6
end_of_record
TN:
SF:/Users/liuzhengwei/Yoke/Code/frontend/src/redux/state.js
FNF:0
FNH:0
DA:1,5
DA:7,5
LF:2
LH:2
BRF:0
BRH:0
end_of_record
TN:
SF:/Users/liuzhengwei/Yoke/Code/frontend/src/utils/ClassLogics.js
FN:1,getWeekClassTable
FN:13,(anonymous_1)
FNF:2
FNH:2
FNDA:1,getWeekClassTable
FNDA:47,(anonymous_1)
DA:3,1
DA:4,1
DA:5,9
DA:6,378
DA:7,22
DA:11,1
DA:12,1
DA:13,47
DA:14,7
DA:15,7
DA:19,7
DA:20,7
DA:21,22
DA:22,10
DA:23,4
DA:27,10
DA:28,10
DA:32,10
DA:34,12
DA:37,7
DA:38,7
DA:42,7
DA:44,1
DA:45,1
LF:24
LH:24
BRDA:6,0,0,22
BRDA:6,0,1,356
BRDA:13,1,0,32
BRDA:13,1,1,15
BRDA:21,2,0,10
BRDA:21,2,1,12
BRDA:22,3,0,4
BRDA:22,3,1,6
BRDA:37,4,0,7
BRDA:37,4,1,0
BRF:10
BRH:9
end_of_record
TN:
SF:/Users/liuzhengwei/Yoke/Code/frontend/src/utils/ErrorAlert.js
FN:4,EmitError
FN:9,(anonymous_1)
FNF:2
FNH:1
FNDA:1,EmitError
FNDA:0,(anonymous_1)
DA:5,1
DA:9,0
LF:2
LH:1
BRF:0
BRH:0
end_of_record
TN:
SF:/Users/liuzhengwei/Yoke/Code/frontend/src/utils/LocalStorage.js
FN:6,loadData
FN:15,saveData
FNF:2
FNH:2
FNDA:1,loadData
FNDA:1,saveData
DA:7,1
DA:8,1
DA:16,1
DA:17,1
DA:22,6
LF:5
LH:5
BRDA:7,0,0,1
BRDA:7,1,0,1
BRF:2
BRH:2
end_of_record
